[2024-04-30 11:27:12.846 -ERROR] o.a.d.c.r.GlobalResourcesRepository      : [DUBBO] Creating global shared handler ..., dubbo version: 3.2.0-beta.3, current host: 10.96.54.43
[2024-04-30 11:27:20.002 -ERROR] o.apache.dubbo.config.ReferenceConfig    : [DUBBO] No provider available., dubbo version: 3.2.0-beta.3, current host: 10.96.54.43, error code: 2-2. This may be caused by provider not started, go to https://dubbo.apache.org/faq/2/2 to find instructions. 
java.lang.IllegalStateException: Failed to check the status of the service org.liyu.live.gift.interfaces.IShopCarRPC. No provider available for the service org.liyu.live.gift.interfaces.IShopCarRPC from the url consumer://10.96.54.43/org.liyu.live.gift.interfaces.IShopCarRPC?application=liyu-live-api&background=false&dubbo=2.0.2&executor-management-mode=default&file.cache=true&interface=org.liyu.live.gift.interfaces.IShopCarRPC&methods=addCar,clearShopCar,getCarInfo,removeFromCar&pid=7164&qos.enable=false&register.ip=10.96.54.43&release=3.2.0-beta.3&side=consumer&sticky=false&timestamp=1714447639736&unloadClusterRelated=false to the consumer 10.96.54.43 use dubbo version 3.2.0-beta.3
	at org.apache.dubbo.config.ReferenceConfig.checkInvokerAvailable(ReferenceConfig.java:659)
	at org.apache.dubbo.config.ReferenceConfig.init(ReferenceConfig.java:306)
	at org.apache.dubbo.config.ReferenceConfig.get(ReferenceConfig.java:231)
	at org.apache.dubbo.config.utils.SimpleReferenceCache.get(SimpleReferenceCache.java:131)
	at org.apache.dubbo.config.deploy.DefaultModuleDeployer.lambda$referServices$6(DefaultModuleDeployer.java:396)
	at java.base/java.util.concurrent.ConcurrentHashMap$ValuesView.forEach(ConcurrentHashMap.java:4780)
	at org.apache.dubbo.config.deploy.DefaultModuleDeployer.referServices(DefaultModuleDeployer.java:376)
	at org.apache.dubbo.config.deploy.DefaultModuleDeployer.startSync(DefaultModuleDeployer.java:167)
	at org.apache.dubbo.config.deploy.DefaultModuleDeployer.start(DefaultModuleDeployer.java:139)
	at org.apache.dubbo.config.spring.context.DubboDeployApplicationListener.onContextRefreshedEvent(DubboDeployApplicationListener.java:113)
	at org.apache.dubbo.config.spring.context.DubboDeployApplicationListener.onApplicationEvent(DubboDeployApplicationListener.java:102)
	at org.apache.dubbo.config.spring.context.DubboDeployApplicationListener.onApplicationEvent(DubboDeployApplicationListener.java:47)
	at org.springframework.context.event.SimpleApplicationEventMulticaster.doInvokeListener(SimpleApplicationEventMulticaster.java:176)
	at org.springframework.context.event.SimpleApplicationEventMulticaster.invokeListener(SimpleApplicationEventMulticaster.java:169)
	at org.springframework.context.event.SimpleApplicationEventMulticaster.multicastEvent(SimpleApplicationEventMulticaster.java:143)
	at org.springframework.context.support.AbstractApplicationContext.publishEvent(AbstractApplicationContext.java:413)
	at org.springframework.context.support.AbstractApplicationContext.publishEvent(AbstractApplicationContext.java:370)
	at org.springframework.context.support.AbstractApplicationContext.finishRefresh(AbstractApplicationContext.java:937)
	at org.springframework.context.support.AbstractApplicationContext.refresh(AbstractApplicationContext.java:587)
	at org.springframework.boot.web.servlet.context.ServletWebServerApplicationContext.refresh(ServletWebServerApplicationContext.java:146)
	at org.springframework.boot.SpringApplication.refresh(SpringApplication.java:732)
	at org.springframework.boot.SpringApplication.refreshContext(SpringApplication.java:434)
	at org.springframework.boot.SpringApplication.run(SpringApplication.java:310)
	at org.liyu.live.api.ApiWebApplication.main(ApiWebApplication.java:20)
[2024-04-30 11:27:20.057 -ERROR] o.apache.dubbo.config.ReferenceConfig    : [DUBBO] No provider available., dubbo version: 3.2.0-beta.3, current host: 10.96.54.43, error code: 2-2. This may be caused by server crashed, go to https://dubbo.apache.org/faq/2/2 to find instructions. 
java.lang.IllegalStateException: Failed to check the status of the service org.liyu.live.gift.interfaces.IShopCarRPC. No provider available for the service org.liyu.live.gift.interfaces.IShopCarRPC from the url consumer://10.96.54.43/org.liyu.live.gift.interfaces.IShopCarRPC?application=liyu-live-api&background=false&dubbo=2.0.2&executor-management-mode=default&file.cache=true&interface=org.liyu.live.gift.interfaces.IShopCarRPC&methods=addCar,clearShopCar,getCarInfo,removeFromCar&pid=7164&qos.enable=false&register.ip=10.96.54.43&release=3.2.0-beta.3&side=consumer&sticky=false&timestamp=1714447639736&unloadClusterRelated=false to the consumer 10.96.54.43 use dubbo version 3.2.0-beta.3
	at org.apache.dubbo.config.ReferenceConfig.checkInvokerAvailable(ReferenceConfig.java:659)
	at org.apache.dubbo.config.ReferenceConfig.init(ReferenceConfig.java:306)
	at org.apache.dubbo.config.ReferenceConfig.get(ReferenceConfig.java:231)
	at org.apache.dubbo.config.utils.SimpleReferenceCache.get(SimpleReferenceCache.java:131)
	at org.apache.dubbo.config.deploy.DefaultModuleDeployer.lambda$referServices$6(DefaultModuleDeployer.java:396)
	at java.base/java.util.concurrent.ConcurrentHashMap$ValuesView.forEach(ConcurrentHashMap.java:4780)
	at org.apache.dubbo.config.deploy.DefaultModuleDeployer.referServices(DefaultModuleDeployer.java:376)
	at org.apache.dubbo.config.deploy.DefaultModuleDeployer.startSync(DefaultModuleDeployer.java:167)
	at org.apache.dubbo.config.deploy.DefaultModuleDeployer.start(DefaultModuleDeployer.java:139)
	at org.apache.dubbo.config.spring.context.DubboDeployApplicationListener.onContextRefreshedEvent(DubboDeployApplicationListener.java:113)
	at org.apache.dubbo.config.spring.context.DubboDeployApplicationListener.onApplicationEvent(DubboDeployApplicationListener.java:102)
	at org.apache.dubbo.config.spring.context.DubboDeployApplicationListener.onApplicationEvent(DubboDeployApplicationListener.java:47)
	at org.springframework.context.event.SimpleApplicationEventMulticaster.doInvokeListener(SimpleApplicationEventMulticaster.java:176)
	at org.springframework.context.event.SimpleApplicationEventMulticaster.invokeListener(SimpleApplicationEventMulticaster.java:169)
	at org.springframework.context.event.SimpleApplicationEventMulticaster.multicastEvent(SimpleApplicationEventMulticaster.java:143)
	at org.springframework.context.support.AbstractApplicationContext.publishEvent(AbstractApplicationContext.java:413)
	at org.springframework.context.support.AbstractApplicationContext.publishEvent(AbstractApplicationContext.java:370)
	at org.springframework.context.support.AbstractApplicationContext.finishRefresh(AbstractApplicationContext.java:937)
	at org.springframework.context.support.AbstractApplicationContext.refresh(AbstractApplicationContext.java:587)
	at org.springframework.boot.web.servlet.context.ServletWebServerApplicationContext.refresh(ServletWebServerApplicationContext.java:146)
	at org.springframework.boot.SpringApplication.refresh(SpringApplication.java:732)
	at org.springframework.boot.SpringApplication.refreshContext(SpringApplication.java:434)
	at org.springframework.boot.SpringApplication.run(SpringApplication.java:310)
	at org.liyu.live.api.ApiWebApplication.main(ApiWebApplication.java:20)
[2024-04-30 11:27:20.058 -ERROR] o.a.d.c.deploy.DefaultModuleDeployer     : [DUBBO] Model reference failed: Dubbo Module[1.1.1] , catch error : Failed to check the status of the service org.liyu.live.gift.interfaces.IShopCarRPC. No provider available for the service org.liyu.live.gift.interfaces.IShopCarRPC from the url consumer://10.96.54.43/org.liyu.live.gift.interfaces.IShopCarRPC?application=liyu-live-api&background=false&dubbo=2.0.2&executor-management-mode=default&file.cache=true&interface=org.liyu.live.gift.interfaces.IShopCarRPC&methods=addCar,clearShopCar,getCarInfo,removeFromCar&pid=7164&qos.enable=false&register.ip=10.96.54.43&release=3.2.0-beta.3&side=consumer&sticky=false&timestamp=1714447639736&unloadClusterRelated=false to the consumer 10.96.54.43 use dubbo version 3.2.0-beta.3, dubbo version: 3.2.0-beta.3, current host: 10.96.54.43, error code: 5-15. This may be caused by , go to https://dubbo.apache.org/faq/5/15 to find instructions. 
java.lang.IllegalStateException: Failed to check the status of the service org.liyu.live.gift.interfaces.IShopCarRPC. No provider available for the service org.liyu.live.gift.interfaces.IShopCarRPC from the url consumer://10.96.54.43/org.liyu.live.gift.interfaces.IShopCarRPC?application=liyu-live-api&background=false&dubbo=2.0.2&executor-management-mode=default&file.cache=true&interface=org.liyu.live.gift.interfaces.IShopCarRPC&methods=addCar,clearShopCar,getCarInfo,removeFromCar&pid=7164&qos.enable=false&register.ip=10.96.54.43&release=3.2.0-beta.3&side=consumer&sticky=false&timestamp=1714447639736&unloadClusterRelated=false to the consumer 10.96.54.43 use dubbo version 3.2.0-beta.3
	at org.apache.dubbo.config.ReferenceConfig.checkInvokerAvailable(ReferenceConfig.java:659)
	at org.apache.dubbo.config.ReferenceConfig.init(ReferenceConfig.java:306)
	at org.apache.dubbo.config.ReferenceConfig.get(ReferenceConfig.java:231)
	at org.apache.dubbo.config.utils.SimpleReferenceCache.get(SimpleReferenceCache.java:131)
	at org.apache.dubbo.config.deploy.DefaultModuleDeployer.lambda$referServices$6(DefaultModuleDeployer.java:396)
	at java.base/java.util.concurrent.ConcurrentHashMap$ValuesView.forEach(ConcurrentHashMap.java:4780)
	at org.apache.dubbo.config.deploy.DefaultModuleDeployer.referServices(DefaultModuleDeployer.java:376)
	at org.apache.dubbo.config.deploy.DefaultModuleDeployer.startSync(DefaultModuleDeployer.java:167)
	at org.apache.dubbo.config.deploy.DefaultModuleDeployer.start(DefaultModuleDeployer.java:139)
	at org.apache.dubbo.config.spring.context.DubboDeployApplicationListener.onContextRefreshedEvent(DubboDeployApplicationListener.java:113)
	at org.apache.dubbo.config.spring.context.DubboDeployApplicationListener.onApplicationEvent(DubboDeployApplicationListener.java:102)
	at org.apache.dubbo.config.spring.context.DubboDeployApplicationListener.onApplicationEvent(DubboDeployApplicationListener.java:47)
	at org.springframework.context.event.SimpleApplicationEventMulticaster.doInvokeListener(SimpleApplicationEventMulticaster.java:176)
	at org.springframework.context.event.SimpleApplicationEventMulticaster.invokeListener(SimpleApplicationEventMulticaster.java:169)
	at org.springframework.context.event.SimpleApplicationEventMulticaster.multicastEvent(SimpleApplicationEventMulticaster.java:143)
	at org.springframework.context.support.AbstractApplicationContext.publishEvent(AbstractApplicationContext.java:413)
	at org.springframework.context.support.AbstractApplicationContext.publishEvent(AbstractApplicationContext.java:370)
	at org.springframework.context.support.AbstractApplicationContext.finishRefresh(AbstractApplicationContext.java:937)
	at org.springframework.context.support.AbstractApplicationContext.refresh(AbstractApplicationContext.java:587)
	at org.springframework.boot.web.servlet.context.ServletWebServerApplicationContext.refresh(ServletWebServerApplicationContext.java:146)
	at org.springframework.boot.SpringApplication.refresh(SpringApplication.java:732)
	at org.springframework.boot.SpringApplication.refreshContext(SpringApplication.java:434)
	at org.springframework.boot.SpringApplication.run(SpringApplication.java:310)
	at org.liyu.live.api.ApiWebApplication.main(ApiWebApplication.java:20)
[2024-04-30 11:27:20.393 -ERROR] o.apache.dubbo.config.ReferenceConfig    : [DUBBO] No provider available., dubbo version: 3.2.0-beta.3, current host: 10.96.54.43, error code: 2-2. This may be caused by provider not started, go to https://dubbo.apache.org/faq/2/2 to find instructions. 
java.lang.IllegalStateException: Failed to check the status of the service org.liyu.live.gift.interfaces.IShopCarRPC. No provider available for the service org.liyu.live.gift.interfaces.IShopCarRPC from the url consumer://10.96.54.43/org.liyu.live.gift.interfaces.IShopCarRPC?application=liyu-live-api&background=false&dubbo=2.0.2&executor-management-mode=default&file.cache=true&interface=org.liyu.live.gift.interfaces.IShopCarRPC&methods=addCar,clearShopCar,getCarInfo,removeFromCar&pid=7164&qos.enable=false&register.ip=10.96.54.43&release=3.2.0-beta.3&side=consumer&sticky=false&timestamp=1714447640058&unloadClusterRelated=false to the consumer 10.96.54.43 use dubbo version 3.2.0-beta.3
	at org.apache.dubbo.config.ReferenceConfig.checkInvokerAvailable(ReferenceConfig.java:659)
	at org.apache.dubbo.config.ReferenceConfig.init(ReferenceConfig.java:306)
	at org.apache.dubbo.config.ReferenceConfig.get(ReferenceConfig.java:231)
	at org.apache.dubbo.config.utils.SimpleReferenceCache.destroyReference(SimpleReferenceCache.java:264)
	at org.apache.dubbo.config.utils.SimpleReferenceCache.destroy(SimpleReferenceCache.java:217)
	at org.apache.dubbo.config.utils.SimpleReferenceCache.destroy(SimpleReferenceCache.java:241)
	at org.apache.dubbo.config.deploy.DefaultModuleDeployer.lambda$referServices$6(DefaultModuleDeployer.java:401)
	at java.base/java.util.concurrent.ConcurrentHashMap$ValuesView.forEach(ConcurrentHashMap.java:4780)
	at org.apache.dubbo.config.deploy.DefaultModuleDeployer.referServices(DefaultModuleDeployer.java:376)
	at org.apache.dubbo.config.deploy.DefaultModuleDeployer.startSync(DefaultModuleDeployer.java:167)
	at org.apache.dubbo.config.deploy.DefaultModuleDeployer.start(DefaultModuleDeployer.java:139)
	at org.apache.dubbo.config.spring.context.DubboDeployApplicationListener.onContextRefreshedEvent(DubboDeployApplicationListener.java:113)
	at org.apache.dubbo.config.spring.context.DubboDeployApplicationListener.onApplicationEvent(DubboDeployApplicationListener.java:102)
	at org.apache.dubbo.config.spring.context.DubboDeployApplicationListener.onApplicationEvent(DubboDeployApplicationListener.java:47)
	at org.springframework.context.event.SimpleApplicationEventMulticaster.doInvokeListener(SimpleApplicationEventMulticaster.java:176)
	at org.springframework.context.event.SimpleApplicationEventMulticaster.invokeListener(SimpleApplicationEventMulticaster.java:169)
	at org.springframework.context.event.SimpleApplicationEventMulticaster.multicastEvent(SimpleApplicationEventMulticaster.java:143)
	at org.springframework.context.support.AbstractApplicationContext.publishEvent(AbstractApplicationContext.java:413)
	at org.springframework.context.support.AbstractApplicationContext.publishEvent(AbstractApplicationContext.java:370)
	at org.springframework.context.support.AbstractApplicationContext.finishRefresh(AbstractApplicationContext.java:937)
	at org.springframework.context.support.AbstractApplicationContext.refresh(AbstractApplicationContext.java:587)
	at org.springframework.boot.web.servlet.context.ServletWebServerApplicationContext.refresh(ServletWebServerApplicationContext.java:146)
	at org.springframework.boot.SpringApplication.refresh(SpringApplication.java:732)
	at org.springframework.boot.SpringApplication.refreshContext(SpringApplication.java:434)
	at org.springframework.boot.SpringApplication.run(SpringApplication.java:310)
	at org.liyu.live.api.ApiWebApplication.main(ApiWebApplication.java:20)
[2024-04-30 11:27:20.417 -ERROR] o.apache.dubbo.config.ReferenceConfig    : [DUBBO] No provider available., dubbo version: 3.2.0-beta.3, current host: 10.96.54.43, error code: 2-2. This may be caused by server crashed, go to https://dubbo.apache.org/faq/2/2 to find instructions. 
java.lang.IllegalStateException: Failed to check the status of the service org.liyu.live.gift.interfaces.IShopCarRPC. No provider available for the service org.liyu.live.gift.interfaces.IShopCarRPC from the url consumer://10.96.54.43/org.liyu.live.gift.interfaces.IShopCarRPC?application=liyu-live-api&background=false&dubbo=2.0.2&executor-management-mode=default&file.cache=true&interface=org.liyu.live.gift.interfaces.IShopCarRPC&methods=addCar,clearShopCar,getCarInfo,removeFromCar&pid=7164&qos.enable=false&register.ip=10.96.54.43&release=3.2.0-beta.3&side=consumer&sticky=false&timestamp=1714447640058&unloadClusterRelated=false to the consumer 10.96.54.43 use dubbo version 3.2.0-beta.3
	at org.apache.dubbo.config.ReferenceConfig.checkInvokerAvailable(ReferenceConfig.java:659)
	at org.apache.dubbo.config.ReferenceConfig.init(ReferenceConfig.java:306)
	at org.apache.dubbo.config.ReferenceConfig.get(ReferenceConfig.java:231)
	at org.apache.dubbo.config.utils.SimpleReferenceCache.destroyReference(SimpleReferenceCache.java:264)
	at org.apache.dubbo.config.utils.SimpleReferenceCache.destroy(SimpleReferenceCache.java:217)
	at org.apache.dubbo.config.utils.SimpleReferenceCache.destroy(SimpleReferenceCache.java:241)
	at org.apache.dubbo.config.deploy.DefaultModuleDeployer.lambda$referServices$6(DefaultModuleDeployer.java:401)
	at java.base/java.util.concurrent.ConcurrentHashMap$ValuesView.forEach(ConcurrentHashMap.java:4780)
	at org.apache.dubbo.config.deploy.DefaultModuleDeployer.referServices(DefaultModuleDeployer.java:376)
	at org.apache.dubbo.config.deploy.DefaultModuleDeployer.startSync(DefaultModuleDeployer.java:167)
	at org.apache.dubbo.config.deploy.DefaultModuleDeployer.start(DefaultModuleDeployer.java:139)
	at org.apache.dubbo.config.spring.context.DubboDeployApplicationListener.onContextRefreshedEvent(DubboDeployApplicationListener.java:113)
	at org.apache.dubbo.config.spring.context.DubboDeployApplicationListener.onApplicationEvent(DubboDeployApplicationListener.java:102)
	at org.apache.dubbo.config.spring.context.DubboDeployApplicationListener.onApplicationEvent(DubboDeployApplicationListener.java:47)
	at org.springframework.context.event.SimpleApplicationEventMulticaster.doInvokeListener(SimpleApplicationEventMulticaster.java:176)
	at org.springframework.context.event.SimpleApplicationEventMulticaster.invokeListener(SimpleApplicationEventMulticaster.java:169)
	at org.springframework.context.event.SimpleApplicationEventMulticaster.multicastEvent(SimpleApplicationEventMulticaster.java:143)
	at org.springframework.context.support.AbstractApplicationContext.publishEvent(AbstractApplicationContext.java:413)
	at org.springframework.context.support.AbstractApplicationContext.publishEvent(AbstractApplicationContext.java:370)
	at org.springframework.context.support.AbstractApplicationContext.finishRefresh(AbstractApplicationContext.java:937)
	at org.springframework.context.support.AbstractApplicationContext.refresh(AbstractApplicationContext.java:587)
	at org.springframework.boot.web.servlet.context.ServletWebServerApplicationContext.refresh(ServletWebServerApplicationContext.java:146)
	at org.springframework.boot.SpringApplication.refresh(SpringApplication.java:732)
	at org.springframework.boot.SpringApplication.refreshContext(SpringApplication.java:434)
	at org.springframework.boot.SpringApplication.run(SpringApplication.java:310)
	at org.liyu.live.api.ApiWebApplication.main(ApiWebApplication.java:20)
[2024-04-30 11:27:20.418 -ERROR] o.a.d.c.deploy.DefaultModuleDeployer     : [DUBBO] Model start failed: Dubbo Module[1.1.1] start failed: java.lang.IllegalStateException: Failed to check the status of the service org.liyu.live.gift.interfaces.IShopCarRPC. No provider available for the service org.liyu.live.gift.interfaces.IShopCarRPC from the url consumer://10.96.54.43/org.liyu.live.gift.interfaces.IShopCarRPC?application=liyu-live-api&background=false&dubbo=2.0.2&executor-management-mode=default&file.cache=true&interface=org.liyu.live.gift.interfaces.IShopCarRPC&methods=addCar,clearShopCar,getCarInfo,removeFromCar&pid=7164&qos.enable=false&register.ip=10.96.54.43&release=3.2.0-beta.3&side=consumer&sticky=false&timestamp=1714447640058&unloadClusterRelated=false to the consumer 10.96.54.43 use dubbo version 3.2.0-beta.3, dubbo version: 3.2.0-beta.3, current host: 10.96.54.43, error code: 5-14. This may be caused by , go to https://dubbo.apache.org/faq/5/14 to find instructions. 
java.lang.IllegalStateException: Failed to check the status of the service org.liyu.live.gift.interfaces.IShopCarRPC. No provider available for the service org.liyu.live.gift.interfaces.IShopCarRPC from the url consumer://10.96.54.43/org.liyu.live.gift.interfaces.IShopCarRPC?application=liyu-live-api&background=false&dubbo=2.0.2&executor-management-mode=default&file.cache=true&interface=org.liyu.live.gift.interfaces.IShopCarRPC&methods=addCar,clearShopCar,getCarInfo,removeFromCar&pid=7164&qos.enable=false&register.ip=10.96.54.43&release=3.2.0-beta.3&side=consumer&sticky=false&timestamp=1714447640058&unloadClusterRelated=false to the consumer 10.96.54.43 use dubbo version 3.2.0-beta.3
	at org.apache.dubbo.config.ReferenceConfig.checkInvokerAvailable(ReferenceConfig.java:659)
	at org.apache.dubbo.config.ReferenceConfig.init(ReferenceConfig.java:306)
	at org.apache.dubbo.config.ReferenceConfig.get(ReferenceConfig.java:231)
	at org.apache.dubbo.config.utils.SimpleReferenceCache.destroyReference(SimpleReferenceCache.java:264)
	at org.apache.dubbo.config.utils.SimpleReferenceCache.destroy(SimpleReferenceCache.java:217)
	at org.apache.dubbo.config.utils.SimpleReferenceCache.destroy(SimpleReferenceCache.java:241)
	at org.apache.dubbo.config.deploy.DefaultModuleDeployer.lambda$referServices$6(DefaultModuleDeployer.java:401)
	at java.base/java.util.concurrent.ConcurrentHashMap$ValuesView.forEach(ConcurrentHashMap.java:4780)
	at org.apache.dubbo.config.deploy.DefaultModuleDeployer.referServices(DefaultModuleDeployer.java:376)
	at org.apache.dubbo.config.deploy.DefaultModuleDeployer.startSync(DefaultModuleDeployer.java:167)
	at org.apache.dubbo.config.deploy.DefaultModuleDeployer.start(DefaultModuleDeployer.java:139)
	at org.apache.dubbo.config.spring.context.DubboDeployApplicationListener.onContextRefreshedEvent(DubboDeployApplicationListener.java:113)
	at org.apache.dubbo.config.spring.context.DubboDeployApplicationListener.onApplicationEvent(DubboDeployApplicationListener.java:102)
	at org.apache.dubbo.config.spring.context.DubboDeployApplicationListener.onApplicationEvent(DubboDeployApplicationListener.java:47)
	at org.springframework.context.event.SimpleApplicationEventMulticaster.doInvokeListener(SimpleApplicationEventMulticaster.java:176)
	at org.springframework.context.event.SimpleApplicationEventMulticaster.invokeListener(SimpleApplicationEventMulticaster.java:169)
	at org.springframework.context.event.SimpleApplicationEventMulticaster.multicastEvent(SimpleApplicationEventMulticaster.java:143)
	at org.springframework.context.support.AbstractApplicationContext.publishEvent(AbstractApplicationContext.java:413)
	at org.springframework.context.support.AbstractApplicationContext.publishEvent(AbstractApplicationContext.java:370)
	at org.springframework.context.support.AbstractApplicationContext.finishRefresh(AbstractApplicationContext.java:937)
	at org.springframework.context.support.AbstractApplicationContext.refresh(AbstractApplicationContext.java:587)
	at org.springframework.boot.web.servlet.context.ServletWebServerApplicationContext.refresh(ServletWebServerApplicationContext.java:146)
	at org.springframework.boot.SpringApplication.refresh(SpringApplication.java:732)
	at org.springframework.boot.SpringApplication.refreshContext(SpringApplication.java:434)
	at org.springframework.boot.SpringApplication.run(SpringApplication.java:310)
	at org.liyu.live.api.ApiWebApplication.main(ApiWebApplication.java:20)
[2024-04-30 11:27:20.725 -ERROR] o.a.d.c.d.DefaultApplicationDeployer     : [DUBBO] Dubbo Application[1.1](liyu-live-api) found failed module: Dubbo Module[1.1.1], dubbo version: 3.2.0-beta.3, current host: 10.96.54.43, error code: 5-14. This may be caused by , go to https://dubbo.apache.org/faq/5/14 to find instructions. 
java.lang.IllegalStateException: Failed to check the status of the service org.liyu.live.gift.interfaces.IShopCarRPC. No provider available for the service org.liyu.live.gift.interfaces.IShopCarRPC from the url consumer://10.96.54.43/org.liyu.live.gift.interfaces.IShopCarRPC?application=liyu-live-api&background=false&dubbo=2.0.2&executor-management-mode=default&file.cache=true&interface=org.liyu.live.gift.interfaces.IShopCarRPC&methods=addCar,clearShopCar,getCarInfo,removeFromCar&pid=7164&qos.enable=false&register.ip=10.96.54.43&release=3.2.0-beta.3&side=consumer&sticky=false&timestamp=1714447640058&unloadClusterRelated=false to the consumer 10.96.54.43 use dubbo version 3.2.0-beta.3
	at org.apache.dubbo.config.ReferenceConfig.checkInvokerAvailable(ReferenceConfig.java:659)
	at org.apache.dubbo.config.ReferenceConfig.init(ReferenceConfig.java:306)
	at org.apache.dubbo.config.ReferenceConfig.get(ReferenceConfig.java:231)
	at org.apache.dubbo.config.utils.SimpleReferenceCache.destroyReference(SimpleReferenceCache.java:264)
	at org.apache.dubbo.config.utils.SimpleReferenceCache.destroy(SimpleReferenceCache.java:217)
	at org.apache.dubbo.config.utils.SimpleReferenceCache.destroy(SimpleReferenceCache.java:241)
	at org.apache.dubbo.config.deploy.DefaultModuleDeployer.lambda$referServices$6(DefaultModuleDeployer.java:401)
	at java.base/java.util.concurrent.ConcurrentHashMap$ValuesView.forEach(ConcurrentHashMap.java:4780)
	at org.apache.dubbo.config.deploy.DefaultModuleDeployer.referServices(DefaultModuleDeployer.java:376)
	at org.apache.dubbo.config.deploy.DefaultModuleDeployer.startSync(DefaultModuleDeployer.java:167)
	at org.apache.dubbo.config.deploy.DefaultModuleDeployer.start(DefaultModuleDeployer.java:139)
	at org.apache.dubbo.config.spring.context.DubboDeployApplicationListener.onContextRefreshedEvent(DubboDeployApplicationListener.java:113)
	at org.apache.dubbo.config.spring.context.DubboDeployApplicationListener.onApplicationEvent(DubboDeployApplicationListener.java:102)
	at org.apache.dubbo.config.spring.context.DubboDeployApplicationListener.onApplicationEvent(DubboDeployApplicationListener.java:47)
	at org.springframework.context.event.SimpleApplicationEventMulticaster.doInvokeListener(SimpleApplicationEventMulticaster.java:176)
	at org.springframework.context.event.SimpleApplicationEventMulticaster.invokeListener(SimpleApplicationEventMulticaster.java:169)
	at org.springframework.context.event.SimpleApplicationEventMulticaster.multicastEvent(SimpleApplicationEventMulticaster.java:143)
	at org.springframework.context.support.AbstractApplicationContext.publishEvent(AbstractApplicationContext.java:413)
	at org.springframework.context.support.AbstractApplicationContext.publishEvent(AbstractApplicationContext.java:370)
	at org.springframework.context.support.AbstractApplicationContext.finishRefresh(AbstractApplicationContext.java:937)
	at org.springframework.context.support.AbstractApplicationContext.refresh(AbstractApplicationContext.java:587)
	at org.springframework.boot.web.servlet.context.ServletWebServerApplicationContext.refresh(ServletWebServerApplicationContext.java:146)
	at org.springframework.boot.SpringApplication.refresh(SpringApplication.java:732)
	at org.springframework.boot.SpringApplication.refreshContext(SpringApplication.java:434)
	at org.springframework.boot.SpringApplication.run(SpringApplication.java:310)
	at org.liyu.live.api.ApiWebApplication.main(ApiWebApplication.java:20)
[2024-04-30 11:27:23.932 -ERROR] o.s.boot.SpringApplication               :Application run failed
java.lang.IllegalStateException: Failed to check the status of the service org.liyu.live.gift.interfaces.IShopCarRPC. No provider available for the service org.liyu.live.gift.interfaces.IShopCarRPC from the url consumer://10.96.54.43/org.liyu.live.gift.interfaces.IShopCarRPC?application=liyu-live-api&background=false&dubbo=2.0.2&executor-management-mode=default&file.cache=true&interface=org.liyu.live.gift.interfaces.IShopCarRPC&methods=addCar,clearShopCar,getCarInfo,removeFromCar&pid=7164&qos.enable=false&register.ip=10.96.54.43&release=3.2.0-beta.3&side=consumer&sticky=false&timestamp=1714447640058&unloadClusterRelated=false to the consumer 10.96.54.43 use dubbo version 3.2.0-beta.3
	at org.apache.dubbo.config.ReferenceConfig.checkInvokerAvailable(ReferenceConfig.java:659)
	at org.apache.dubbo.config.ReferenceConfig.init(ReferenceConfig.java:306)
	at org.apache.dubbo.config.ReferenceConfig.get(ReferenceConfig.java:231)
	at org.apache.dubbo.config.utils.SimpleReferenceCache.destroyReference(SimpleReferenceCache.java:264)
	at org.apache.dubbo.config.utils.SimpleReferenceCache.destroy(SimpleReferenceCache.java:217)
	at org.apache.dubbo.config.utils.SimpleReferenceCache.destroy(SimpleReferenceCache.java:241)
	at org.apache.dubbo.config.deploy.DefaultModuleDeployer.lambda$referServices$6(DefaultModuleDeployer.java:401)
	at java.base/java.util.concurrent.ConcurrentHashMap$ValuesView.forEach(ConcurrentHashMap.java:4780)
	at org.apache.dubbo.config.deploy.DefaultModuleDeployer.referServices(DefaultModuleDeployer.java:376)
	at org.apache.dubbo.config.deploy.DefaultModuleDeployer.startSync(DefaultModuleDeployer.java:167)
	at org.apache.dubbo.config.deploy.DefaultModuleDeployer.start(DefaultModuleDeployer.java:139)
	at org.apache.dubbo.config.spring.context.DubboDeployApplicationListener.onContextRefreshedEvent(DubboDeployApplicationListener.java:113)
	at org.apache.dubbo.config.spring.context.DubboDeployApplicationListener.onApplicationEvent(DubboDeployApplicationListener.java:102)
	at org.apache.dubbo.config.spring.context.DubboDeployApplicationListener.onApplicationEvent(DubboDeployApplicationListener.java:47)
	at org.springframework.context.event.SimpleApplicationEventMulticaster.doInvokeListener(SimpleApplicationEventMulticaster.java:176)
	at org.springframework.context.event.SimpleApplicationEventMulticaster.invokeListener(SimpleApplicationEventMulticaster.java:169)
	at org.springframework.context.event.SimpleApplicationEventMulticaster.multicastEvent(SimpleApplicationEventMulticaster.java:143)
	at org.springframework.context.support.AbstractApplicationContext.publishEvent(AbstractApplicationContext.java:413)
	at org.springframework.context.support.AbstractApplicationContext.publishEvent(AbstractApplicationContext.java:370)
	at org.springframework.context.support.AbstractApplicationContext.finishRefresh(AbstractApplicationContext.java:937)
	at org.springframework.context.support.AbstractApplicationContext.refresh(AbstractApplicationContext.java:587)
	at org.springframework.boot.web.servlet.context.ServletWebServerApplicationContext.refresh(ServletWebServerApplicationContext.java:146)
	at org.springframework.boot.SpringApplication.refresh(SpringApplication.java:732)
	at org.springframework.boot.SpringApplication.refreshContext(SpringApplication.java:434)
	at org.springframework.boot.SpringApplication.run(SpringApplication.java:310)
	at org.liyu.live.api.ApiWebApplication.main(ApiWebApplication.java:20)
[2024-04-30 11:27:34.258 -ERROR] o.a.d.c.r.GlobalResourcesRepository      : [DUBBO] Creating global shared handler ..., dubbo version: 3.2.0-beta.3, current host: 10.96.54.43
[2024-04-30 11:27:55.296 -ERROR] o.l.l.w.s.error.GlobalExceptionHandler   :/live/api/living/anchorConfig,error is 
org.springframework.web.method.annotation.MethodArgumentTypeMismatchException: Failed to convert value of type 'java.lang.String' to required type 'java.lang.Integer'; For input string: "null"
	at org.springframework.web.method.annotation.AbstractNamedValueMethodArgumentResolver.resolveArgument(AbstractNamedValueMethodArgumentResolver.java:133)
	at org.springframework.web.method.support.HandlerMethodArgumentResolverComposite.resolveArgument(HandlerMethodArgumentResolverComposite.java:122)
	at org.springframework.web.method.support.InvocableHandlerMethod.getMethodArgumentValues(InvocableHandlerMethod.java:181)
	at org.springframework.web.method.support.InvocableHandlerMethod.invokeForRequest(InvocableHandlerMethod.java:148)
	at org.springframework.web.servlet.mvc.method.annotation.ServletInvocableHandlerMethod.invokeAndHandle(ServletInvocableHandlerMethod.java:117)
	at org.springframework.web.servlet.mvc.method.annotation.RequestMappingHandlerAdapter.invokeHandlerMethod(RequestMappingHandlerAdapter.java:884)
	at org.springframework.web.servlet.mvc.method.annotation.RequestMappingHandlerAdapter.handleInternal(RequestMappingHandlerAdapter.java:797)
	at org.springframework.web.servlet.mvc.method.AbstractHandlerMethodAdapter.handle(AbstractHandlerMethodAdapter.java:87)
	at org.springframework.web.servlet.DispatcherServlet.doDispatch(DispatcherServlet.java:1081)
	at org.springframework.web.servlet.DispatcherServlet.doService(DispatcherServlet.java:974)
	at org.springframework.web.servlet.FrameworkServlet.processRequest(FrameworkServlet.java:1011)
	at org.springframework.web.servlet.FrameworkServlet.doPost(FrameworkServlet.java:914)
	at jakarta.servlet.http.HttpServlet.service(HttpServlet.java:731)
	at org.springframework.web.servlet.FrameworkServlet.service(FrameworkServlet.java:885)
	at jakarta.servlet.http.HttpServlet.service(HttpServlet.java:814)
	at org.apache.catalina.core.ApplicationFilterChain.internalDoFilter(ApplicationFilterChain.java:223)
	at org.apache.catalina.core.ApplicationFilterChain.doFilter(ApplicationFilterChain.java:158)
	at org.apache.tomcat.websocket.server.WsFilter.doFilter(WsFilter.java:53)
	at org.apache.catalina.core.ApplicationFilterChain.internalDoFilter(ApplicationFilterChain.java:185)
	at org.apache.catalina.core.ApplicationFilterChain.doFilter(ApplicationFilterChain.java:158)
	at org.springframework.web.filter.RequestContextFilter.doFilterInternal(RequestContextFilter.java:100)
	at org.springframework.web.filter.OncePerRequestFilter.doFilter(OncePerRequestFilter.java:116)
	at org.apache.catalina.core.ApplicationFilterChain.internalDoFilter(ApplicationFilterChain.java:185)
	at org.apache.catalina.core.ApplicationFilterChain.doFilter(ApplicationFilterChain.java:158)
	at org.springframework.web.filter.FormContentFilter.doFilterInternal(FormContentFilter.java:93)
	at org.springframework.web.filter.OncePerRequestFilter.doFilter(OncePerRequestFilter.java:116)
	at org.apache.catalina.core.ApplicationFilterChain.internalDoFilter(ApplicationFilterChain.java:185)
	at org.apache.catalina.core.ApplicationFilterChain.doFilter(ApplicationFilterChain.java:158)
	at org.springframework.web.filter.CharacterEncodingFilter.doFilterInternal(CharacterEncodingFilter.java:201)
	at org.springframework.web.filter.OncePerRequestFilter.doFilter(OncePerRequestFilter.java:116)
	at org.apache.catalina.core.ApplicationFilterChain.internalDoFilter(ApplicationFilterChain.java:185)
	at org.apache.catalina.core.ApplicationFilterChain.doFilter(ApplicationFilterChain.java:158)
	at org.apache.catalina.core.StandardWrapperValve.invoke(StandardWrapperValve.java:177)
	at org.apache.catalina.core.StandardContextValve.invoke(StandardContextValve.java:97)
	at org.apache.catalina.authenticator.AuthenticatorBase.invoke(AuthenticatorBase.java:542)
	at org.apache.catalina.core.StandardHostValve.invoke(StandardHostValve.java:119)
	at org.apache.catalina.valves.ErrorReportValve.invoke(ErrorReportValve.java:92)
	at org.apache.catalina.core.StandardEngineValve.invoke(StandardEngineValve.java:78)
	at org.apache.catalina.connector.CoyoteAdapter.service(CoyoteAdapter.java:357)
	at org.apache.coyote.http11.Http11Processor.service(Http11Processor.java:400)
	at org.apache.coyote.AbstractProcessorLight.process(AbstractProcessorLight.java:65)
	at org.apache.coyote.AbstractProtocol$ConnectionHandler.process(AbstractProtocol.java:859)
	at org.apache.tomcat.util.net.NioEndpoint$SocketProcessor.doRun(NioEndpoint.java:1734)
	at org.apache.tomcat.util.net.SocketProcessorBase.run(SocketProcessorBase.java:52)
	at org.apache.tomcat.util.threads.ThreadPoolExecutor.runWorker(ThreadPoolExecutor.java:1191)
	at org.apache.tomcat.util.threads.ThreadPoolExecutor$Worker.run(ThreadPoolExecutor.java:659)
	at org.apache.tomcat.util.threads.TaskThread$WrappingRunnable.run(TaskThread.java:61)
	at java.base/java.lang.Thread.run(Thread.java:842)
Caused by: java.lang.NumberFormatException: For input string: "null"
	at java.base/java.lang.NumberFormatException.forInputString(NumberFormatException.java:67)
	at java.base/java.lang.Integer.parseInt(Integer.java:668)
	at java.base/java.lang.Integer.valueOf(Integer.java:999)
	at org.springframework.util.NumberUtils.parseNumber(NumberUtils.java:203)
	at org.springframework.beans.propertyeditors.CustomNumberEditor.setAsText(CustomNumberEditor.java:115)
	at org.springframework.beans.TypeConverterDelegate.doConvertTextValue(TypeConverterDelegate.java:425)
	at org.springframework.beans.TypeConverterDelegate.doConvertValue(TypeConverterDelegate.java:398)
	at org.springframework.beans.TypeConverterDelegate.convertIfNecessary(TypeConverterDelegate.java:155)
	at org.springframework.beans.TypeConverterSupport.convertIfNecessary(TypeConverterSupport.java:73)
	at org.springframework.beans.TypeConverterSupport.convertIfNecessary(TypeConverterSupport.java:53)
	at org.springframework.validation.DataBinder.convertIfNecessary(DataBinder.java:729)
	at org.springframework.web.method.annotation.AbstractNamedValueMethodArgumentResolver.resolveArgument(AbstractNamedValueMethodArgumentResolver.java:125)
	... 47 common frames omitted
[2024-04-30 11:27:55.296 -ERROR] o.l.l.w.s.error.GlobalExceptionHandler   :/live/api/shop/listSkuInfo,error is 
org.springframework.web.method.annotation.MethodArgumentTypeMismatchException: Failed to convert value of type 'java.lang.String' to required type 'java.lang.Integer'; For input string: "null"
	at org.springframework.web.method.annotation.AbstractNamedValueMethodArgumentResolver.resolveArgument(AbstractNamedValueMethodArgumentResolver.java:133)
	at org.springframework.web.method.support.HandlerMethodArgumentResolverComposite.resolveArgument(HandlerMethodArgumentResolverComposite.java:122)
	at org.springframework.web.method.support.InvocableHandlerMethod.getMethodArgumentValues(InvocableHandlerMethod.java:181)
	at org.springframework.web.method.support.InvocableHandlerMethod.invokeForRequest(InvocableHandlerMethod.java:148)
	at org.springframework.web.servlet.mvc.method.annotation.ServletInvocableHandlerMethod.invokeAndHandle(ServletInvocableHandlerMethod.java:117)
	at org.springframework.web.servlet.mvc.method.annotation.RequestMappingHandlerAdapter.invokeHandlerMethod(RequestMappingHandlerAdapter.java:884)
	at org.springframework.web.servlet.mvc.method.annotation.RequestMappingHandlerAdapter.handleInternal(RequestMappingHandlerAdapter.java:797)
	at org.springframework.web.servlet.mvc.method.AbstractHandlerMethodAdapter.handle(AbstractHandlerMethodAdapter.java:87)
	at org.springframework.web.servlet.DispatcherServlet.doDispatch(DispatcherServlet.java:1081)
	at org.springframework.web.servlet.DispatcherServlet.doService(DispatcherServlet.java:974)
	at org.springframework.web.servlet.FrameworkServlet.processRequest(FrameworkServlet.java:1011)
	at org.springframework.web.servlet.FrameworkServlet.doPost(FrameworkServlet.java:914)
	at jakarta.servlet.http.HttpServlet.service(HttpServlet.java:731)
	at org.springframework.web.servlet.FrameworkServlet.service(FrameworkServlet.java:885)
	at jakarta.servlet.http.HttpServlet.service(HttpServlet.java:814)
	at org.apache.catalina.core.ApplicationFilterChain.internalDoFilter(ApplicationFilterChain.java:223)
	at org.apache.catalina.core.ApplicationFilterChain.doFilter(ApplicationFilterChain.java:158)
	at org.apache.tomcat.websocket.server.WsFilter.doFilter(WsFilter.java:53)
	at org.apache.catalina.core.ApplicationFilterChain.internalDoFilter(ApplicationFilterChain.java:185)
	at org.apache.catalina.core.ApplicationFilterChain.doFilter(ApplicationFilterChain.java:158)
	at org.springframework.web.filter.RequestContextFilter.doFilterInternal(RequestContextFilter.java:100)
	at org.springframework.web.filter.OncePerRequestFilter.doFilter(OncePerRequestFilter.java:116)
	at org.apache.catalina.core.ApplicationFilterChain.internalDoFilter(ApplicationFilterChain.java:185)
	at org.apache.catalina.core.ApplicationFilterChain.doFilter(ApplicationFilterChain.java:158)
	at org.springframework.web.filter.FormContentFilter.doFilterInternal(FormContentFilter.java:93)
	at org.springframework.web.filter.OncePerRequestFilter.doFilter(OncePerRequestFilter.java:116)
	at org.apache.catalina.core.ApplicationFilterChain.internalDoFilter(ApplicationFilterChain.java:185)
	at org.apache.catalina.core.ApplicationFilterChain.doFilter(ApplicationFilterChain.java:158)
	at org.springframework.web.filter.CharacterEncodingFilter.doFilterInternal(CharacterEncodingFilter.java:201)
	at org.springframework.web.filter.OncePerRequestFilter.doFilter(OncePerRequestFilter.java:116)
	at org.apache.catalina.core.ApplicationFilterChain.internalDoFilter(ApplicationFilterChain.java:185)
	at org.apache.catalina.core.ApplicationFilterChain.doFilter(ApplicationFilterChain.java:158)
	at org.apache.catalina.core.StandardWrapperValve.invoke(StandardWrapperValve.java:177)
	at org.apache.catalina.core.StandardContextValve.invoke(StandardContextValve.java:97)
	at org.apache.catalina.authenticator.AuthenticatorBase.invoke(AuthenticatorBase.java:542)
	at org.apache.catalina.core.StandardHostValve.invoke(StandardHostValve.java:119)
	at org.apache.catalina.valves.ErrorReportValve.invoke(ErrorReportValve.java:92)
	at org.apache.catalina.core.StandardEngineValve.invoke(StandardEngineValve.java:78)
	at org.apache.catalina.connector.CoyoteAdapter.service(CoyoteAdapter.java:357)
	at org.apache.coyote.http11.Http11Processor.service(Http11Processor.java:400)
	at org.apache.coyote.AbstractProcessorLight.process(AbstractProcessorLight.java:65)
	at org.apache.coyote.AbstractProtocol$ConnectionHandler.process(AbstractProtocol.java:859)
	at org.apache.tomcat.util.net.NioEndpoint$SocketProcessor.doRun(NioEndpoint.java:1734)
	at org.apache.tomcat.util.net.SocketProcessorBase.run(SocketProcessorBase.java:52)
	at org.apache.tomcat.util.threads.ThreadPoolExecutor.runWorker(ThreadPoolExecutor.java:1191)
	at org.apache.tomcat.util.threads.ThreadPoolExecutor$Worker.run(ThreadPoolExecutor.java:659)
	at org.apache.tomcat.util.threads.TaskThread$WrappingRunnable.run(TaskThread.java:61)
	at java.base/java.lang.Thread.run(Thread.java:842)
Caused by: java.lang.NumberFormatException: For input string: "null"
	at java.base/java.lang.NumberFormatException.forInputString(NumberFormatException.java:67)
	at java.base/java.lang.Integer.parseInt(Integer.java:668)
	at java.base/java.lang.Integer.valueOf(Integer.java:999)
	at org.springframework.util.NumberUtils.parseNumber(NumberUtils.java:203)
	at org.springframework.beans.propertyeditors.CustomNumberEditor.setAsText(CustomNumberEditor.java:115)
	at org.springframework.beans.TypeConverterDelegate.doConvertTextValue(TypeConverterDelegate.java:425)
	at org.springframework.beans.TypeConverterDelegate.doConvertValue(TypeConverterDelegate.java:398)
	at org.springframework.beans.TypeConverterDelegate.convertIfNecessary(TypeConverterDelegate.java:155)
	at org.springframework.beans.TypeConverterSupport.convertIfNecessary(TypeConverterSupport.java:73)
	at org.springframework.beans.TypeConverterSupport.convertIfNecessary(TypeConverterSupport.java:53)
	at org.springframework.validation.DataBinder.convertIfNecessary(DataBinder.java:729)
	at org.springframework.web.method.annotation.AbstractNamedValueMethodArgumentResolver.resolveArgument(AbstractNamedValueMethodArgumentResolver.java:125)
	... 47 common frames omitted
[2024-04-30 11:35:57.355 -ERROR] o.l.l.w.s.error.GlobalExceptionHandler   :/live/api/gift/listGift,error is 
org.apache.dubbo.rpc.RpcException: No provider available from registry 192.168.222.1:8848 for service org.liyu.live.gift.interfaces.IGiftConfigRpc on consumer 10.96.54.43 use dubbo version 3.2.0-beta.3, please check status of providers(disabled, not registered or in blacklist).
	at org.apache.dubbo.registry.integration.DynamicDirectory.doList(DynamicDirectory.java:197)
	at org.apache.dubbo.rpc.cluster.directory.AbstractDirectory.list(AbstractDirectory.java:196)
	at org.apache.dubbo.rpc.cluster.support.AbstractClusterInvoker.list(AbstractClusterInvoker.java:408)
	at org.apache.dubbo.rpc.cluster.support.AbstractClusterInvoker.invoke(AbstractClusterInvoker.java:333)
	at org.apache.dubbo.rpc.cluster.router.RouterSnapshotFilter.invoke(RouterSnapshotFilter.java:46)
	at org.apache.dubbo.rpc.cluster.filter.FilterChainBuilder$CopyOfFilterChainNode.invoke(FilterChainBuilder.java:327)
	at org.apache.dubbo.monitor.support.MonitorFilter.invoke(MonitorFilter.java:100)
	at org.apache.dubbo.rpc.cluster.filter.FilterChainBuilder$CopyOfFilterChainNode.invoke(FilterChainBuilder.java:327)
	at org.apache.dubbo.rpc.protocol.dubbo.filter.FutureFilter.invoke(FutureFilter.java:52)
	at org.apache.dubbo.rpc.cluster.filter.FilterChainBuilder$CopyOfFilterChainNode.invoke(FilterChainBuilder.java:327)
	at org.apache.dubbo.rpc.cluster.filter.support.ConsumerContextFilter.invoke(ConsumerContextFilter.java:119)
	at org.apache.dubbo.rpc.cluster.filter.FilterChainBuilder$CopyOfFilterChainNode.invoke(FilterChainBuilder.java:327)
	at org.apache.dubbo.rpc.cluster.filter.FilterChainBuilder$CallbackRegistrationInvoker.invoke(FilterChainBuilder.java:194)
	at org.apache.dubbo.rpc.cluster.support.wrapper.AbstractCluster$ClusterFilterInvoker.invoke(AbstractCluster.java:92)
	at org.apache.dubbo.rpc.cluster.support.wrapper.MockClusterInvoker.invoke(MockClusterInvoker.java:103)
	at org.apache.dubbo.registry.client.migration.MigrationInvoker.invoke(MigrationInvoker.java:282)
	at org.apache.dubbo.rpc.proxy.InvocationUtil.invoke(InvocationUtil.java:56)
	at org.apache.dubbo.rpc.proxy.InvokerInvocationHandler.invoke(InvokerInvocationHandler.java:75)
	at org.liyu.live.gift.interfaces.IGiftConfigRpcDubboProxy5.queryGiftList(IGiftConfigRpcDubboProxy5.java)
	at java.base/jdk.internal.reflect.NativeMethodAccessorImpl.invoke0(Native Method)
	at java.base/jdk.internal.reflect.NativeMethodAccessorImpl.invoke(NativeMethodAccessorImpl.java:77)
	at java.base/jdk.internal.reflect.DelegatingMethodAccessorImpl.invoke(DelegatingMethodAccessorImpl.java:43)
	at java.base/java.lang.reflect.Method.invoke(Method.java:568)
	at org.springframework.aop.support.AopUtils.invokeJoinpointUsingReflection(AopUtils.java:343)
	at org.springframework.aop.framework.JdkDynamicAopProxy.invoke(JdkDynamicAopProxy.java:211)
	at jdk.proxy2/jdk.proxy2.$Proxy90.queryGiftList(Unknown Source)
	at org.liyu.live.api.service.impl.GiftServiceImpl.listGift(GiftServiceImpl.java:51)
	at org.liyu.live.api.controller.GiftController.listGift(GiftController.java:34)
	at java.base/jdk.internal.reflect.NativeMethodAccessorImpl.invoke0(Native Method)
	at java.base/jdk.internal.reflect.NativeMethodAccessorImpl.invoke(NativeMethodAccessorImpl.java:77)
	at java.base/jdk.internal.reflect.DelegatingMethodAccessorImpl.invoke(DelegatingMethodAccessorImpl.java:43)
	at java.base/java.lang.reflect.Method.invoke(Method.java:568)
	at org.springframework.web.method.support.InvocableHandlerMethod.doInvoke(InvocableHandlerMethod.java:207)
	at org.springframework.web.method.support.InvocableHandlerMethod.invokeForRequest(InvocableHandlerMethod.java:152)
	at org.springframework.web.servlet.mvc.method.annotation.ServletInvocableHandlerMethod.invokeAndHandle(ServletInvocableHandlerMethod.java:117)
	at org.springframework.web.servlet.mvc.method.annotation.RequestMappingHandlerAdapter.invokeHandlerMethod(RequestMappingHandlerAdapter.java:884)
	at org.springframework.web.servlet.mvc.method.annotation.RequestMappingHandlerAdapter.handleInternal(RequestMappingHandlerAdapter.java:797)
	at org.springframework.web.servlet.mvc.method.AbstractHandlerMethodAdapter.handle(AbstractHandlerMethodAdapter.java:87)
	at org.springframework.web.servlet.DispatcherServlet.doDispatch(DispatcherServlet.java:1081)
	at org.springframework.web.servlet.DispatcherServlet.doService(DispatcherServlet.java:974)
	at org.springframework.web.servlet.FrameworkServlet.processRequest(FrameworkServlet.java:1011)
	at org.springframework.web.servlet.FrameworkServlet.doPost(FrameworkServlet.java:914)
	at jakarta.servlet.http.HttpServlet.service(HttpServlet.java:731)
	at org.springframework.web.servlet.FrameworkServlet.service(FrameworkServlet.java:885)
	at jakarta.servlet.http.HttpServlet.service(HttpServlet.java:814)
	at org.apache.catalina.core.ApplicationFilterChain.internalDoFilter(ApplicationFilterChain.java:223)
	at org.apache.catalina.core.ApplicationFilterChain.doFilter(ApplicationFilterChain.java:158)
	at org.apache.tomcat.websocket.server.WsFilter.doFilter(WsFilter.java:53)
	at org.apache.catalina.core.ApplicationFilterChain.internalDoFilter(ApplicationFilterChain.java:185)
	at org.apache.catalina.core.ApplicationFilterChain.doFilter(ApplicationFilterChain.java:158)
	at org.springframework.web.filter.RequestContextFilter.doFilterInternal(RequestContextFilter.java:100)
	at org.springframework.web.filter.OncePerRequestFilter.doFilter(OncePerRequestFilter.java:116)
	at org.apache.catalina.core.ApplicationFilterChain.internalDoFilter(ApplicationFilterChain.java:185)
	at org.apache.catalina.core.ApplicationFilterChain.doFilter(ApplicationFilterChain.java:158)
	at org.springframework.web.filter.FormContentFilter.doFilterInternal(FormContentFilter.java:93)
	at org.springframework.web.filter.OncePerRequestFilter.doFilter(OncePerRequestFilter.java:116)
	at org.apache.catalina.core.ApplicationFilterChain.internalDoFilter(ApplicationFilterChain.java:185)
	at org.apache.catalina.core.ApplicationFilterChain.doFilter(ApplicationFilterChain.java:158)
	at org.springframework.web.filter.CharacterEncodingFilter.doFilterInternal(CharacterEncodingFilter.java:201)
	at org.springframework.web.filter.OncePerRequestFilter.doFilter(OncePerRequestFilter.java:116)
	at org.apache.catalina.core.ApplicationFilterChain.internalDoFilter(ApplicationFilterChain.java:185)
	at org.apache.catalina.core.ApplicationFilterChain.doFilter(ApplicationFilterChain.java:158)
	at org.apache.catalina.core.StandardWrapperValve.invoke(StandardWrapperValve.java:177)
	at org.apache.catalina.core.StandardContextValve.invoke(StandardContextValve.java:97)
	at org.apache.catalina.authenticator.AuthenticatorBase.invoke(AuthenticatorBase.java:542)
	at org.apache.catalina.core.StandardHostValve.invoke(StandardHostValve.java:119)
	at org.apache.catalina.valves.ErrorReportValve.invoke(ErrorReportValve.java:92)
	at org.apache.catalina.core.StandardEngineValve.invoke(StandardEngineValve.java:78)
	at org.apache.catalina.connector.CoyoteAdapter.service(CoyoteAdapter.java:357)
	at org.apache.coyote.http11.Http11Processor.service(Http11Processor.java:400)
	at org.apache.coyote.AbstractProcessorLight.process(AbstractProcessorLight.java:65)
	at org.apache.coyote.AbstractProtocol$ConnectionHandler.process(AbstractProtocol.java:859)
	at org.apache.tomcat.util.net.NioEndpoint$SocketProcessor.doRun(NioEndpoint.java:1734)
	at org.apache.tomcat.util.net.SocketProcessorBase.run(SocketProcessorBase.java:52)
	at org.apache.tomcat.util.threads.ThreadPoolExecutor.runWorker(ThreadPoolExecutor.java:1191)
	at org.apache.tomcat.util.threads.ThreadPoolExecutor$Worker.run(ThreadPoolExecutor.java:659)
	at org.apache.tomcat.util.threads.TaskThread$WrappingRunnable.run(TaskThread.java:61)
	at java.base/java.lang.Thread.run(Thread.java:842)
[2024-04-30 11:35:57.368 -ERROR] o.l.l.w.s.error.GlobalExceptionHandler   :/live/api/shop/listSkuInfo,error is 
org.apache.dubbo.rpc.RpcException: No provider available from registry 192.168.222.1:8848 for service org.liyu.live.gift.interfaces.ISkuInfoRPC on consumer 10.96.54.43 use dubbo version 3.2.0-beta.3, please check status of providers(disabled, not registered or in blacklist).
	at org.apache.dubbo.registry.integration.DynamicDirectory.doList(DynamicDirectory.java:197)
	at org.apache.dubbo.rpc.cluster.directory.AbstractDirectory.list(AbstractDirectory.java:196)
	at org.apache.dubbo.rpc.cluster.support.AbstractClusterInvoker.list(AbstractClusterInvoker.java:408)
	at org.apache.dubbo.rpc.cluster.support.AbstractClusterInvoker.invoke(AbstractClusterInvoker.java:333)
	at org.apache.dubbo.rpc.cluster.router.RouterSnapshotFilter.invoke(RouterSnapshotFilter.java:46)
	at org.apache.dubbo.rpc.cluster.filter.FilterChainBuilder$CopyOfFilterChainNode.invoke(FilterChainBuilder.java:327)
	at org.apache.dubbo.monitor.support.MonitorFilter.invoke(MonitorFilter.java:100)
	at org.apache.dubbo.rpc.cluster.filter.FilterChainBuilder$CopyOfFilterChainNode.invoke(FilterChainBuilder.java:327)
	at org.apache.dubbo.rpc.protocol.dubbo.filter.FutureFilter.invoke(FutureFilter.java:52)
	at org.apache.dubbo.rpc.cluster.filter.FilterChainBuilder$CopyOfFilterChainNode.invoke(FilterChainBuilder.java:327)
	at org.apache.dubbo.rpc.cluster.filter.support.ConsumerContextFilter.invoke(ConsumerContextFilter.java:119)
	at org.apache.dubbo.rpc.cluster.filter.FilterChainBuilder$CopyOfFilterChainNode.invoke(FilterChainBuilder.java:327)
	at org.apache.dubbo.rpc.cluster.filter.FilterChainBuilder$CallbackRegistrationInvoker.invoke(FilterChainBuilder.java:194)
	at org.apache.dubbo.rpc.cluster.support.wrapper.AbstractCluster$ClusterFilterInvoker.invoke(AbstractCluster.java:92)
	at org.apache.dubbo.rpc.cluster.support.wrapper.MockClusterInvoker.invoke(MockClusterInvoker.java:103)
	at org.apache.dubbo.registry.client.migration.MigrationInvoker.invoke(MigrationInvoker.java:282)
	at org.apache.dubbo.rpc.proxy.InvocationUtil.invoke(InvocationUtil.java:56)
	at org.apache.dubbo.rpc.proxy.InvokerInvocationHandler.invoke(InvokerInvocationHandler.java:75)
	at org.liyu.live.gift.interfaces.ISkuInfoRPCDubboProxy7.queryByAnchorId(ISkuInfoRPCDubboProxy7.java)
	at java.base/jdk.internal.reflect.NativeMethodAccessorImpl.invoke0(Native Method)
	at java.base/jdk.internal.reflect.NativeMethodAccessorImpl.invoke(NativeMethodAccessorImpl.java:77)
	at java.base/jdk.internal.reflect.DelegatingMethodAccessorImpl.invoke(DelegatingMethodAccessorImpl.java:43)
	at java.base/java.lang.reflect.Method.invoke(Method.java:568)
	at org.springframework.aop.support.AopUtils.invokeJoinpointUsingReflection(AopUtils.java:343)
	at org.springframework.aop.framework.JdkDynamicAopProxy.invoke(JdkDynamicAopProxy.java:211)
	at jdk.proxy2/jdk.proxy2.$Proxy102.queryByAnchorId(Unknown Source)
	at org.liyu.live.api.service.impl.ShopInfoServiceImpl.queryByRoomId(ShopInfoServiceImpl.java:49)
	at org.liyu.live.api.controller.ShopInfoController.listSkuInfo(ShopInfoController.java:27)
	at java.base/jdk.internal.reflect.NativeMethodAccessorImpl.invoke0(Native Method)
	at java.base/jdk.internal.reflect.NativeMethodAccessorImpl.invoke(NativeMethodAccessorImpl.java:77)
	at java.base/jdk.internal.reflect.DelegatingMethodAccessorImpl.invoke(DelegatingMethodAccessorImpl.java:43)
	at java.base/java.lang.reflect.Method.invoke(Method.java:568)
	at org.springframework.web.method.support.InvocableHandlerMethod.doInvoke(InvocableHandlerMethod.java:207)
	at org.springframework.web.method.support.InvocableHandlerMethod.invokeForRequest(InvocableHandlerMethod.java:152)
	at org.springframework.web.servlet.mvc.method.annotation.ServletInvocableHandlerMethod.invokeAndHandle(ServletInvocableHandlerMethod.java:117)
	at org.springframework.web.servlet.mvc.method.annotation.RequestMappingHandlerAdapter.invokeHandlerMethod(RequestMappingHandlerAdapter.java:884)
	at org.springframework.web.servlet.mvc.method.annotation.RequestMappingHandlerAdapter.handleInternal(RequestMappingHandlerAdapter.java:797)
	at org.springframework.web.servlet.mvc.method.AbstractHandlerMethodAdapter.handle(AbstractHandlerMethodAdapter.java:87)
	at org.springframework.web.servlet.DispatcherServlet.doDispatch(DispatcherServlet.java:1081)
	at org.springframework.web.servlet.DispatcherServlet.doService(DispatcherServlet.java:974)
	at org.springframework.web.servlet.FrameworkServlet.processRequest(FrameworkServlet.java:1011)
	at org.springframework.web.servlet.FrameworkServlet.doPost(FrameworkServlet.java:914)
	at jakarta.servlet.http.HttpServlet.service(HttpServlet.java:731)
	at org.springframework.web.servlet.FrameworkServlet.service(FrameworkServlet.java:885)
	at jakarta.servlet.http.HttpServlet.service(HttpServlet.java:814)
	at org.apache.catalina.core.ApplicationFilterChain.internalDoFilter(ApplicationFilterChain.java:223)
	at org.apache.catalina.core.ApplicationFilterChain.doFilter(ApplicationFilterChain.java:158)
	at org.apache.tomcat.websocket.server.WsFilter.doFilter(WsFilter.java:53)
	at org.apache.catalina.core.ApplicationFilterChain.internalDoFilter(ApplicationFilterChain.java:185)
	at org.apache.catalina.core.ApplicationFilterChain.doFilter(ApplicationFilterChain.java:158)
	at org.springframework.web.filter.RequestContextFilter.doFilterInternal(RequestContextFilter.java:100)
	at org.springframework.web.filter.OncePerRequestFilter.doFilter(OncePerRequestFilter.java:116)
	at org.apache.catalina.core.ApplicationFilterChain.internalDoFilter(ApplicationFilterChain.java:185)
	at org.apache.catalina.core.ApplicationFilterChain.doFilter(ApplicationFilterChain.java:158)
	at org.springframework.web.filter.FormContentFilter.doFilterInternal(FormContentFilter.java:93)
	at org.springframework.web.filter.OncePerRequestFilter.doFilter(OncePerRequestFilter.java:116)
	at org.apache.catalina.core.ApplicationFilterChain.internalDoFilter(ApplicationFilterChain.java:185)
	at org.apache.catalina.core.ApplicationFilterChain.doFilter(ApplicationFilterChain.java:158)
	at org.springframework.web.filter.CharacterEncodingFilter.doFilterInternal(CharacterEncodingFilter.java:201)
	at org.springframework.web.filter.OncePerRequestFilter.doFilter(OncePerRequestFilter.java:116)
	at org.apache.catalina.core.ApplicationFilterChain.internalDoFilter(ApplicationFilterChain.java:185)
	at org.apache.catalina.core.ApplicationFilterChain.doFilter(ApplicationFilterChain.java:158)
	at org.apache.catalina.core.StandardWrapperValve.invoke(StandardWrapperValve.java:177)
	at org.apache.catalina.core.StandardContextValve.invoke(StandardContextValve.java:97)
	at org.apache.catalina.authenticator.AuthenticatorBase.invoke(AuthenticatorBase.java:542)
	at org.apache.catalina.core.StandardHostValve.invoke(StandardHostValve.java:119)
	at org.apache.catalina.valves.ErrorReportValve.invoke(ErrorReportValve.java:92)
	at org.apache.catalina.core.StandardEngineValve.invoke(StandardEngineValve.java:78)
	at org.apache.catalina.connector.CoyoteAdapter.service(CoyoteAdapter.java:357)
	at org.apache.coyote.http11.Http11Processor.service(Http11Processor.java:400)
	at org.apache.coyote.AbstractProcessorLight.process(AbstractProcessorLight.java:65)
	at org.apache.coyote.AbstractProtocol$ConnectionHandler.process(AbstractProtocol.java:859)
	at org.apache.tomcat.util.net.NioEndpoint$SocketProcessor.doRun(NioEndpoint.java:1734)
	at org.apache.tomcat.util.net.SocketProcessorBase.run(SocketProcessorBase.java:52)
	at org.apache.tomcat.util.threads.ThreadPoolExecutor.runWorker(ThreadPoolExecutor.java:1191)
	at org.apache.tomcat.util.threads.ThreadPoolExecutor$Worker.run(ThreadPoolExecutor.java:659)
	at org.apache.tomcat.util.threads.TaskThread$WrappingRunnable.run(TaskThread.java:61)
	at java.base/java.lang.Thread.run(Thread.java:842)
[2024-04-30 11:35:57.374 -ERROR] o.l.l.w.s.error.GlobalExceptionHandler   :/live/api/living/anchorConfig,error is 
org.apache.dubbo.rpc.RpcException: No provider available from registry 192.168.222.1:8848 for service org.liyu.live.gift.interfaces.IRedPacketConfigRpc on consumer 10.96.54.43 use dubbo version 3.2.0-beta.3, please check status of providers(disabled, not registered or in blacklist).
	at org.apache.dubbo.registry.integration.DynamicDirectory.doList(DynamicDirectory.java:197)
	at org.apache.dubbo.rpc.cluster.directory.AbstractDirectory.list(AbstractDirectory.java:196)
	at org.apache.dubbo.rpc.cluster.support.AbstractClusterInvoker.list(AbstractClusterInvoker.java:408)
	at org.apache.dubbo.rpc.cluster.support.AbstractClusterInvoker.invoke(AbstractClusterInvoker.java:333)
	at org.apache.dubbo.rpc.cluster.router.RouterSnapshotFilter.invoke(RouterSnapshotFilter.java:46)
	at org.apache.dubbo.rpc.cluster.filter.FilterChainBuilder$CopyOfFilterChainNode.invoke(FilterChainBuilder.java:327)
	at org.apache.dubbo.monitor.support.MonitorFilter.invoke(MonitorFilter.java:100)
	at org.apache.dubbo.rpc.cluster.filter.FilterChainBuilder$CopyOfFilterChainNode.invoke(FilterChainBuilder.java:327)
	at org.apache.dubbo.rpc.protocol.dubbo.filter.FutureFilter.invoke(FutureFilter.java:52)
	at org.apache.dubbo.rpc.cluster.filter.FilterChainBuilder$CopyOfFilterChainNode.invoke(FilterChainBuilder.java:327)
	at org.apache.dubbo.rpc.cluster.filter.support.ConsumerContextFilter.invoke(ConsumerContextFilter.java:119)
	at org.apache.dubbo.rpc.cluster.filter.FilterChainBuilder$CopyOfFilterChainNode.invoke(FilterChainBuilder.java:327)
	at org.apache.dubbo.rpc.cluster.filter.FilterChainBuilder$CallbackRegistrationInvoker.invoke(FilterChainBuilder.java:194)
	at org.apache.dubbo.rpc.cluster.support.wrapper.AbstractCluster$ClusterFilterInvoker.invoke(AbstractCluster.java:92)
	at org.apache.dubbo.rpc.cluster.support.wrapper.MockClusterInvoker.invoke(MockClusterInvoker.java:103)
	at org.apache.dubbo.registry.client.migration.MigrationInvoker.invoke(MigrationInvoker.java:282)
	at org.apache.dubbo.rpc.proxy.InvocationUtil.invoke(InvocationUtil.java:56)
	at org.apache.dubbo.rpc.proxy.InvokerInvocationHandler.invoke(InvokerInvocationHandler.java:75)
	at org.liyu.live.gift.interfaces.IRedPacketConfigRpcDubboProxy9.queryByAnchorId(IRedPacketConfigRpcDubboProxy9.java)
	at java.base/jdk.internal.reflect.NativeMethodAccessorImpl.invoke0(Native Method)
	at java.base/jdk.internal.reflect.NativeMethodAccessorImpl.invoke(NativeMethodAccessorImpl.java:77)
	at java.base/jdk.internal.reflect.DelegatingMethodAccessorImpl.invoke(DelegatingMethodAccessorImpl.java:43)
	at java.base/java.lang.reflect.Method.invoke(Method.java:568)
	at org.springframework.aop.support.AopUtils.invokeJoinpointUsingReflection(AopUtils.java:343)
	at org.springframework.aop.framework.JdkDynamicAopProxy.invoke(JdkDynamicAopProxy.java:211)
	at jdk.proxy2/jdk.proxy2.$Proxy101.queryByAnchorId(Unknown Source)
	at org.liyu.live.api.service.impl.LivingRoomServiceImpl.anchorConfig(LivingRoomServiceImpl.java:116)
	at org.liyu.live.api.controller.LivingRoomController.anchorConfig(LivingRoomController.java:89)
	at java.base/jdk.internal.reflect.NativeMethodAccessorImpl.invoke0(Native Method)
	at java.base/jdk.internal.reflect.NativeMethodAccessorImpl.invoke(NativeMethodAccessorImpl.java:77)
	at java.base/jdk.internal.reflect.DelegatingMethodAccessorImpl.invoke(DelegatingMethodAccessorImpl.java:43)
	at java.base/java.lang.reflect.Method.invoke(Method.java:568)
	at org.springframework.web.method.support.InvocableHandlerMethod.doInvoke(InvocableHandlerMethod.java:207)
	at org.springframework.web.method.support.InvocableHandlerMethod.invokeForRequest(InvocableHandlerMethod.java:152)
	at org.springframework.web.servlet.mvc.method.annotation.ServletInvocableHandlerMethod.invokeAndHandle(ServletInvocableHandlerMethod.java:117)
	at org.springframework.web.servlet.mvc.method.annotation.RequestMappingHandlerAdapter.invokeHandlerMethod(RequestMappingHandlerAdapter.java:884)
	at org.springframework.web.servlet.mvc.method.annotation.RequestMappingHandlerAdapter.handleInternal(RequestMappingHandlerAdapter.java:797)
	at org.springframework.web.servlet.mvc.method.AbstractHandlerMethodAdapter.handle(AbstractHandlerMethodAdapter.java:87)
	at org.springframework.web.servlet.DispatcherServlet.doDispatch(DispatcherServlet.java:1081)
	at org.springframework.web.servlet.DispatcherServlet.doService(DispatcherServlet.java:974)
	at org.springframework.web.servlet.FrameworkServlet.processRequest(FrameworkServlet.java:1011)
	at org.springframework.web.servlet.FrameworkServlet.doPost(FrameworkServlet.java:914)
	at jakarta.servlet.http.HttpServlet.service(HttpServlet.java:731)
	at org.springframework.web.servlet.FrameworkServlet.service(FrameworkServlet.java:885)
	at jakarta.servlet.http.HttpServlet.service(HttpServlet.java:814)
	at org.apache.catalina.core.ApplicationFilterChain.internalDoFilter(ApplicationFilterChain.java:223)
	at org.apache.catalina.core.ApplicationFilterChain.doFilter(ApplicationFilterChain.java:158)
	at org.apache.tomcat.websocket.server.WsFilter.doFilter(WsFilter.java:53)
	at org.apache.catalina.core.ApplicationFilterChain.internalDoFilter(ApplicationFilterChain.java:185)
	at org.apache.catalina.core.ApplicationFilterChain.doFilter(ApplicationFilterChain.java:158)
	at org.springframework.web.filter.RequestContextFilter.doFilterInternal(RequestContextFilter.java:100)
	at org.springframework.web.filter.OncePerRequestFilter.doFilter(OncePerRequestFilter.java:116)
	at org.apache.catalina.core.ApplicationFilterChain.internalDoFilter(ApplicationFilterChain.java:185)
	at org.apache.catalina.core.ApplicationFilterChain.doFilter(ApplicationFilterChain.java:158)
	at org.springframework.web.filter.FormContentFilter.doFilterInternal(FormContentFilter.java:93)
	at org.springframework.web.filter.OncePerRequestFilter.doFilter(OncePerRequestFilter.java:116)
	at org.apache.catalina.core.ApplicationFilterChain.internalDoFilter(ApplicationFilterChain.java:185)
	at org.apache.catalina.core.ApplicationFilterChain.doFilter(ApplicationFilterChain.java:158)
	at org.springframework.web.filter.CharacterEncodingFilter.doFilterInternal(CharacterEncodingFilter.java:201)
	at org.springframework.web.filter.OncePerRequestFilter.doFilter(OncePerRequestFilter.java:116)
	at org.apache.catalina.core.ApplicationFilterChain.internalDoFilter(ApplicationFilterChain.java:185)
	at org.apache.catalina.core.ApplicationFilterChain.doFilter(ApplicationFilterChain.java:158)
	at org.apache.catalina.core.StandardWrapperValve.invoke(StandardWrapperValve.java:177)
	at org.apache.catalina.core.StandardContextValve.invoke(StandardContextValve.java:97)
	at org.apache.catalina.authenticator.AuthenticatorBase.invoke(AuthenticatorBase.java:542)
	at org.apache.catalina.core.StandardHostValve.invoke(StandardHostValve.java:119)
	at org.apache.catalina.valves.ErrorReportValve.invoke(ErrorReportValve.java:92)
	at org.apache.catalina.core.StandardEngineValve.invoke(StandardEngineValve.java:78)
	at org.apache.catalina.connector.CoyoteAdapter.service(CoyoteAdapter.java:357)
	at org.apache.coyote.http11.Http11Processor.service(Http11Processor.java:400)
	at org.apache.coyote.AbstractProcessorLight.process(AbstractProcessorLight.java:65)
	at org.apache.coyote.AbstractProtocol$ConnectionHandler.process(AbstractProtocol.java:859)
	at org.apache.tomcat.util.net.NioEndpoint$SocketProcessor.doRun(NioEndpoint.java:1734)
	at org.apache.tomcat.util.net.SocketProcessorBase.run(SocketProcessorBase.java:52)
	at org.apache.tomcat.util.threads.ThreadPoolExecutor.runWorker(ThreadPoolExecutor.java:1191)
	at org.apache.tomcat.util.threads.ThreadPoolExecutor$Worker.run(ThreadPoolExecutor.java:659)
	at org.apache.tomcat.util.threads.TaskThread$WrappingRunnable.run(TaskThread.java:61)
	at java.base/java.lang.Thread.run(Thread.java:842)
[2024-04-30 11:36:02.448 -ERROR] o.l.l.w.s.c.RequestLimitInterceptor      :[RequestLimitInterceptor] userId is 15076,req too much
[2024-04-30 11:36:02.449 -ERROR] o.l.l.w.s.error.GlobalExceptionHandler   :/live/api/living/startingLiving,error code is -1,error msg is 
[2024-04-30 11:36:41.891 -ERROR] o.l.l.w.s.c.RequestLimitInterceptor      :[RequestLimitInterceptor] userId is 15076,req too much
[2024-04-30 11:36:41.892 -ERROR] o.l.l.w.s.error.GlobalExceptionHandler   :/live/api/living/startRedPacket,error code is -1,error msg is 
[2024-04-30 11:36:42.043 -ERROR] o.l.l.w.s.c.RequestLimitInterceptor      :[RequestLimitInterceptor] userId is 15076,req too much
[2024-04-30 11:36:42.043 -ERROR] o.l.l.w.s.error.GlobalExceptionHandler   :/live/api/living/startRedPacket,error code is -1,error msg is 
[2024-04-30 11:40:16.540 -ERROR] o.l.l.w.s.c.RequestLimitInterceptor      :[RequestLimitInterceptor] userId is 15076,req too much
[2024-04-30 11:40:16.541 -ERROR] o.l.l.w.s.error.GlobalExceptionHandler   :/live/api/living/getRedPacket,error code is -1,error msg is 
[2024-04-30 11:40:17.897 -ERROR] o.l.l.w.s.c.RequestLimitInterceptor      :[RequestLimitInterceptor] userId is 15076,req too much
[2024-04-30 11:40:17.897 -ERROR] o.l.l.w.s.error.GlobalExceptionHandler   :/live/api/living/getRedPacket,error code is -1,error msg is 
[2024-04-30 11:40:21.767 -ERROR] o.l.l.w.s.c.RequestLimitInterceptor      :[RequestLimitInterceptor] userId is 15076,req too much
[2024-04-30 11:40:21.767 -ERROR] o.l.l.w.s.error.GlobalExceptionHandler   :/live/api/living/getRedPacket,error code is -1,error msg is 
[2024-04-30 11:40:23.108 -ERROR] o.l.l.w.s.c.RequestLimitInterceptor      :[RequestLimitInterceptor] userId is 15076,req too much
[2024-04-30 11:40:23.109 -ERROR] o.l.l.w.s.error.GlobalExceptionHandler   :/live/api/living/getRedPacket,error code is -1,error msg is 
[2024-04-30 11:45:34.170 -ERROR] o.l.l.w.s.c.RequestLimitInterceptor      :[RequestLimitInterceptor] userId is 15076,req too much
[2024-04-30 11:45:34.170 -ERROR] o.l.l.w.s.error.GlobalExceptionHandler   :/live/api/living/getRedPacket,error code is -1,error msg is 
[2024-04-30 11:45:36.790 -ERROR] o.l.l.w.s.c.RequestLimitInterceptor      :[RequestLimitInterceptor] userId is 15076,req too much
[2024-04-30 11:45:36.790 -ERROR] o.l.l.w.s.error.GlobalExceptionHandler   :/live/api/living/getRedPacket,error code is -1,error msg is 
[2024-04-30 11:45:38.698 -ERROR] o.l.l.w.s.c.RequestLimitInterceptor      :[RequestLimitInterceptor] userId is 15076,req too much
[2024-04-30 11:45:38.699 -ERROR] o.l.l.w.s.error.GlobalExceptionHandler   :/live/api/living/getRedPacket,error code is -1,error msg is 
[2024-04-30 11:45:42.772 -ERROR] o.l.l.w.s.c.RequestLimitInterceptor      :[RequestLimitInterceptor] userId is 15076,req too much
[2024-04-30 11:45:42.772 -ERROR] o.l.l.w.s.error.GlobalExceptionHandler   :/live/api/living/getRedPacket,error code is -1,error msg is 
[2024-04-30 11:45:47.247 -ERROR] o.l.l.w.s.c.RequestLimitInterceptor      :[RequestLimitInterceptor] userId is 15076,req too much
[2024-04-30 11:45:47.248 -ERROR] o.l.l.w.s.error.GlobalExceptionHandler   :/live/api/living/getRedPacket,error code is -1,error msg is 
[2024-04-30 11:47:58.882 -ERROR] o.l.l.w.s.c.RequestLimitInterceptor      :[RequestLimitInterceptor] userId is 15076,req too much
[2024-04-30 11:47:58.882 -ERROR] o.l.l.w.s.error.GlobalExceptionHandler   :/live/api/living/getRedPacket,error code is -1,error msg is 
[2024-04-30 11:48:01.278 -ERROR] o.l.l.w.s.c.RequestLimitInterceptor      :[RequestLimitInterceptor] userId is 15076,req too much
[2024-04-30 11:48:01.279 -ERROR] o.l.l.w.s.error.GlobalExceptionHandler   :/live/api/living/getRedPacket,error code is -1,error msg is 
[2024-04-30 11:48:02.516 -ERROR] o.l.l.w.s.c.RequestLimitInterceptor      :[RequestLimitInterceptor] userId is 15076,req too much
[2024-04-30 11:48:02.516 -ERROR] o.l.l.w.s.error.GlobalExceptionHandler   :/live/api/living/getRedPacket,error code is -1,error msg is 
[2024-04-30 11:48:03.762 -ERROR] o.l.l.w.s.c.RequestLimitInterceptor      :[RequestLimitInterceptor] userId is 15076,req too much
[2024-04-30 11:48:03.763 -ERROR] o.l.l.w.s.error.GlobalExceptionHandler   :/live/api/living/getRedPacket,error code is -1,error msg is 
[2024-04-30 11:48:05.082 -ERROR] o.l.l.w.s.c.RequestLimitInterceptor      :[RequestLimitInterceptor] userId is 15076,req too much
[2024-04-30 11:48:05.082 -ERROR] o.l.l.w.s.error.GlobalExceptionHandler   :/live/api/living/getRedPacket,error code is -1,error msg is 
[2024-04-30 11:48:13.430 -ERROR] o.l.l.w.s.c.RequestLimitInterceptor      :[RequestLimitInterceptor] userId is 15076,req too much
[2024-04-30 11:48:13.430 -ERROR] o.l.l.w.s.error.GlobalExceptionHandler   :/live/api/living/getRedPacket,error code is -1,error msg is 
[2024-04-30 11:48:14.916 -ERROR] o.l.l.w.s.c.RequestLimitInterceptor      :[RequestLimitInterceptor] userId is 15076,req too much
[2024-04-30 11:48:14.916 -ERROR] o.l.l.w.s.error.GlobalExceptionHandler   :/live/api/living/getRedPacket,error code is -1,error msg is 
[2024-04-30 11:48:16.107 -ERROR] o.l.l.w.s.c.RequestLimitInterceptor      :[RequestLimitInterceptor] userId is 15076,req too much
[2024-04-30 11:48:16.108 -ERROR] o.l.l.w.s.error.GlobalExceptionHandler   :/live/api/living/getRedPacket,error code is -1,error msg is 
[2024-04-30 11:49:14.891 -ERROR] o.l.l.w.s.c.RequestLimitInterceptor      :[RequestLimitInterceptor] userId is 60200,req too much
[2024-04-30 11:49:14.892 -ERROR] o.l.l.w.s.error.GlobalExceptionHandler   :/live/api/living/getRedPacket,error code is -1,error msg is 
