[2024-03-17 13:42:31.234 -ERROR] o.a.d.c.r.GlobalResourcesRepository      : [DUBBO] Creating global shared handler ..., dubbo version: 3.2.0-beta.3, current host: 10.96.54.43
[2024-03-17 13:42:36.973 -ERROR] o.apache.dubbo.config.ReferenceConfig    : [DUBBO] No provider available., dubbo version: 3.2.0-beta.3, current host: 10.96.54.43, error code: 2-2. This may be caused by provider not started, go to https://dubbo.apache.org/faq/2/2 to find instructions. 
java.lang.IllegalStateException: Failed to check the status of the service org.liyu.live.id.generate.interfaces.IdGenerateRpc. No provider available for the service org.liyu.live.id.generate.interfaces.IdGenerateRpc from the url consumer://10.96.54.43/org.liyu.live.id.generate.interfaces.IdGenerateRpc?application=liyu-live-id-generate-provider&background=false&dubbo=2.0.2&executor-management-mode=default&file.cache=true&interface=org.liyu.live.id.generate.interfaces.IdGenerateRpc&methods=getSeqId,getUnSeqId&pid=7588&qos.enable=true&register.ip=10.96.54.43&release=3.2.0-beta.3&side=consumer&sticky=false&timestamp=1710654156630&unloadClusterRelated=false to the consumer 10.96.54.43 use dubbo version 3.2.0-beta.3
	at org.apache.dubbo.config.ReferenceConfig.checkInvokerAvailable(ReferenceConfig.java:659)
	at org.apache.dubbo.config.ReferenceConfig.init(ReferenceConfig.java:306)
	at org.apache.dubbo.config.ReferenceConfig.get(ReferenceConfig.java:231)
	at org.apache.dubbo.config.utils.SimpleReferenceCache.get(SimpleReferenceCache.java:131)
	at org.apache.dubbo.config.deploy.DefaultModuleDeployer.lambda$referServices$6(DefaultModuleDeployer.java:396)
	at java.base/java.util.concurrent.ConcurrentHashMap$ValuesView.forEach(ConcurrentHashMap.java:4780)
	at org.apache.dubbo.config.deploy.DefaultModuleDeployer.referServices(DefaultModuleDeployer.java:376)
	at org.apache.dubbo.config.deploy.DefaultModuleDeployer.startSync(DefaultModuleDeployer.java:167)
	at org.apache.dubbo.config.deploy.DefaultModuleDeployer.start(DefaultModuleDeployer.java:139)
	at org.apache.dubbo.config.spring.context.DubboDeployApplicationListener.onContextRefreshedEvent(DubboDeployApplicationListener.java:113)
	at org.apache.dubbo.config.spring.context.DubboDeployApplicationListener.onApplicationEvent(DubboDeployApplicationListener.java:102)
	at org.apache.dubbo.config.spring.context.DubboDeployApplicationListener.onApplicationEvent(DubboDeployApplicationListener.java:47)
	at org.springframework.context.event.SimpleApplicationEventMulticaster.doInvokeListener(SimpleApplicationEventMulticaster.java:176)
	at org.springframework.context.event.SimpleApplicationEventMulticaster.invokeListener(SimpleApplicationEventMulticaster.java:169)
	at org.springframework.context.event.SimpleApplicationEventMulticaster.multicastEvent(SimpleApplicationEventMulticaster.java:143)
	at org.springframework.context.support.AbstractApplicationContext.publishEvent(AbstractApplicationContext.java:413)
	at org.springframework.context.support.AbstractApplicationContext.publishEvent(AbstractApplicationContext.java:370)
	at org.springframework.context.support.AbstractApplicationContext.finishRefresh(AbstractApplicationContext.java:937)
	at org.springframework.context.support.AbstractApplicationContext.refresh(AbstractApplicationContext.java:587)
	at org.springframework.boot.SpringApplication.refresh(SpringApplication.java:732)
	at org.springframework.boot.SpringApplication.refreshContext(SpringApplication.java:434)
	at org.springframework.boot.SpringApplication.run(SpringApplication.java:310)
	at org.liyu.live.user.provider.UserProviderApplication.main(UserProviderApplication.java:39)
[2024-03-17 13:42:37.003 -ERROR] o.apache.dubbo.config.ReferenceConfig    : [DUBBO] No provider available., dubbo version: 3.2.0-beta.3, current host: 10.96.54.43, error code: 2-2. This may be caused by server crashed, go to https://dubbo.apache.org/faq/2/2 to find instructions. 
java.lang.IllegalStateException: Failed to check the status of the service org.liyu.live.id.generate.interfaces.IdGenerateRpc. No provider available for the service org.liyu.live.id.generate.interfaces.IdGenerateRpc from the url consumer://10.96.54.43/org.liyu.live.id.generate.interfaces.IdGenerateRpc?application=liyu-live-id-generate-provider&background=false&dubbo=2.0.2&executor-management-mode=default&file.cache=true&interface=org.liyu.live.id.generate.interfaces.IdGenerateRpc&methods=getSeqId,getUnSeqId&pid=7588&qos.enable=true&register.ip=10.96.54.43&release=3.2.0-beta.3&side=consumer&sticky=false&timestamp=1710654156630&unloadClusterRelated=false to the consumer 10.96.54.43 use dubbo version 3.2.0-beta.3
	at org.apache.dubbo.config.ReferenceConfig.checkInvokerAvailable(ReferenceConfig.java:659)
	at org.apache.dubbo.config.ReferenceConfig.init(ReferenceConfig.java:306)
	at org.apache.dubbo.config.ReferenceConfig.get(ReferenceConfig.java:231)
	at org.apache.dubbo.config.utils.SimpleReferenceCache.get(SimpleReferenceCache.java:131)
	at org.apache.dubbo.config.deploy.DefaultModuleDeployer.lambda$referServices$6(DefaultModuleDeployer.java:396)
	at java.base/java.util.concurrent.ConcurrentHashMap$ValuesView.forEach(ConcurrentHashMap.java:4780)
	at org.apache.dubbo.config.deploy.DefaultModuleDeployer.referServices(DefaultModuleDeployer.java:376)
	at org.apache.dubbo.config.deploy.DefaultModuleDeployer.startSync(DefaultModuleDeployer.java:167)
	at org.apache.dubbo.config.deploy.DefaultModuleDeployer.start(DefaultModuleDeployer.java:139)
	at org.apache.dubbo.config.spring.context.DubboDeployApplicationListener.onContextRefreshedEvent(DubboDeployApplicationListener.java:113)
	at org.apache.dubbo.config.spring.context.DubboDeployApplicationListener.onApplicationEvent(DubboDeployApplicationListener.java:102)
	at org.apache.dubbo.config.spring.context.DubboDeployApplicationListener.onApplicationEvent(DubboDeployApplicationListener.java:47)
	at org.springframework.context.event.SimpleApplicationEventMulticaster.doInvokeListener(SimpleApplicationEventMulticaster.java:176)
	at org.springframework.context.event.SimpleApplicationEventMulticaster.invokeListener(SimpleApplicationEventMulticaster.java:169)
	at org.springframework.context.event.SimpleApplicationEventMulticaster.multicastEvent(SimpleApplicationEventMulticaster.java:143)
	at org.springframework.context.support.AbstractApplicationContext.publishEvent(AbstractApplicationContext.java:413)
	at org.springframework.context.support.AbstractApplicationContext.publishEvent(AbstractApplicationContext.java:370)
	at org.springframework.context.support.AbstractApplicationContext.finishRefresh(AbstractApplicationContext.java:937)
	at org.springframework.context.support.AbstractApplicationContext.refresh(AbstractApplicationContext.java:587)
	at org.springframework.boot.SpringApplication.refresh(SpringApplication.java:732)
	at org.springframework.boot.SpringApplication.refreshContext(SpringApplication.java:434)
	at org.springframework.boot.SpringApplication.run(SpringApplication.java:310)
	at org.liyu.live.user.provider.UserProviderApplication.main(UserProviderApplication.java:39)
[2024-03-17 13:42:37.003 -ERROR] o.a.d.c.deploy.DefaultModuleDeployer     : [DUBBO] Model reference failed: Dubbo Module[1.1.1] , catch error : Failed to check the status of the service org.liyu.live.id.generate.interfaces.IdGenerateRpc. No provider available for the service org.liyu.live.id.generate.interfaces.IdGenerateRpc from the url consumer://10.96.54.43/org.liyu.live.id.generate.interfaces.IdGenerateRpc?application=liyu-live-id-generate-provider&background=false&dubbo=2.0.2&executor-management-mode=default&file.cache=true&interface=org.liyu.live.id.generate.interfaces.IdGenerateRpc&methods=getSeqId,getUnSeqId&pid=7588&qos.enable=true&register.ip=10.96.54.43&release=3.2.0-beta.3&side=consumer&sticky=false&timestamp=1710654156630&unloadClusterRelated=false to the consumer 10.96.54.43 use dubbo version 3.2.0-beta.3, dubbo version: 3.2.0-beta.3, current host: 10.96.54.43, error code: 5-15. This may be caused by , go to https://dubbo.apache.org/faq/5/15 to find instructions. 
java.lang.IllegalStateException: Failed to check the status of the service org.liyu.live.id.generate.interfaces.IdGenerateRpc. No provider available for the service org.liyu.live.id.generate.interfaces.IdGenerateRpc from the url consumer://10.96.54.43/org.liyu.live.id.generate.interfaces.IdGenerateRpc?application=liyu-live-id-generate-provider&background=false&dubbo=2.0.2&executor-management-mode=default&file.cache=true&interface=org.liyu.live.id.generate.interfaces.IdGenerateRpc&methods=getSeqId,getUnSeqId&pid=7588&qos.enable=true&register.ip=10.96.54.43&release=3.2.0-beta.3&side=consumer&sticky=false&timestamp=1710654156630&unloadClusterRelated=false to the consumer 10.96.54.43 use dubbo version 3.2.0-beta.3
	at org.apache.dubbo.config.ReferenceConfig.checkInvokerAvailable(ReferenceConfig.java:659)
	at org.apache.dubbo.config.ReferenceConfig.init(ReferenceConfig.java:306)
	at org.apache.dubbo.config.ReferenceConfig.get(ReferenceConfig.java:231)
	at org.apache.dubbo.config.utils.SimpleReferenceCache.get(SimpleReferenceCache.java:131)
	at org.apache.dubbo.config.deploy.DefaultModuleDeployer.lambda$referServices$6(DefaultModuleDeployer.java:396)
	at java.base/java.util.concurrent.ConcurrentHashMap$ValuesView.forEach(ConcurrentHashMap.java:4780)
	at org.apache.dubbo.config.deploy.DefaultModuleDeployer.referServices(DefaultModuleDeployer.java:376)
	at org.apache.dubbo.config.deploy.DefaultModuleDeployer.startSync(DefaultModuleDeployer.java:167)
	at org.apache.dubbo.config.deploy.DefaultModuleDeployer.start(DefaultModuleDeployer.java:139)
	at org.apache.dubbo.config.spring.context.DubboDeployApplicationListener.onContextRefreshedEvent(DubboDeployApplicationListener.java:113)
	at org.apache.dubbo.config.spring.context.DubboDeployApplicationListener.onApplicationEvent(DubboDeployApplicationListener.java:102)
	at org.apache.dubbo.config.spring.context.DubboDeployApplicationListener.onApplicationEvent(DubboDeployApplicationListener.java:47)
	at org.springframework.context.event.SimpleApplicationEventMulticaster.doInvokeListener(SimpleApplicationEventMulticaster.java:176)
	at org.springframework.context.event.SimpleApplicationEventMulticaster.invokeListener(SimpleApplicationEventMulticaster.java:169)
	at org.springframework.context.event.SimpleApplicationEventMulticaster.multicastEvent(SimpleApplicationEventMulticaster.java:143)
	at org.springframework.context.support.AbstractApplicationContext.publishEvent(AbstractApplicationContext.java:413)
	at org.springframework.context.support.AbstractApplicationContext.publishEvent(AbstractApplicationContext.java:370)
	at org.springframework.context.support.AbstractApplicationContext.finishRefresh(AbstractApplicationContext.java:937)
	at org.springframework.context.support.AbstractApplicationContext.refresh(AbstractApplicationContext.java:587)
	at org.springframework.boot.SpringApplication.refresh(SpringApplication.java:732)
	at org.springframework.boot.SpringApplication.refreshContext(SpringApplication.java:434)
	at org.springframework.boot.SpringApplication.run(SpringApplication.java:310)
	at org.liyu.live.user.provider.UserProviderApplication.main(UserProviderApplication.java:39)
[2024-03-17 13:42:37.353 -ERROR] o.apache.dubbo.config.ReferenceConfig    : [DUBBO] No provider available., dubbo version: 3.2.0-beta.3, current host: 10.96.54.43, error code: 2-2. This may be caused by provider not started, go to https://dubbo.apache.org/faq/2/2 to find instructions. 
java.lang.IllegalStateException: Failed to check the status of the service org.liyu.live.id.generate.interfaces.IdGenerateRpc. No provider available for the service org.liyu.live.id.generate.interfaces.IdGenerateRpc from the url consumer://10.96.54.43/org.liyu.live.id.generate.interfaces.IdGenerateRpc?application=liyu-live-id-generate-provider&background=false&dubbo=2.0.2&executor-management-mode=default&file.cache=true&interface=org.liyu.live.id.generate.interfaces.IdGenerateRpc&methods=getSeqId,getUnSeqId&pid=7588&qos.enable=true&register.ip=10.96.54.43&release=3.2.0-beta.3&side=consumer&sticky=false&timestamp=1710654157003&unloadClusterRelated=false to the consumer 10.96.54.43 use dubbo version 3.2.0-beta.3
	at org.apache.dubbo.config.ReferenceConfig.checkInvokerAvailable(ReferenceConfig.java:659)
	at org.apache.dubbo.config.ReferenceConfig.init(ReferenceConfig.java:306)
	at org.apache.dubbo.config.ReferenceConfig.get(ReferenceConfig.java:231)
	at org.apache.dubbo.config.utils.SimpleReferenceCache.destroyReference(SimpleReferenceCache.java:264)
	at org.apache.dubbo.config.utils.SimpleReferenceCache.destroy(SimpleReferenceCache.java:217)
	at org.apache.dubbo.config.utils.SimpleReferenceCache.destroy(SimpleReferenceCache.java:241)
	at org.apache.dubbo.config.deploy.DefaultModuleDeployer.lambda$referServices$6(DefaultModuleDeployer.java:401)
	at java.base/java.util.concurrent.ConcurrentHashMap$ValuesView.forEach(ConcurrentHashMap.java:4780)
	at org.apache.dubbo.config.deploy.DefaultModuleDeployer.referServices(DefaultModuleDeployer.java:376)
	at org.apache.dubbo.config.deploy.DefaultModuleDeployer.startSync(DefaultModuleDeployer.java:167)
	at org.apache.dubbo.config.deploy.DefaultModuleDeployer.start(DefaultModuleDeployer.java:139)
	at org.apache.dubbo.config.spring.context.DubboDeployApplicationListener.onContextRefreshedEvent(DubboDeployApplicationListener.java:113)
	at org.apache.dubbo.config.spring.context.DubboDeployApplicationListener.onApplicationEvent(DubboDeployApplicationListener.java:102)
	at org.apache.dubbo.config.spring.context.DubboDeployApplicationListener.onApplicationEvent(DubboDeployApplicationListener.java:47)
	at org.springframework.context.event.SimpleApplicationEventMulticaster.doInvokeListener(SimpleApplicationEventMulticaster.java:176)
	at org.springframework.context.event.SimpleApplicationEventMulticaster.invokeListener(SimpleApplicationEventMulticaster.java:169)
	at org.springframework.context.event.SimpleApplicationEventMulticaster.multicastEvent(SimpleApplicationEventMulticaster.java:143)
	at org.springframework.context.support.AbstractApplicationContext.publishEvent(AbstractApplicationContext.java:413)
	at org.springframework.context.support.AbstractApplicationContext.publishEvent(AbstractApplicationContext.java:370)
	at org.springframework.context.support.AbstractApplicationContext.finishRefresh(AbstractApplicationContext.java:937)
	at org.springframework.context.support.AbstractApplicationContext.refresh(AbstractApplicationContext.java:587)
	at org.springframework.boot.SpringApplication.refresh(SpringApplication.java:732)
	at org.springframework.boot.SpringApplication.refreshContext(SpringApplication.java:434)
	at org.springframework.boot.SpringApplication.run(SpringApplication.java:310)
	at org.liyu.live.user.provider.UserProviderApplication.main(UserProviderApplication.java:39)
[2024-03-17 13:42:37.373 -ERROR] o.apache.dubbo.config.ReferenceConfig    : [DUBBO] No provider available., dubbo version: 3.2.0-beta.3, current host: 10.96.54.43, error code: 2-2. This may be caused by server crashed, go to https://dubbo.apache.org/faq/2/2 to find instructions. 
java.lang.IllegalStateException: Failed to check the status of the service org.liyu.live.id.generate.interfaces.IdGenerateRpc. No provider available for the service org.liyu.live.id.generate.interfaces.IdGenerateRpc from the url consumer://10.96.54.43/org.liyu.live.id.generate.interfaces.IdGenerateRpc?application=liyu-live-id-generate-provider&background=false&dubbo=2.0.2&executor-management-mode=default&file.cache=true&interface=org.liyu.live.id.generate.interfaces.IdGenerateRpc&methods=getSeqId,getUnSeqId&pid=7588&qos.enable=true&register.ip=10.96.54.43&release=3.2.0-beta.3&side=consumer&sticky=false&timestamp=1710654157003&unloadClusterRelated=false to the consumer 10.96.54.43 use dubbo version 3.2.0-beta.3
	at org.apache.dubbo.config.ReferenceConfig.checkInvokerAvailable(ReferenceConfig.java:659)
	at org.apache.dubbo.config.ReferenceConfig.init(ReferenceConfig.java:306)
	at org.apache.dubbo.config.ReferenceConfig.get(ReferenceConfig.java:231)
	at org.apache.dubbo.config.utils.SimpleReferenceCache.destroyReference(SimpleReferenceCache.java:264)
	at org.apache.dubbo.config.utils.SimpleReferenceCache.destroy(SimpleReferenceCache.java:217)
	at org.apache.dubbo.config.utils.SimpleReferenceCache.destroy(SimpleReferenceCache.java:241)
	at org.apache.dubbo.config.deploy.DefaultModuleDeployer.lambda$referServices$6(DefaultModuleDeployer.java:401)
	at java.base/java.util.concurrent.ConcurrentHashMap$ValuesView.forEach(ConcurrentHashMap.java:4780)
	at org.apache.dubbo.config.deploy.DefaultModuleDeployer.referServices(DefaultModuleDeployer.java:376)
	at org.apache.dubbo.config.deploy.DefaultModuleDeployer.startSync(DefaultModuleDeployer.java:167)
	at org.apache.dubbo.config.deploy.DefaultModuleDeployer.start(DefaultModuleDeployer.java:139)
	at org.apache.dubbo.config.spring.context.DubboDeployApplicationListener.onContextRefreshedEvent(DubboDeployApplicationListener.java:113)
	at org.apache.dubbo.config.spring.context.DubboDeployApplicationListener.onApplicationEvent(DubboDeployApplicationListener.java:102)
	at org.apache.dubbo.config.spring.context.DubboDeployApplicationListener.onApplicationEvent(DubboDeployApplicationListener.java:47)
	at org.springframework.context.event.SimpleApplicationEventMulticaster.doInvokeListener(SimpleApplicationEventMulticaster.java:176)
	at org.springframework.context.event.SimpleApplicationEventMulticaster.invokeListener(SimpleApplicationEventMulticaster.java:169)
	at org.springframework.context.event.SimpleApplicationEventMulticaster.multicastEvent(SimpleApplicationEventMulticaster.java:143)
	at org.springframework.context.support.AbstractApplicationContext.publishEvent(AbstractApplicationContext.java:413)
	at org.springframework.context.support.AbstractApplicationContext.publishEvent(AbstractApplicationContext.java:370)
	at org.springframework.context.support.AbstractApplicationContext.finishRefresh(AbstractApplicationContext.java:937)
	at org.springframework.context.support.AbstractApplicationContext.refresh(AbstractApplicationContext.java:587)
	at org.springframework.boot.SpringApplication.refresh(SpringApplication.java:732)
	at org.springframework.boot.SpringApplication.refreshContext(SpringApplication.java:434)
	at org.springframework.boot.SpringApplication.run(SpringApplication.java:310)
	at org.liyu.live.user.provider.UserProviderApplication.main(UserProviderApplication.java:39)
[2024-03-17 13:42:37.374 -ERROR] o.a.d.c.deploy.DefaultModuleDeployer     : [DUBBO] Model start failed: Dubbo Module[1.1.1] start failed: java.lang.IllegalStateException: Failed to check the status of the service org.liyu.live.id.generate.interfaces.IdGenerateRpc. No provider available for the service org.liyu.live.id.generate.interfaces.IdGenerateRpc from the url consumer://10.96.54.43/org.liyu.live.id.generate.interfaces.IdGenerateRpc?application=liyu-live-id-generate-provider&background=false&dubbo=2.0.2&executor-management-mode=default&file.cache=true&interface=org.liyu.live.id.generate.interfaces.IdGenerateRpc&methods=getSeqId,getUnSeqId&pid=7588&qos.enable=true&register.ip=10.96.54.43&release=3.2.0-beta.3&side=consumer&sticky=false&timestamp=1710654157003&unloadClusterRelated=false to the consumer 10.96.54.43 use dubbo version 3.2.0-beta.3, dubbo version: 3.2.0-beta.3, current host: 10.96.54.43, error code: 5-14. This may be caused by , go to https://dubbo.apache.org/faq/5/14 to find instructions. 
java.lang.IllegalStateException: Failed to check the status of the service org.liyu.live.id.generate.interfaces.IdGenerateRpc. No provider available for the service org.liyu.live.id.generate.interfaces.IdGenerateRpc from the url consumer://10.96.54.43/org.liyu.live.id.generate.interfaces.IdGenerateRpc?application=liyu-live-id-generate-provider&background=false&dubbo=2.0.2&executor-management-mode=default&file.cache=true&interface=org.liyu.live.id.generate.interfaces.IdGenerateRpc&methods=getSeqId,getUnSeqId&pid=7588&qos.enable=true&register.ip=10.96.54.43&release=3.2.0-beta.3&side=consumer&sticky=false&timestamp=1710654157003&unloadClusterRelated=false to the consumer 10.96.54.43 use dubbo version 3.2.0-beta.3
	at org.apache.dubbo.config.ReferenceConfig.checkInvokerAvailable(ReferenceConfig.java:659)
	at org.apache.dubbo.config.ReferenceConfig.init(ReferenceConfig.java:306)
	at org.apache.dubbo.config.ReferenceConfig.get(ReferenceConfig.java:231)
	at org.apache.dubbo.config.utils.SimpleReferenceCache.destroyReference(SimpleReferenceCache.java:264)
	at org.apache.dubbo.config.utils.SimpleReferenceCache.destroy(SimpleReferenceCache.java:217)
	at org.apache.dubbo.config.utils.SimpleReferenceCache.destroy(SimpleReferenceCache.java:241)
	at org.apache.dubbo.config.deploy.DefaultModuleDeployer.lambda$referServices$6(DefaultModuleDeployer.java:401)
	at java.base/java.util.concurrent.ConcurrentHashMap$ValuesView.forEach(ConcurrentHashMap.java:4780)
	at org.apache.dubbo.config.deploy.DefaultModuleDeployer.referServices(DefaultModuleDeployer.java:376)
	at org.apache.dubbo.config.deploy.DefaultModuleDeployer.startSync(DefaultModuleDeployer.java:167)
	at org.apache.dubbo.config.deploy.DefaultModuleDeployer.start(DefaultModuleDeployer.java:139)
	at org.apache.dubbo.config.spring.context.DubboDeployApplicationListener.onContextRefreshedEvent(DubboDeployApplicationListener.java:113)
	at org.apache.dubbo.config.spring.context.DubboDeployApplicationListener.onApplicationEvent(DubboDeployApplicationListener.java:102)
	at org.apache.dubbo.config.spring.context.DubboDeployApplicationListener.onApplicationEvent(DubboDeployApplicationListener.java:47)
	at org.springframework.context.event.SimpleApplicationEventMulticaster.doInvokeListener(SimpleApplicationEventMulticaster.java:176)
	at org.springframework.context.event.SimpleApplicationEventMulticaster.invokeListener(SimpleApplicationEventMulticaster.java:169)
	at org.springframework.context.event.SimpleApplicationEventMulticaster.multicastEvent(SimpleApplicationEventMulticaster.java:143)
	at org.springframework.context.support.AbstractApplicationContext.publishEvent(AbstractApplicationContext.java:413)
	at org.springframework.context.support.AbstractApplicationContext.publishEvent(AbstractApplicationContext.java:370)
	at org.springframework.context.support.AbstractApplicationContext.finishRefresh(AbstractApplicationContext.java:937)
	at org.springframework.context.support.AbstractApplicationContext.refresh(AbstractApplicationContext.java:587)
	at org.springframework.boot.SpringApplication.refresh(SpringApplication.java:732)
	at org.springframework.boot.SpringApplication.refreshContext(SpringApplication.java:434)
	at org.springframework.boot.SpringApplication.run(SpringApplication.java:310)
	at org.liyu.live.user.provider.UserProviderApplication.main(UserProviderApplication.java:39)
[2024-03-17 13:42:37.652 -ERROR] o.a.d.c.d.DefaultApplicationDeployer     : [DUBBO] Dubbo Application[1.1](liyu-live-id-generate-provider) found failed module: Dubbo Module[1.1.1], dubbo version: 3.2.0-beta.3, current host: 10.96.54.43, error code: 5-14. This may be caused by , go to https://dubbo.apache.org/faq/5/14 to find instructions. 
java.lang.IllegalStateException: Failed to check the status of the service org.liyu.live.id.generate.interfaces.IdGenerateRpc. No provider available for the service org.liyu.live.id.generate.interfaces.IdGenerateRpc from the url consumer://10.96.54.43/org.liyu.live.id.generate.interfaces.IdGenerateRpc?application=liyu-live-id-generate-provider&background=false&dubbo=2.0.2&executor-management-mode=default&file.cache=true&interface=org.liyu.live.id.generate.interfaces.IdGenerateRpc&methods=getSeqId,getUnSeqId&pid=7588&qos.enable=true&register.ip=10.96.54.43&release=3.2.0-beta.3&side=consumer&sticky=false&timestamp=1710654157003&unloadClusterRelated=false to the consumer 10.96.54.43 use dubbo version 3.2.0-beta.3
	at org.apache.dubbo.config.ReferenceConfig.checkInvokerAvailable(ReferenceConfig.java:659)
	at org.apache.dubbo.config.ReferenceConfig.init(ReferenceConfig.java:306)
	at org.apache.dubbo.config.ReferenceConfig.get(ReferenceConfig.java:231)
	at org.apache.dubbo.config.utils.SimpleReferenceCache.destroyReference(SimpleReferenceCache.java:264)
	at org.apache.dubbo.config.utils.SimpleReferenceCache.destroy(SimpleReferenceCache.java:217)
	at org.apache.dubbo.config.utils.SimpleReferenceCache.destroy(SimpleReferenceCache.java:241)
	at org.apache.dubbo.config.deploy.DefaultModuleDeployer.lambda$referServices$6(DefaultModuleDeployer.java:401)
	at java.base/java.util.concurrent.ConcurrentHashMap$ValuesView.forEach(ConcurrentHashMap.java:4780)
	at org.apache.dubbo.config.deploy.DefaultModuleDeployer.referServices(DefaultModuleDeployer.java:376)
	at org.apache.dubbo.config.deploy.DefaultModuleDeployer.startSync(DefaultModuleDeployer.java:167)
	at org.apache.dubbo.config.deploy.DefaultModuleDeployer.start(DefaultModuleDeployer.java:139)
	at org.apache.dubbo.config.spring.context.DubboDeployApplicationListener.onContextRefreshedEvent(DubboDeployApplicationListener.java:113)
	at org.apache.dubbo.config.spring.context.DubboDeployApplicationListener.onApplicationEvent(DubboDeployApplicationListener.java:102)
	at org.apache.dubbo.config.spring.context.DubboDeployApplicationListener.onApplicationEvent(DubboDeployApplicationListener.java:47)
	at org.springframework.context.event.SimpleApplicationEventMulticaster.doInvokeListener(SimpleApplicationEventMulticaster.java:176)
	at org.springframework.context.event.SimpleApplicationEventMulticaster.invokeListener(SimpleApplicationEventMulticaster.java:169)
	at org.springframework.context.event.SimpleApplicationEventMulticaster.multicastEvent(SimpleApplicationEventMulticaster.java:143)
	at org.springframework.context.support.AbstractApplicationContext.publishEvent(AbstractApplicationContext.java:413)
	at org.springframework.context.support.AbstractApplicationContext.publishEvent(AbstractApplicationContext.java:370)
	at org.springframework.context.support.AbstractApplicationContext.finishRefresh(AbstractApplicationContext.java:937)
	at org.springframework.context.support.AbstractApplicationContext.refresh(AbstractApplicationContext.java:587)
	at org.springframework.boot.SpringApplication.refresh(SpringApplication.java:732)
	at org.springframework.boot.SpringApplication.refreshContext(SpringApplication.java:434)
	at org.springframework.boot.SpringApplication.run(SpringApplication.java:310)
	at org.liyu.live.user.provider.UserProviderApplication.main(UserProviderApplication.java:39)
[2024-03-17 13:42:40.539 -ERROR] o.s.boot.SpringApplication               :Application run failed
java.lang.IllegalStateException: Failed to check the status of the service org.liyu.live.id.generate.interfaces.IdGenerateRpc. No provider available for the service org.liyu.live.id.generate.interfaces.IdGenerateRpc from the url consumer://10.96.54.43/org.liyu.live.id.generate.interfaces.IdGenerateRpc?application=liyu-live-id-generate-provider&background=false&dubbo=2.0.2&executor-management-mode=default&file.cache=true&interface=org.liyu.live.id.generate.interfaces.IdGenerateRpc&methods=getSeqId,getUnSeqId&pid=7588&qos.enable=true&register.ip=10.96.54.43&release=3.2.0-beta.3&side=consumer&sticky=false&timestamp=1710654157003&unloadClusterRelated=false to the consumer 10.96.54.43 use dubbo version 3.2.0-beta.3
	at org.apache.dubbo.config.ReferenceConfig.checkInvokerAvailable(ReferenceConfig.java:659)
	at org.apache.dubbo.config.ReferenceConfig.init(ReferenceConfig.java:306)
	at org.apache.dubbo.config.ReferenceConfig.get(ReferenceConfig.java:231)
	at org.apache.dubbo.config.utils.SimpleReferenceCache.destroyReference(SimpleReferenceCache.java:264)
	at org.apache.dubbo.config.utils.SimpleReferenceCache.destroy(SimpleReferenceCache.java:217)
	at org.apache.dubbo.config.utils.SimpleReferenceCache.destroy(SimpleReferenceCache.java:241)
	at org.apache.dubbo.config.deploy.DefaultModuleDeployer.lambda$referServices$6(DefaultModuleDeployer.java:401)
	at java.base/java.util.concurrent.ConcurrentHashMap$ValuesView.forEach(ConcurrentHashMap.java:4780)
	at org.apache.dubbo.config.deploy.DefaultModuleDeployer.referServices(DefaultModuleDeployer.java:376)
	at org.apache.dubbo.config.deploy.DefaultModuleDeployer.startSync(DefaultModuleDeployer.java:167)
	at org.apache.dubbo.config.deploy.DefaultModuleDeployer.start(DefaultModuleDeployer.java:139)
	at org.apache.dubbo.config.spring.context.DubboDeployApplicationListener.onContextRefreshedEvent(DubboDeployApplicationListener.java:113)
	at org.apache.dubbo.config.spring.context.DubboDeployApplicationListener.onApplicationEvent(DubboDeployApplicationListener.java:102)
	at org.apache.dubbo.config.spring.context.DubboDeployApplicationListener.onApplicationEvent(DubboDeployApplicationListener.java:47)
	at org.springframework.context.event.SimpleApplicationEventMulticaster.doInvokeListener(SimpleApplicationEventMulticaster.java:176)
	at org.springframework.context.event.SimpleApplicationEventMulticaster.invokeListener(SimpleApplicationEventMulticaster.java:169)
	at org.springframework.context.event.SimpleApplicationEventMulticaster.multicastEvent(SimpleApplicationEventMulticaster.java:143)
	at org.springframework.context.support.AbstractApplicationContext.publishEvent(AbstractApplicationContext.java:413)
	at org.springframework.context.support.AbstractApplicationContext.publishEvent(AbstractApplicationContext.java:370)
	at org.springframework.context.support.AbstractApplicationContext.finishRefresh(AbstractApplicationContext.java:937)
	at org.springframework.context.support.AbstractApplicationContext.refresh(AbstractApplicationContext.java:587)
	at org.springframework.boot.SpringApplication.refresh(SpringApplication.java:732)
	at org.springframework.boot.SpringApplication.refreshContext(SpringApplication.java:434)
	at org.springframework.boot.SpringApplication.run(SpringApplication.java:310)
	at org.liyu.live.user.provider.UserProviderApplication.main(UserProviderApplication.java:39)
[2024-03-17 13:44:47.994 -ERROR] o.a.d.c.r.GlobalResourcesRepository      : [DUBBO] Creating global shared handler ..., dubbo version: 3.2.0-beta.3, current host: 10.96.54.43
[2024-03-17 13:44:53.360 -ERROR] o.apache.dubbo.config.ReferenceConfig    : [DUBBO] No provider available., dubbo version: 3.2.0-beta.3, current host: 10.96.54.43, error code: 2-2. This may be caused by provider not started, go to https://dubbo.apache.org/faq/2/2 to find instructions. 
java.lang.IllegalStateException: Failed to check the status of the service org.liyu.live.id.generate.interfaces.IdGenerateRpc. No provider available for the service org.liyu.live.id.generate.interfaces.IdGenerateRpc from the url consumer://10.96.54.43/org.liyu.live.id.generate.interfaces.IdGenerateRpc?application=liyu-live-id-generate-provider&background=false&dubbo=2.0.2&executor-management-mode=default&file.cache=true&interface=org.liyu.live.id.generate.interfaces.IdGenerateRpc&methods=getSeqId,getUnSeqId&pid=10992&qos.enable=true&register.ip=10.96.54.43&release=3.2.0-beta.3&side=consumer&sticky=false&timestamp=1710654292921&unloadClusterRelated=false to the consumer 10.96.54.43 use dubbo version 3.2.0-beta.3
	at org.apache.dubbo.config.ReferenceConfig.checkInvokerAvailable(ReferenceConfig.java:659)
	at org.apache.dubbo.config.ReferenceConfig.init(ReferenceConfig.java:306)
	at org.apache.dubbo.config.ReferenceConfig.get(ReferenceConfig.java:231)
	at org.apache.dubbo.config.utils.SimpleReferenceCache.get(SimpleReferenceCache.java:131)
	at org.apache.dubbo.config.deploy.DefaultModuleDeployer.lambda$referServices$6(DefaultModuleDeployer.java:396)
	at java.base/java.util.concurrent.ConcurrentHashMap$ValuesView.forEach(ConcurrentHashMap.java:4780)
	at org.apache.dubbo.config.deploy.DefaultModuleDeployer.referServices(DefaultModuleDeployer.java:376)
	at org.apache.dubbo.config.deploy.DefaultModuleDeployer.startSync(DefaultModuleDeployer.java:167)
	at org.apache.dubbo.config.deploy.DefaultModuleDeployer.start(DefaultModuleDeployer.java:139)
	at org.apache.dubbo.config.spring.context.DubboDeployApplicationListener.onContextRefreshedEvent(DubboDeployApplicationListener.java:113)
	at org.apache.dubbo.config.spring.context.DubboDeployApplicationListener.onApplicationEvent(DubboDeployApplicationListener.java:102)
	at org.apache.dubbo.config.spring.context.DubboDeployApplicationListener.onApplicationEvent(DubboDeployApplicationListener.java:47)
	at org.springframework.context.event.SimpleApplicationEventMulticaster.doInvokeListener(SimpleApplicationEventMulticaster.java:176)
	at org.springframework.context.event.SimpleApplicationEventMulticaster.invokeListener(SimpleApplicationEventMulticaster.java:169)
	at org.springframework.context.event.SimpleApplicationEventMulticaster.multicastEvent(SimpleApplicationEventMulticaster.java:143)
	at org.springframework.context.support.AbstractApplicationContext.publishEvent(AbstractApplicationContext.java:413)
	at org.springframework.context.support.AbstractApplicationContext.publishEvent(AbstractApplicationContext.java:370)
	at org.springframework.context.support.AbstractApplicationContext.finishRefresh(AbstractApplicationContext.java:937)
	at org.springframework.context.support.AbstractApplicationContext.refresh(AbstractApplicationContext.java:587)
	at org.springframework.boot.SpringApplication.refresh(SpringApplication.java:732)
	at org.springframework.boot.SpringApplication.refreshContext(SpringApplication.java:434)
	at org.springframework.boot.SpringApplication.run(SpringApplication.java:310)
	at org.liyu.live.user.provider.UserProviderApplication.main(UserProviderApplication.java:39)
[2024-03-17 13:44:53.397 -ERROR] o.apache.dubbo.config.ReferenceConfig    : [DUBBO] No provider available., dubbo version: 3.2.0-beta.3, current host: 10.96.54.43, error code: 2-2. This may be caused by server crashed, go to https://dubbo.apache.org/faq/2/2 to find instructions. 
java.lang.IllegalStateException: Failed to check the status of the service org.liyu.live.id.generate.interfaces.IdGenerateRpc. No provider available for the service org.liyu.live.id.generate.interfaces.IdGenerateRpc from the url consumer://10.96.54.43/org.liyu.live.id.generate.interfaces.IdGenerateRpc?application=liyu-live-id-generate-provider&background=false&dubbo=2.0.2&executor-management-mode=default&file.cache=true&interface=org.liyu.live.id.generate.interfaces.IdGenerateRpc&methods=getSeqId,getUnSeqId&pid=10992&qos.enable=true&register.ip=10.96.54.43&release=3.2.0-beta.3&side=consumer&sticky=false&timestamp=1710654292921&unloadClusterRelated=false to the consumer 10.96.54.43 use dubbo version 3.2.0-beta.3
	at org.apache.dubbo.config.ReferenceConfig.checkInvokerAvailable(ReferenceConfig.java:659)
	at org.apache.dubbo.config.ReferenceConfig.init(ReferenceConfig.java:306)
	at org.apache.dubbo.config.ReferenceConfig.get(ReferenceConfig.java:231)
	at org.apache.dubbo.config.utils.SimpleReferenceCache.get(SimpleReferenceCache.java:131)
	at org.apache.dubbo.config.deploy.DefaultModuleDeployer.lambda$referServices$6(DefaultModuleDeployer.java:396)
	at java.base/java.util.concurrent.ConcurrentHashMap$ValuesView.forEach(ConcurrentHashMap.java:4780)
	at org.apache.dubbo.config.deploy.DefaultModuleDeployer.referServices(DefaultModuleDeployer.java:376)
	at org.apache.dubbo.config.deploy.DefaultModuleDeployer.startSync(DefaultModuleDeployer.java:167)
	at org.apache.dubbo.config.deploy.DefaultModuleDeployer.start(DefaultModuleDeployer.java:139)
	at org.apache.dubbo.config.spring.context.DubboDeployApplicationListener.onContextRefreshedEvent(DubboDeployApplicationListener.java:113)
	at org.apache.dubbo.config.spring.context.DubboDeployApplicationListener.onApplicationEvent(DubboDeployApplicationListener.java:102)
	at org.apache.dubbo.config.spring.context.DubboDeployApplicationListener.onApplicationEvent(DubboDeployApplicationListener.java:47)
	at org.springframework.context.event.SimpleApplicationEventMulticaster.doInvokeListener(SimpleApplicationEventMulticaster.java:176)
	at org.springframework.context.event.SimpleApplicationEventMulticaster.invokeListener(SimpleApplicationEventMulticaster.java:169)
	at org.springframework.context.event.SimpleApplicationEventMulticaster.multicastEvent(SimpleApplicationEventMulticaster.java:143)
	at org.springframework.context.support.AbstractApplicationContext.publishEvent(AbstractApplicationContext.java:413)
	at org.springframework.context.support.AbstractApplicationContext.publishEvent(AbstractApplicationContext.java:370)
	at org.springframework.context.support.AbstractApplicationContext.finishRefresh(AbstractApplicationContext.java:937)
	at org.springframework.context.support.AbstractApplicationContext.refresh(AbstractApplicationContext.java:587)
	at org.springframework.boot.SpringApplication.refresh(SpringApplication.java:732)
	at org.springframework.boot.SpringApplication.refreshContext(SpringApplication.java:434)
	at org.springframework.boot.SpringApplication.run(SpringApplication.java:310)
	at org.liyu.live.user.provider.UserProviderApplication.main(UserProviderApplication.java:39)
[2024-03-17 13:44:53.397 -ERROR] o.a.d.c.deploy.DefaultModuleDeployer     : [DUBBO] Model reference failed: Dubbo Module[1.1.1] , catch error : Failed to check the status of the service org.liyu.live.id.generate.interfaces.IdGenerateRpc. No provider available for the service org.liyu.live.id.generate.interfaces.IdGenerateRpc from the url consumer://10.96.54.43/org.liyu.live.id.generate.interfaces.IdGenerateRpc?application=liyu-live-id-generate-provider&background=false&dubbo=2.0.2&executor-management-mode=default&file.cache=true&interface=org.liyu.live.id.generate.interfaces.IdGenerateRpc&methods=getSeqId,getUnSeqId&pid=10992&qos.enable=true&register.ip=10.96.54.43&release=3.2.0-beta.3&side=consumer&sticky=false&timestamp=1710654292921&unloadClusterRelated=false to the consumer 10.96.54.43 use dubbo version 3.2.0-beta.3, dubbo version: 3.2.0-beta.3, current host: 10.96.54.43, error code: 5-15. This may be caused by , go to https://dubbo.apache.org/faq/5/15 to find instructions. 
java.lang.IllegalStateException: Failed to check the status of the service org.liyu.live.id.generate.interfaces.IdGenerateRpc. No provider available for the service org.liyu.live.id.generate.interfaces.IdGenerateRpc from the url consumer://10.96.54.43/org.liyu.live.id.generate.interfaces.IdGenerateRpc?application=liyu-live-id-generate-provider&background=false&dubbo=2.0.2&executor-management-mode=default&file.cache=true&interface=org.liyu.live.id.generate.interfaces.IdGenerateRpc&methods=getSeqId,getUnSeqId&pid=10992&qos.enable=true&register.ip=10.96.54.43&release=3.2.0-beta.3&side=consumer&sticky=false&timestamp=1710654292921&unloadClusterRelated=false to the consumer 10.96.54.43 use dubbo version 3.2.0-beta.3
	at org.apache.dubbo.config.ReferenceConfig.checkInvokerAvailable(ReferenceConfig.java:659)
	at org.apache.dubbo.config.ReferenceConfig.init(ReferenceConfig.java:306)
	at org.apache.dubbo.config.ReferenceConfig.get(ReferenceConfig.java:231)
	at org.apache.dubbo.config.utils.SimpleReferenceCache.get(SimpleReferenceCache.java:131)
	at org.apache.dubbo.config.deploy.DefaultModuleDeployer.lambda$referServices$6(DefaultModuleDeployer.java:396)
	at java.base/java.util.concurrent.ConcurrentHashMap$ValuesView.forEach(ConcurrentHashMap.java:4780)
	at org.apache.dubbo.config.deploy.DefaultModuleDeployer.referServices(DefaultModuleDeployer.java:376)
	at org.apache.dubbo.config.deploy.DefaultModuleDeployer.startSync(DefaultModuleDeployer.java:167)
	at org.apache.dubbo.config.deploy.DefaultModuleDeployer.start(DefaultModuleDeployer.java:139)
	at org.apache.dubbo.config.spring.context.DubboDeployApplicationListener.onContextRefreshedEvent(DubboDeployApplicationListener.java:113)
	at org.apache.dubbo.config.spring.context.DubboDeployApplicationListener.onApplicationEvent(DubboDeployApplicationListener.java:102)
	at org.apache.dubbo.config.spring.context.DubboDeployApplicationListener.onApplicationEvent(DubboDeployApplicationListener.java:47)
	at org.springframework.context.event.SimpleApplicationEventMulticaster.doInvokeListener(SimpleApplicationEventMulticaster.java:176)
	at org.springframework.context.event.SimpleApplicationEventMulticaster.invokeListener(SimpleApplicationEventMulticaster.java:169)
	at org.springframework.context.event.SimpleApplicationEventMulticaster.multicastEvent(SimpleApplicationEventMulticaster.java:143)
	at org.springframework.context.support.AbstractApplicationContext.publishEvent(AbstractApplicationContext.java:413)
	at org.springframework.context.support.AbstractApplicationContext.publishEvent(AbstractApplicationContext.java:370)
	at org.springframework.context.support.AbstractApplicationContext.finishRefresh(AbstractApplicationContext.java:937)
	at org.springframework.context.support.AbstractApplicationContext.refresh(AbstractApplicationContext.java:587)
	at org.springframework.boot.SpringApplication.refresh(SpringApplication.java:732)
	at org.springframework.boot.SpringApplication.refreshContext(SpringApplication.java:434)
	at org.springframework.boot.SpringApplication.run(SpringApplication.java:310)
	at org.liyu.live.user.provider.UserProviderApplication.main(UserProviderApplication.java:39)
[2024-03-17 13:44:53.742 -ERROR] o.apache.dubbo.config.ReferenceConfig    : [DUBBO] No provider available., dubbo version: 3.2.0-beta.3, current host: 10.96.54.43, error code: 2-2. This may be caused by provider not started, go to https://dubbo.apache.org/faq/2/2 to find instructions. 
java.lang.IllegalStateException: Failed to check the status of the service org.liyu.live.id.generate.interfaces.IdGenerateRpc. No provider available for the service org.liyu.live.id.generate.interfaces.IdGenerateRpc from the url consumer://10.96.54.43/org.liyu.live.id.generate.interfaces.IdGenerateRpc?application=liyu-live-id-generate-provider&background=false&dubbo=2.0.2&executor-management-mode=default&file.cache=true&interface=org.liyu.live.id.generate.interfaces.IdGenerateRpc&methods=getSeqId,getUnSeqId&pid=10992&qos.enable=true&register.ip=10.96.54.43&release=3.2.0-beta.3&side=consumer&sticky=false&timestamp=1710654293398&unloadClusterRelated=false to the consumer 10.96.54.43 use dubbo version 3.2.0-beta.3
	at org.apache.dubbo.config.ReferenceConfig.checkInvokerAvailable(ReferenceConfig.java:659)
	at org.apache.dubbo.config.ReferenceConfig.init(ReferenceConfig.java:306)
	at org.apache.dubbo.config.ReferenceConfig.get(ReferenceConfig.java:231)
	at org.apache.dubbo.config.utils.SimpleReferenceCache.destroyReference(SimpleReferenceCache.java:264)
	at org.apache.dubbo.config.utils.SimpleReferenceCache.destroy(SimpleReferenceCache.java:217)
	at org.apache.dubbo.config.utils.SimpleReferenceCache.destroy(SimpleReferenceCache.java:241)
	at org.apache.dubbo.config.deploy.DefaultModuleDeployer.lambda$referServices$6(DefaultModuleDeployer.java:401)
	at java.base/java.util.concurrent.ConcurrentHashMap$ValuesView.forEach(ConcurrentHashMap.java:4780)
	at org.apache.dubbo.config.deploy.DefaultModuleDeployer.referServices(DefaultModuleDeployer.java:376)
	at org.apache.dubbo.config.deploy.DefaultModuleDeployer.startSync(DefaultModuleDeployer.java:167)
	at org.apache.dubbo.config.deploy.DefaultModuleDeployer.start(DefaultModuleDeployer.java:139)
	at org.apache.dubbo.config.spring.context.DubboDeployApplicationListener.onContextRefreshedEvent(DubboDeployApplicationListener.java:113)
	at org.apache.dubbo.config.spring.context.DubboDeployApplicationListener.onApplicationEvent(DubboDeployApplicationListener.java:102)
	at org.apache.dubbo.config.spring.context.DubboDeployApplicationListener.onApplicationEvent(DubboDeployApplicationListener.java:47)
	at org.springframework.context.event.SimpleApplicationEventMulticaster.doInvokeListener(SimpleApplicationEventMulticaster.java:176)
	at org.springframework.context.event.SimpleApplicationEventMulticaster.invokeListener(SimpleApplicationEventMulticaster.java:169)
	at org.springframework.context.event.SimpleApplicationEventMulticaster.multicastEvent(SimpleApplicationEventMulticaster.java:143)
	at org.springframework.context.support.AbstractApplicationContext.publishEvent(AbstractApplicationContext.java:413)
	at org.springframework.context.support.AbstractApplicationContext.publishEvent(AbstractApplicationContext.java:370)
	at org.springframework.context.support.AbstractApplicationContext.finishRefresh(AbstractApplicationContext.java:937)
	at org.springframework.context.support.AbstractApplicationContext.refresh(AbstractApplicationContext.java:587)
	at org.springframework.boot.SpringApplication.refresh(SpringApplication.java:732)
	at org.springframework.boot.SpringApplication.refreshContext(SpringApplication.java:434)
	at org.springframework.boot.SpringApplication.run(SpringApplication.java:310)
	at org.liyu.live.user.provider.UserProviderApplication.main(UserProviderApplication.java:39)
[2024-03-17 13:44:53.767 -ERROR] o.apache.dubbo.config.ReferenceConfig    : [DUBBO] No provider available., dubbo version: 3.2.0-beta.3, current host: 10.96.54.43, error code: 2-2. This may be caused by server crashed, go to https://dubbo.apache.org/faq/2/2 to find instructions. 
java.lang.IllegalStateException: Failed to check the status of the service org.liyu.live.id.generate.interfaces.IdGenerateRpc. No provider available for the service org.liyu.live.id.generate.interfaces.IdGenerateRpc from the url consumer://10.96.54.43/org.liyu.live.id.generate.interfaces.IdGenerateRpc?application=liyu-live-id-generate-provider&background=false&dubbo=2.0.2&executor-management-mode=default&file.cache=true&interface=org.liyu.live.id.generate.interfaces.IdGenerateRpc&methods=getSeqId,getUnSeqId&pid=10992&qos.enable=true&register.ip=10.96.54.43&release=3.2.0-beta.3&side=consumer&sticky=false&timestamp=1710654293398&unloadClusterRelated=false to the consumer 10.96.54.43 use dubbo version 3.2.0-beta.3
	at org.apache.dubbo.config.ReferenceConfig.checkInvokerAvailable(ReferenceConfig.java:659)
	at org.apache.dubbo.config.ReferenceConfig.init(ReferenceConfig.java:306)
	at org.apache.dubbo.config.ReferenceConfig.get(ReferenceConfig.java:231)
	at org.apache.dubbo.config.utils.SimpleReferenceCache.destroyReference(SimpleReferenceCache.java:264)
	at org.apache.dubbo.config.utils.SimpleReferenceCache.destroy(SimpleReferenceCache.java:217)
	at org.apache.dubbo.config.utils.SimpleReferenceCache.destroy(SimpleReferenceCache.java:241)
	at org.apache.dubbo.config.deploy.DefaultModuleDeployer.lambda$referServices$6(DefaultModuleDeployer.java:401)
	at java.base/java.util.concurrent.ConcurrentHashMap$ValuesView.forEach(ConcurrentHashMap.java:4780)
	at org.apache.dubbo.config.deploy.DefaultModuleDeployer.referServices(DefaultModuleDeployer.java:376)
	at org.apache.dubbo.config.deploy.DefaultModuleDeployer.startSync(DefaultModuleDeployer.java:167)
	at org.apache.dubbo.config.deploy.DefaultModuleDeployer.start(DefaultModuleDeployer.java:139)
	at org.apache.dubbo.config.spring.context.DubboDeployApplicationListener.onContextRefreshedEvent(DubboDeployApplicationListener.java:113)
	at org.apache.dubbo.config.spring.context.DubboDeployApplicationListener.onApplicationEvent(DubboDeployApplicationListener.java:102)
	at org.apache.dubbo.config.spring.context.DubboDeployApplicationListener.onApplicationEvent(DubboDeployApplicationListener.java:47)
	at org.springframework.context.event.SimpleApplicationEventMulticaster.doInvokeListener(SimpleApplicationEventMulticaster.java:176)
	at org.springframework.context.event.SimpleApplicationEventMulticaster.invokeListener(SimpleApplicationEventMulticaster.java:169)
	at org.springframework.context.event.SimpleApplicationEventMulticaster.multicastEvent(SimpleApplicationEventMulticaster.java:143)
	at org.springframework.context.support.AbstractApplicationContext.publishEvent(AbstractApplicationContext.java:413)
	at org.springframework.context.support.AbstractApplicationContext.publishEvent(AbstractApplicationContext.java:370)
	at org.springframework.context.support.AbstractApplicationContext.finishRefresh(AbstractApplicationContext.java:937)
	at org.springframework.context.support.AbstractApplicationContext.refresh(AbstractApplicationContext.java:587)
	at org.springframework.boot.SpringApplication.refresh(SpringApplication.java:732)
	at org.springframework.boot.SpringApplication.refreshContext(SpringApplication.java:434)
	at org.springframework.boot.SpringApplication.run(SpringApplication.java:310)
	at org.liyu.live.user.provider.UserProviderApplication.main(UserProviderApplication.java:39)
[2024-03-17 13:44:53.767 -ERROR] o.a.d.c.deploy.DefaultModuleDeployer     : [DUBBO] Model start failed: Dubbo Module[1.1.1] start failed: java.lang.IllegalStateException: Failed to check the status of the service org.liyu.live.id.generate.interfaces.IdGenerateRpc. No provider available for the service org.liyu.live.id.generate.interfaces.IdGenerateRpc from the url consumer://10.96.54.43/org.liyu.live.id.generate.interfaces.IdGenerateRpc?application=liyu-live-id-generate-provider&background=false&dubbo=2.0.2&executor-management-mode=default&file.cache=true&interface=org.liyu.live.id.generate.interfaces.IdGenerateRpc&methods=getSeqId,getUnSeqId&pid=10992&qos.enable=true&register.ip=10.96.54.43&release=3.2.0-beta.3&side=consumer&sticky=false&timestamp=1710654293398&unloadClusterRelated=false to the consumer 10.96.54.43 use dubbo version 3.2.0-beta.3, dubbo version: 3.2.0-beta.3, current host: 10.96.54.43, error code: 5-14. This may be caused by , go to https://dubbo.apache.org/faq/5/14 to find instructions. 
java.lang.IllegalStateException: Failed to check the status of the service org.liyu.live.id.generate.interfaces.IdGenerateRpc. No provider available for the service org.liyu.live.id.generate.interfaces.IdGenerateRpc from the url consumer://10.96.54.43/org.liyu.live.id.generate.interfaces.IdGenerateRpc?application=liyu-live-id-generate-provider&background=false&dubbo=2.0.2&executor-management-mode=default&file.cache=true&interface=org.liyu.live.id.generate.interfaces.IdGenerateRpc&methods=getSeqId,getUnSeqId&pid=10992&qos.enable=true&register.ip=10.96.54.43&release=3.2.0-beta.3&side=consumer&sticky=false&timestamp=1710654293398&unloadClusterRelated=false to the consumer 10.96.54.43 use dubbo version 3.2.0-beta.3
	at org.apache.dubbo.config.ReferenceConfig.checkInvokerAvailable(ReferenceConfig.java:659)
	at org.apache.dubbo.config.ReferenceConfig.init(ReferenceConfig.java:306)
	at org.apache.dubbo.config.ReferenceConfig.get(ReferenceConfig.java:231)
	at org.apache.dubbo.config.utils.SimpleReferenceCache.destroyReference(SimpleReferenceCache.java:264)
	at org.apache.dubbo.config.utils.SimpleReferenceCache.destroy(SimpleReferenceCache.java:217)
	at org.apache.dubbo.config.utils.SimpleReferenceCache.destroy(SimpleReferenceCache.java:241)
	at org.apache.dubbo.config.deploy.DefaultModuleDeployer.lambda$referServices$6(DefaultModuleDeployer.java:401)
	at java.base/java.util.concurrent.ConcurrentHashMap$ValuesView.forEach(ConcurrentHashMap.java:4780)
	at org.apache.dubbo.config.deploy.DefaultModuleDeployer.referServices(DefaultModuleDeployer.java:376)
	at org.apache.dubbo.config.deploy.DefaultModuleDeployer.startSync(DefaultModuleDeployer.java:167)
	at org.apache.dubbo.config.deploy.DefaultModuleDeployer.start(DefaultModuleDeployer.java:139)
	at org.apache.dubbo.config.spring.context.DubboDeployApplicationListener.onContextRefreshedEvent(DubboDeployApplicationListener.java:113)
	at org.apache.dubbo.config.spring.context.DubboDeployApplicationListener.onApplicationEvent(DubboDeployApplicationListener.java:102)
	at org.apache.dubbo.config.spring.context.DubboDeployApplicationListener.onApplicationEvent(DubboDeployApplicationListener.java:47)
	at org.springframework.context.event.SimpleApplicationEventMulticaster.doInvokeListener(SimpleApplicationEventMulticaster.java:176)
	at org.springframework.context.event.SimpleApplicationEventMulticaster.invokeListener(SimpleApplicationEventMulticaster.java:169)
	at org.springframework.context.event.SimpleApplicationEventMulticaster.multicastEvent(SimpleApplicationEventMulticaster.java:143)
	at org.springframework.context.support.AbstractApplicationContext.publishEvent(AbstractApplicationContext.java:413)
	at org.springframework.context.support.AbstractApplicationContext.publishEvent(AbstractApplicationContext.java:370)
	at org.springframework.context.support.AbstractApplicationContext.finishRefresh(AbstractApplicationContext.java:937)
	at org.springframework.context.support.AbstractApplicationContext.refresh(AbstractApplicationContext.java:587)
	at org.springframework.boot.SpringApplication.refresh(SpringApplication.java:732)
	at org.springframework.boot.SpringApplication.refreshContext(SpringApplication.java:434)
	at org.springframework.boot.SpringApplication.run(SpringApplication.java:310)
	at org.liyu.live.user.provider.UserProviderApplication.main(UserProviderApplication.java:39)
[2024-03-17 13:44:54.042 -ERROR] o.a.d.c.d.DefaultApplicationDeployer     : [DUBBO] Dubbo Application[1.1](liyu-live-id-generate-provider) found failed module: Dubbo Module[1.1.1], dubbo version: 3.2.0-beta.3, current host: 10.96.54.43, error code: 5-14. This may be caused by , go to https://dubbo.apache.org/faq/5/14 to find instructions. 
java.lang.IllegalStateException: Failed to check the status of the service org.liyu.live.id.generate.interfaces.IdGenerateRpc. No provider available for the service org.liyu.live.id.generate.interfaces.IdGenerateRpc from the url consumer://10.96.54.43/org.liyu.live.id.generate.interfaces.IdGenerateRpc?application=liyu-live-id-generate-provider&background=false&dubbo=2.0.2&executor-management-mode=default&file.cache=true&interface=org.liyu.live.id.generate.interfaces.IdGenerateRpc&methods=getSeqId,getUnSeqId&pid=10992&qos.enable=true&register.ip=10.96.54.43&release=3.2.0-beta.3&side=consumer&sticky=false&timestamp=1710654293398&unloadClusterRelated=false to the consumer 10.96.54.43 use dubbo version 3.2.0-beta.3
	at org.apache.dubbo.config.ReferenceConfig.checkInvokerAvailable(ReferenceConfig.java:659)
	at org.apache.dubbo.config.ReferenceConfig.init(ReferenceConfig.java:306)
	at org.apache.dubbo.config.ReferenceConfig.get(ReferenceConfig.java:231)
	at org.apache.dubbo.config.utils.SimpleReferenceCache.destroyReference(SimpleReferenceCache.java:264)
	at org.apache.dubbo.config.utils.SimpleReferenceCache.destroy(SimpleReferenceCache.java:217)
	at org.apache.dubbo.config.utils.SimpleReferenceCache.destroy(SimpleReferenceCache.java:241)
	at org.apache.dubbo.config.deploy.DefaultModuleDeployer.lambda$referServices$6(DefaultModuleDeployer.java:401)
	at java.base/java.util.concurrent.ConcurrentHashMap$ValuesView.forEach(ConcurrentHashMap.java:4780)
	at org.apache.dubbo.config.deploy.DefaultModuleDeployer.referServices(DefaultModuleDeployer.java:376)
	at org.apache.dubbo.config.deploy.DefaultModuleDeployer.startSync(DefaultModuleDeployer.java:167)
	at org.apache.dubbo.config.deploy.DefaultModuleDeployer.start(DefaultModuleDeployer.java:139)
	at org.apache.dubbo.config.spring.context.DubboDeployApplicationListener.onContextRefreshedEvent(DubboDeployApplicationListener.java:113)
	at org.apache.dubbo.config.spring.context.DubboDeployApplicationListener.onApplicationEvent(DubboDeployApplicationListener.java:102)
	at org.apache.dubbo.config.spring.context.DubboDeployApplicationListener.onApplicationEvent(DubboDeployApplicationListener.java:47)
	at org.springframework.context.event.SimpleApplicationEventMulticaster.doInvokeListener(SimpleApplicationEventMulticaster.java:176)
	at org.springframework.context.event.SimpleApplicationEventMulticaster.invokeListener(SimpleApplicationEventMulticaster.java:169)
	at org.springframework.context.event.SimpleApplicationEventMulticaster.multicastEvent(SimpleApplicationEventMulticaster.java:143)
	at org.springframework.context.support.AbstractApplicationContext.publishEvent(AbstractApplicationContext.java:413)
	at org.springframework.context.support.AbstractApplicationContext.publishEvent(AbstractApplicationContext.java:370)
	at org.springframework.context.support.AbstractApplicationContext.finishRefresh(AbstractApplicationContext.java:937)
	at org.springframework.context.support.AbstractApplicationContext.refresh(AbstractApplicationContext.java:587)
	at org.springframework.boot.SpringApplication.refresh(SpringApplication.java:732)
	at org.springframework.boot.SpringApplication.refreshContext(SpringApplication.java:434)
	at org.springframework.boot.SpringApplication.run(SpringApplication.java:310)
	at org.liyu.live.user.provider.UserProviderApplication.main(UserProviderApplication.java:39)
[2024-03-17 13:44:56.835 -ERROR] o.s.boot.SpringApplication               :Application run failed
java.lang.IllegalStateException: Failed to check the status of the service org.liyu.live.id.generate.interfaces.IdGenerateRpc. No provider available for the service org.liyu.live.id.generate.interfaces.IdGenerateRpc from the url consumer://10.96.54.43/org.liyu.live.id.generate.interfaces.IdGenerateRpc?application=liyu-live-id-generate-provider&background=false&dubbo=2.0.2&executor-management-mode=default&file.cache=true&interface=org.liyu.live.id.generate.interfaces.IdGenerateRpc&methods=getSeqId,getUnSeqId&pid=10992&qos.enable=true&register.ip=10.96.54.43&release=3.2.0-beta.3&side=consumer&sticky=false&timestamp=1710654293398&unloadClusterRelated=false to the consumer 10.96.54.43 use dubbo version 3.2.0-beta.3
	at org.apache.dubbo.config.ReferenceConfig.checkInvokerAvailable(ReferenceConfig.java:659)
	at org.apache.dubbo.config.ReferenceConfig.init(ReferenceConfig.java:306)
	at org.apache.dubbo.config.ReferenceConfig.get(ReferenceConfig.java:231)
	at org.apache.dubbo.config.utils.SimpleReferenceCache.destroyReference(SimpleReferenceCache.java:264)
	at org.apache.dubbo.config.utils.SimpleReferenceCache.destroy(SimpleReferenceCache.java:217)
	at org.apache.dubbo.config.utils.SimpleReferenceCache.destroy(SimpleReferenceCache.java:241)
	at org.apache.dubbo.config.deploy.DefaultModuleDeployer.lambda$referServices$6(DefaultModuleDeployer.java:401)
	at java.base/java.util.concurrent.ConcurrentHashMap$ValuesView.forEach(ConcurrentHashMap.java:4780)
	at org.apache.dubbo.config.deploy.DefaultModuleDeployer.referServices(DefaultModuleDeployer.java:376)
	at org.apache.dubbo.config.deploy.DefaultModuleDeployer.startSync(DefaultModuleDeployer.java:167)
	at org.apache.dubbo.config.deploy.DefaultModuleDeployer.start(DefaultModuleDeployer.java:139)
	at org.apache.dubbo.config.spring.context.DubboDeployApplicationListener.onContextRefreshedEvent(DubboDeployApplicationListener.java:113)
	at org.apache.dubbo.config.spring.context.DubboDeployApplicationListener.onApplicationEvent(DubboDeployApplicationListener.java:102)
	at org.apache.dubbo.config.spring.context.DubboDeployApplicationListener.onApplicationEvent(DubboDeployApplicationListener.java:47)
	at org.springframework.context.event.SimpleApplicationEventMulticaster.doInvokeListener(SimpleApplicationEventMulticaster.java:176)
	at org.springframework.context.event.SimpleApplicationEventMulticaster.invokeListener(SimpleApplicationEventMulticaster.java:169)
	at org.springframework.context.event.SimpleApplicationEventMulticaster.multicastEvent(SimpleApplicationEventMulticaster.java:143)
	at org.springframework.context.support.AbstractApplicationContext.publishEvent(AbstractApplicationContext.java:413)
	at org.springframework.context.support.AbstractApplicationContext.publishEvent(AbstractApplicationContext.java:370)
	at org.springframework.context.support.AbstractApplicationContext.finishRefresh(AbstractApplicationContext.java:937)
	at org.springframework.context.support.AbstractApplicationContext.refresh(AbstractApplicationContext.java:587)
	at org.springframework.boot.SpringApplication.refresh(SpringApplication.java:732)
	at org.springframework.boot.SpringApplication.refreshContext(SpringApplication.java:434)
	at org.springframework.boot.SpringApplication.run(SpringApplication.java:310)
	at org.liyu.live.user.provider.UserProviderApplication.main(UserProviderApplication.java:39)
