[2024-04-30 11:26:58.179 -ERROR] o.a.d.c.r.GlobalResourcesRepository      : [DUBBO] Creating global shared handler ..., dubbo version: 3.2.0-beta.3, current host: 10.96.54.43
[2024-04-30 11:27:05.061 -ERROR] org.apache.dubbo.qos.server.Server       : [DUBBO] qos-server can not bind localhost:22222, dubbo version: 3.2.0-beta.3, current host: 10.96.54.43, error code: 7-4. This may be caused by , go to https://dubbo.apache.org/faq/7/4 to find instructions. 
java.net.BindException: Address already in use: bind
	at java.base/sun.nio.ch.Net.bind0(Native Method)
	at java.base/sun.nio.ch.Net.bind(Net.java:555)
	at java.base/sun.nio.ch.ServerSocketChannelImpl.netBind(ServerSocketChannelImpl.java:337)
	at java.base/sun.nio.ch.ServerSocketChannelImpl.bind(ServerSocketChannelImpl.java:294)
	at io.netty.channel.socket.nio.NioServerSocketChannel.doBind(NioServerSocketChannel.java:141)
	at io.netty.channel.AbstractChannel$AbstractUnsafe.bind(AbstractChannel.java:562)
	at io.netty.channel.DefaultChannelPipeline$HeadContext.bind(DefaultChannelPipeline.java:1334)
	at io.netty.channel.AbstractChannelHandlerContext.invokeBind(AbstractChannelHandlerContext.java:600)
	at io.netty.channel.AbstractChannelHandlerContext.bind(AbstractChannelHandlerContext.java:579)
	at io.netty.channel.DefaultChannelPipeline.bind(DefaultChannelPipeline.java:973)
	at io.netty.channel.AbstractChannel.bind(AbstractChannel.java:260)
	at io.netty.bootstrap.AbstractBootstrap$2.run(AbstractBootstrap.java:356)
	at io.netty.util.concurrent.AbstractEventExecutor.runTask$$$capture(AbstractEventExecutor.java:174)
	at io.netty.util.concurrent.AbstractEventExecutor.runTask(AbstractEventExecutor.java)
	at io.netty.util.concurrent.AbstractEventExecutor.safeExecute$$$capture(AbstractEventExecutor.java:167)
	at io.netty.util.concurrent.AbstractEventExecutor.safeExecute(AbstractEventExecutor.java)
	at io.netty.util.concurrent.SingleThreadEventExecutor.runAllTasks(SingleThreadEventExecutor.java:470)
	at io.netty.channel.nio.NioEventLoop.run(NioEventLoop.java:569)
	at io.netty.util.concurrent.SingleThreadEventExecutor$4.run(SingleThreadEventExecutor.java:997)
	at io.netty.util.internal.ThreadExecutorMap$2.run(ThreadExecutorMap.java:74)
	at io.netty.util.concurrent.FastThreadLocalRunnable.run(FastThreadLocalRunnable.java:30)
	at java.base/java.lang.Thread.run(Thread.java:842)
[2024-04-30 11:27:10.587 -ERROR] o.a.d.r.transport.netty4.NettyClient     : [DUBBO] Failed to connect to provider server by other reason., dubbo version: 3.2.0-beta.3, current host: 10.96.54.43, error code: 6-1. This may be caused by network disconnected, go to https://dubbo.apache.org/faq/6/1 to find instructions. 
io.netty.channel.AbstractChannel$AnnotatedConnectException: Connection refused: no further information: /10.96.54.43:9096
Caused by: java.net.ConnectException: Connection refused: no further information
	at java.base/sun.nio.ch.Net.pollConnect(Native Method)
	at java.base/sun.nio.ch.Net.pollConnectNow(Net.java:672)
	at java.base/sun.nio.ch.SocketChannelImpl.finishConnect(SocketChannelImpl.java:946)
	at io.netty.channel.socket.nio.NioSocketChannel.doFinishConnect(NioSocketChannel.java:337)
	at io.netty.channel.nio.AbstractNioChannel$AbstractNioUnsafe.finishConnect(AbstractNioChannel.java:334)
	at io.netty.channel.nio.NioEventLoop.processSelectedKey(NioEventLoop.java:776)
	at io.netty.channel.nio.NioEventLoop.processSelectedKeysOptimized(NioEventLoop.java:724)
	at io.netty.channel.nio.NioEventLoop.processSelectedKeys(NioEventLoop.java:650)
	at io.netty.channel.nio.NioEventLoop.run(NioEventLoop.java:562)
	at io.netty.util.concurrent.SingleThreadEventExecutor$4.run(SingleThreadEventExecutor.java:997)
	at io.netty.util.internal.ThreadExecutorMap$2.run(ThreadExecutorMap.java:74)
	at io.netty.util.concurrent.FastThreadLocalRunnable.run(FastThreadLocalRunnable.java:30)
	at java.base/java.lang.Thread.run(Thread.java:842)
[2024-04-30 11:27:10.590 -ERROR] .d.r.c.ServiceDiscoveryRegistryDirectory : [DUBBO] Failed to refer invoker for interface:interface org.liyu.live.bank.interfaces.ILiyuCurrencyAccountRpc,url:(DefaultServiceInstance{serviceName='liyu-live-bank-provider', host='10.96.54.43', port=9096, enabled=true, healthy=true, metadata={dubbo.metadata-service.url-params={"prefer.serialization":"fastjson2,hessian2","version":"1.0.0","dubbo":"2.0.2","release":"3.2.0-beta.3","side":"provider","port":"9096","protocol":"dubbo"}, dubbo.endpoints=[{"port":9096,"protocol":"dubbo"}], dubbo.metadata.revision=1b31cf0cd61256e0a48409be1abaaca7, dubbo.metadata.storage-type=local, timestamp=1714378592779}}, service{name='org.liyu.live.bank.interfaces.ILiyuCurrencyAccountRpc',group='null',version='null',protocol='dubbo',port='9096',params={executor-management-mode=default, side=provider, accepts=500, release=3.2.0-beta.3, methods=consumeForSendGift,decr,getBalance,incr, deprecated=false, dubbo=2.0.2, threads=500, interface=org.liyu.live.bank.interfaces.ILiyuCurrencyAccountRpc, service-name-mapping=true, threadpool=fixed, generic=false, application=liyu-live-bank-provider, prefer.serialization=fastjson2,hessian2, background=false, file.cache=true, dynamic=true, dispatcher=execution, anyhost=true},})Fail to create remoting client for service(dubbo://10.96.54.43:9096/org.liyu.live.bank.interfaces.ILiyuCurrencyAccountRpc?accepts=500&anyhost=true&application=liyu-live-gift-provider&background=false&codec=dubbo&deprecated=false&dispatcher=execution&dubbo=2.0.2&dubbo.endpoints=[{"port":9096,"protocol":"dubbo"}]&dubbo.metadata-service.url-params={"prefer.serialization":"fastjson2,hessian2","version":"1.0.0","dubbo":"2.0.2","release":"3.2.0-beta.3","side":"provider","port":"9096","protocol":"dubbo"}&dubbo.metadata.revision=1b31cf0cd61256e0a48409be1abaaca7&dubbo.metadata.storage-type=local&dynamic=true&executor-management-mode=default&file.cache=true&generic=false&heartbeat=60000&interface=org.liyu.live.bank.interfaces.ILiyuCurrencyAccountRpc&methods=consumeForSendGift,decr,getBalance,incr&pid=23784&prefer.serialization=fastjson2,hessian2&qos.enable=true&register.ip=10.96.54.43&release=3.2.0-beta.3&service-name-mapping=true&side=consumer&sticky=false&threadpool=fixed&threads=500&timestamp=1714378592779&unloadClusterRelated=false): client(url: dubbo://10.96.54.43:9096/org.liyu.live.bank.interfaces.ILiyuCurrencyAccountRpc?accepts=500&anyhost=true&application=liyu-live-gift-provider&background=false&codec=dubbo&deprecated=false&dispatcher=execution&dubbo=2.0.2&dubbo.endpoints=[{"port":9096,"protocol":"dubbo"}]&dubbo.metadata-service.url-params={"prefer.serialization":"fastjson2,hessian2","version":"1.0.0","dubbo":"2.0.2","release":"3.2.0-beta.3","side":"provider","port":"9096","protocol":"dubbo"}&dubbo.metadata.revision=1b31cf0cd61256e0a48409be1abaaca7&dubbo.metadata.storage-type=local&dynamic=true&executor-management-mode=default&file.cache=true&generic=false&heartbeat=60000&interface=org.liyu.live.bank.interfaces.ILiyuCurrencyAccountRpc&methods=consumeForSendGift,decr,getBalance,incr&pid=23784&prefer.serialization=fastjson2,hessian2&qos.enable=true&register.ip=10.96.54.43&release=3.2.0-beta.3&service-name-mapping=true&side=consumer&sticky=false&threadpool=fixed&threads=500&timestamp=1714378592779&unloadClusterRelated=false) failed to connect to server /10.96.54.43:9096, error message is:Connection refused: no further information: /10.96.54.43:9096, dubbo version: 3.2.0-beta.3, current host: 10.96.54.43, error code: 4-3. This may be caused by , go to https://dubbo.apache.org/faq/4/3 to find instructions. 
org.apache.dubbo.rpc.RpcException: Fail to create remoting client for service(dubbo://10.96.54.43:9096/org.liyu.live.bank.interfaces.ILiyuCurrencyAccountRpc?accepts=500&anyhost=true&application=liyu-live-gift-provider&background=false&codec=dubbo&deprecated=false&dispatcher=execution&dubbo=2.0.2&dubbo.endpoints=[{"port":9096,"protocol":"dubbo"}]&dubbo.metadata-service.url-params={"prefer.serialization":"fastjson2,hessian2","version":"1.0.0","dubbo":"2.0.2","release":"3.2.0-beta.3","side":"provider","port":"9096","protocol":"dubbo"}&dubbo.metadata.revision=1b31cf0cd61256e0a48409be1abaaca7&dubbo.metadata.storage-type=local&dynamic=true&executor-management-mode=default&file.cache=true&generic=false&heartbeat=60000&interface=org.liyu.live.bank.interfaces.ILiyuCurrencyAccountRpc&methods=consumeForSendGift,decr,getBalance,incr&pid=23784&prefer.serialization=fastjson2,hessian2&qos.enable=true&register.ip=10.96.54.43&release=3.2.0-beta.3&service-name-mapping=true&side=consumer&sticky=false&threadpool=fixed&threads=500&timestamp=1714378592779&unloadClusterRelated=false): client(url: dubbo://10.96.54.43:9096/org.liyu.live.bank.interfaces.ILiyuCurrencyAccountRpc?accepts=500&anyhost=true&application=liyu-live-gift-provider&background=false&codec=dubbo&deprecated=false&dispatcher=execution&dubbo=2.0.2&dubbo.endpoints=[{"port":9096,"protocol":"dubbo"}]&dubbo.metadata-service.url-params={"prefer.serialization":"fastjson2,hessian2","version":"1.0.0","dubbo":"2.0.2","release":"3.2.0-beta.3","side":"provider","port":"9096","protocol":"dubbo"}&dubbo.metadata.revision=1b31cf0cd61256e0a48409be1abaaca7&dubbo.metadata.storage-type=local&dynamic=true&executor-management-mode=default&file.cache=true&generic=false&heartbeat=60000&interface=org.liyu.live.bank.interfaces.ILiyuCurrencyAccountRpc&methods=consumeForSendGift,decr,getBalance,incr&pid=23784&prefer.serialization=fastjson2,hessian2&qos.enable=true&register.ip=10.96.54.43&release=3.2.0-beta.3&service-name-mapping=true&side=consumer&sticky=false&threadpool=fixed&threads=500&timestamp=1714378592779&unloadClusterRelated=false) failed to connect to server /10.96.54.43:9096, error message is:Connection refused: no further information: /10.96.54.43:9096
	at org.apache.dubbo.rpc.protocol.dubbo.DubboProtocol.initClient(DubboProtocol.java:613)
	at org.apache.dubbo.rpc.protocol.dubbo.DubboProtocol.buildReferenceCountExchangeClient(DubboProtocol.java:575)
	at org.apache.dubbo.rpc.protocol.dubbo.DubboProtocol.buildReferenceCountExchangeClientList(DubboProtocol.java:562)
	at org.apache.dubbo.rpc.protocol.dubbo.DubboProtocol.getSharedClient(DubboProtocol.java:495)
	at org.apache.dubbo.rpc.protocol.dubbo.DubboProtocol.getClients(DubboProtocol.java:429)
	at org.apache.dubbo.rpc.protocol.dubbo.DubboProtocol.protocolBindingRefer(DubboProtocol.java:410)
	at org.apache.dubbo.rpc.protocol.dubbo.DubboProtocol.refer(DubboProtocol.java:401)
	at org.apache.dubbo.rpc.protocol.ProtocolListenerWrapper.refer(ProtocolListenerWrapper.java:77)
	at org.apache.dubbo.qos.protocol.QosProtocolWrapper.refer(QosProtocolWrapper.java:85)
	at org.apache.dubbo.rpc.cluster.filter.ProtocolFilterWrapper.refer(ProtocolFilterWrapper.java:74)
	at org.apache.dubbo.rpc.protocol.ProtocolSerializationWrapper.refer(ProtocolSerializationWrapper.java:52)
	at org.apache.dubbo.rpc.Protocol$Adaptive.refer(Protocol$Adaptive.java)
	at org.apache.dubbo.registry.client.ServiceDiscoveryRegistryDirectory.toInvokers(ServiceDiscoveryRegistryDirectory.java:361)
	at org.apache.dubbo.registry.client.ServiceDiscoveryRegistryDirectory.refreshInvoker(ServiceDiscoveryRegistryDirectory.java:255)
	at org.apache.dubbo.registry.client.ServiceDiscoveryRegistryDirectory.refreshOverrideAndInvoker(ServiceDiscoveryRegistryDirectory.java:182)
	at org.apache.dubbo.registry.client.ServiceDiscoveryRegistryDirectory.notify(ServiceDiscoveryRegistryDirectory.java:176)
	at org.apache.dubbo.registry.client.event.listener.ServiceInstancesChangedListener.addListenerAndNotify(ServiceInstancesChangedListener.java:237)
	at org.apache.dubbo.registry.client.ServiceDiscoveryRegistry.subscribeURLs(ServiceDiscoveryRegistry.java:328)
	at org.apache.dubbo.registry.client.ServiceDiscoveryRegistry.doSubscribe(ServiceDiscoveryRegistry.java:224)
	at org.apache.dubbo.registry.client.ServiceDiscoveryRegistry.subscribe(ServiceDiscoveryRegistry.java:185)
	at org.apache.dubbo.registry.ListenerRegistryWrapper.subscribe(ListenerRegistryWrapper.java:88)
	at org.apache.dubbo.registry.integration.DynamicDirectory.subscribe(DynamicDirectory.java:183)
	at org.apache.dubbo.registry.client.ServiceDiscoveryRegistryDirectory.subscribe(ServiceDiscoveryRegistryDirectory.java:127)
	at org.apache.dubbo.registry.integration.RegistryProtocol.doCreateInvoker(RegistryProtocol.java:570)
	at org.apache.dubbo.registry.integration.InterfaceCompatibleRegistryProtocol.getServiceDiscoveryInvoker(InterfaceCompatibleRegistryProtocol.java:65)
	at org.apache.dubbo.registry.client.migration.MigrationInvoker.refreshServiceDiscoveryInvoker(MigrationInvoker.java:437)
	at org.apache.dubbo.registry.client.migration.MigrationInvoker.migrateToApplicationFirstInvoker(MigrationInvoker.java:245)
	at org.apache.dubbo.registry.client.migration.MigrationRuleHandler.refreshInvoker(MigrationRuleHandler.java:76)
	at org.apache.dubbo.registry.client.migration.MigrationRuleHandler.doMigrate(MigrationRuleHandler.java:60)
	at org.apache.dubbo.registry.client.migration.MigrationRuleListener.onRefer(MigrationRuleListener.java:247)
	at org.apache.dubbo.registry.integration.RegistryProtocol.interceptInvoker(RegistryProtocol.java:535)
	at org.apache.dubbo.registry.integration.RegistryProtocol.doRefer(RegistryProtocol.java:505)
	at org.apache.dubbo.registry.integration.RegistryProtocol.refer(RegistryProtocol.java:487)
	at org.apache.dubbo.rpc.protocol.ProtocolListenerWrapper.refer(ProtocolListenerWrapper.java:74)
	at org.apache.dubbo.qos.protocol.QosProtocolWrapper.refer(QosProtocolWrapper.java:85)
	at org.apache.dubbo.rpc.cluster.filter.ProtocolFilterWrapper.refer(ProtocolFilterWrapper.java:71)
	at org.apache.dubbo.rpc.protocol.ProtocolSerializationWrapper.refer(ProtocolSerializationWrapper.java:52)
	at org.apache.dubbo.rpc.Protocol$Adaptive.refer(Protocol$Adaptive.java)
	at org.apache.dubbo.config.ReferenceConfig.createInvokerForRemote(ReferenceConfig.java:605)
	at org.apache.dubbo.config.ReferenceConfig.createProxy(ReferenceConfig.java:439)
	at org.apache.dubbo.config.ReferenceConfig.init(ReferenceConfig.java:297)
	at org.apache.dubbo.config.ReferenceConfig.get(ReferenceConfig.java:231)
	at org.apache.dubbo.config.utils.SimpleReferenceCache.get(SimpleReferenceCache.java:131)
	at org.apache.dubbo.config.deploy.DefaultModuleDeployer.lambda$referServices$6(DefaultModuleDeployer.java:396)
	at java.base/java.util.concurrent.ConcurrentHashMap$ValuesView.forEach(ConcurrentHashMap.java:4780)
	at org.apache.dubbo.config.deploy.DefaultModuleDeployer.referServices(DefaultModuleDeployer.java:376)
	at org.apache.dubbo.config.deploy.DefaultModuleDeployer.startSync(DefaultModuleDeployer.java:167)
	at org.apache.dubbo.config.deploy.DefaultModuleDeployer.start(DefaultModuleDeployer.java:139)
	at org.apache.dubbo.config.spring.context.DubboDeployApplicationListener.onContextRefreshedEvent(DubboDeployApplicationListener.java:113)
	at org.apache.dubbo.config.spring.context.DubboDeployApplicationListener.onApplicationEvent(DubboDeployApplicationListener.java:102)
	at org.apache.dubbo.config.spring.context.DubboDeployApplicationListener.onApplicationEvent(DubboDeployApplicationListener.java:47)
	at org.springframework.context.event.SimpleApplicationEventMulticaster.doInvokeListener(SimpleApplicationEventMulticaster.java:176)
	at org.springframework.context.event.SimpleApplicationEventMulticaster.invokeListener(SimpleApplicationEventMulticaster.java:169)
	at org.springframework.context.event.SimpleApplicationEventMulticaster.multicastEvent(SimpleApplicationEventMulticaster.java:143)
	at org.springframework.context.support.AbstractApplicationContext.publishEvent(AbstractApplicationContext.java:413)
	at org.springframework.context.support.AbstractApplicationContext.publishEvent(AbstractApplicationContext.java:370)
	at org.springframework.context.support.AbstractApplicationContext.finishRefresh(AbstractApplicationContext.java:937)
	at org.springframework.context.support.AbstractApplicationContext.refresh(AbstractApplicationContext.java:587)
	at org.springframework.boot.SpringApplication.refresh(SpringApplication.java:732)
	at org.springframework.boot.SpringApplication.refreshContext(SpringApplication.java:434)
	at org.springframework.boot.SpringApplication.run(SpringApplication.java:310)
	at org.liyu.live.gift.provider.GiftProviderApplication.main(GiftProviderApplication.java:20)
Caused by: org.apache.dubbo.remoting.RemotingException: client(url: dubbo://10.96.54.43:9096/org.liyu.live.bank.interfaces.ILiyuCurrencyAccountRpc?accepts=500&anyhost=true&application=liyu-live-gift-provider&background=false&codec=dubbo&deprecated=false&dispatcher=execution&dubbo=2.0.2&dubbo.endpoints=[{"port":9096,"protocol":"dubbo"}]&dubbo.metadata-service.url-params={"prefer.serialization":"fastjson2,hessian2","version":"1.0.0","dubbo":"2.0.2","release":"3.2.0-beta.3","side":"provider","port":"9096","protocol":"dubbo"}&dubbo.metadata.revision=1b31cf0cd61256e0a48409be1abaaca7&dubbo.metadata.storage-type=local&dynamic=true&executor-management-mode=default&file.cache=true&generic=false&heartbeat=60000&interface=org.liyu.live.bank.interfaces.ILiyuCurrencyAccountRpc&methods=consumeForSendGift,decr,getBalance,incr&pid=23784&prefer.serialization=fastjson2,hessian2&qos.enable=true&register.ip=10.96.54.43&release=3.2.0-beta.3&service-name-mapping=true&side=consumer&sticky=false&threadpool=fixed&threads=500&timestamp=1714378592779&unloadClusterRelated=false) failed to connect to server /10.96.54.43:9096, error message is:Connection refused: no further information: /10.96.54.43:9096
	at org.apache.dubbo.remoting.transport.netty4.NettyClient.doConnect(NettyClient.java:224)
	at org.apache.dubbo.remoting.transport.netty4.NettyClient.doConnect(NettyClient.java:171)
	at org.apache.dubbo.remoting.transport.AbstractClient.connect(AbstractClient.java:219)
	at org.apache.dubbo.remoting.transport.AbstractClient.<init>(AbstractClient.java:77)
	at org.apache.dubbo.remoting.transport.netty4.NettyClient.<init>(NettyClient.java:94)
	at org.apache.dubbo.remoting.transport.netty4.NettyTransporter.connect(NettyTransporter.java:40)
	at org.apache.dubbo.remoting.Transporter$Adaptive.connect(Transporter$Adaptive.java)
	at org.apache.dubbo.remoting.Transporters.connect(Transporters.java:74)
	at org.apache.dubbo.remoting.exchange.support.header.HeaderExchanger.connect(HeaderExchanger.java:42)
	at org.apache.dubbo.remoting.exchange.Exchangers.connect(Exchangers.java:107)
	at org.apache.dubbo.rpc.protocol.dubbo.DubboProtocol.initClient(DubboProtocol.java:611)
	... 61 common frames omitted
Caused by: io.netty.channel.AbstractChannel$AnnotatedConnectException: Connection refused: no further information: /10.96.54.43:9096
Caused by: java.net.ConnectException: Connection refused: no further information
	at java.base/sun.nio.ch.Net.pollConnect(Native Method)
	at java.base/sun.nio.ch.Net.pollConnectNow(Net.java:672)
	at java.base/sun.nio.ch.SocketChannelImpl.finishConnect(SocketChannelImpl.java:946)
	at io.netty.channel.socket.nio.NioSocketChannel.doFinishConnect(NioSocketChannel.java:337)
	at io.netty.channel.nio.AbstractNioChannel$AbstractNioUnsafe.finishConnect(AbstractNioChannel.java:334)
	at io.netty.channel.nio.NioEventLoop.processSelectedKey(NioEventLoop.java:776)
	at io.netty.channel.nio.NioEventLoop.processSelectedKeysOptimized(NioEventLoop.java:724)
	at io.netty.channel.nio.NioEventLoop.processSelectedKeys(NioEventLoop.java:650)
	at io.netty.channel.nio.NioEventLoop.run(NioEventLoop.java:562)
	at io.netty.util.concurrent.SingleThreadEventExecutor$4.run(SingleThreadEventExecutor.java:997)
	at io.netty.util.internal.ThreadExecutorMap$2.run(ThreadExecutorMap.java:74)
	at io.netty.util.concurrent.FastThreadLocalRunnable.run(FastThreadLocalRunnable.java:30)
	at java.base/java.lang.Thread.run(Thread.java:842)
[2024-04-30 11:27:10.593 -ERROR] .d.r.c.ServiceDiscoveryRegistryDirectory : [DUBBO] Unsupported protocol., dubbo version: 3.2.0-beta.3, current host: 10.96.54.43, error code: 4-1. This may be caused by , go to https://dubbo.apache.org/faq/4/1 to find instructions. 
java.lang.IllegalStateException: Cannot create invokers from url address list (total 1)
	at org.apache.dubbo.registry.client.ServiceDiscoveryRegistryDirectory.refreshInvoker(ServiceDiscoveryRegistryDirectory.java:259)
	at org.apache.dubbo.registry.client.ServiceDiscoveryRegistryDirectory.refreshOverrideAndInvoker(ServiceDiscoveryRegistryDirectory.java:182)
	at org.apache.dubbo.registry.client.ServiceDiscoveryRegistryDirectory.notify(ServiceDiscoveryRegistryDirectory.java:176)
	at org.apache.dubbo.registry.client.event.listener.ServiceInstancesChangedListener.addListenerAndNotify(ServiceInstancesChangedListener.java:237)
	at org.apache.dubbo.registry.client.ServiceDiscoveryRegistry.subscribeURLs(ServiceDiscoveryRegistry.java:328)
	at org.apache.dubbo.registry.client.ServiceDiscoveryRegistry.doSubscribe(ServiceDiscoveryRegistry.java:224)
	at org.apache.dubbo.registry.client.ServiceDiscoveryRegistry.subscribe(ServiceDiscoveryRegistry.java:185)
	at org.apache.dubbo.registry.ListenerRegistryWrapper.subscribe(ListenerRegistryWrapper.java:88)
	at org.apache.dubbo.registry.integration.DynamicDirectory.subscribe(DynamicDirectory.java:183)
	at org.apache.dubbo.registry.client.ServiceDiscoveryRegistryDirectory.subscribe(ServiceDiscoveryRegistryDirectory.java:127)
	at org.apache.dubbo.registry.integration.RegistryProtocol.doCreateInvoker(RegistryProtocol.java:570)
	at org.apache.dubbo.registry.integration.InterfaceCompatibleRegistryProtocol.getServiceDiscoveryInvoker(InterfaceCompatibleRegistryProtocol.java:65)
	at org.apache.dubbo.registry.client.migration.MigrationInvoker.refreshServiceDiscoveryInvoker(MigrationInvoker.java:437)
	at org.apache.dubbo.registry.client.migration.MigrationInvoker.migrateToApplicationFirstInvoker(MigrationInvoker.java:245)
	at org.apache.dubbo.registry.client.migration.MigrationRuleHandler.refreshInvoker(MigrationRuleHandler.java:76)
	at org.apache.dubbo.registry.client.migration.MigrationRuleHandler.doMigrate(MigrationRuleHandler.java:60)
	at org.apache.dubbo.registry.client.migration.MigrationRuleListener.onRefer(MigrationRuleListener.java:247)
	at org.apache.dubbo.registry.integration.RegistryProtocol.interceptInvoker(RegistryProtocol.java:535)
	at org.apache.dubbo.registry.integration.RegistryProtocol.doRefer(RegistryProtocol.java:505)
	at org.apache.dubbo.registry.integration.RegistryProtocol.refer(RegistryProtocol.java:487)
	at org.apache.dubbo.rpc.protocol.ProtocolListenerWrapper.refer(ProtocolListenerWrapper.java:74)
	at org.apache.dubbo.qos.protocol.QosProtocolWrapper.refer(QosProtocolWrapper.java:85)
	at org.apache.dubbo.rpc.cluster.filter.ProtocolFilterWrapper.refer(ProtocolFilterWrapper.java:71)
	at org.apache.dubbo.rpc.protocol.ProtocolSerializationWrapper.refer(ProtocolSerializationWrapper.java:52)
	at org.apache.dubbo.rpc.Protocol$Adaptive.refer(Protocol$Adaptive.java)
	at org.apache.dubbo.config.ReferenceConfig.createInvokerForRemote(ReferenceConfig.java:605)
	at org.apache.dubbo.config.ReferenceConfig.createProxy(ReferenceConfig.java:439)
	at org.apache.dubbo.config.ReferenceConfig.init(ReferenceConfig.java:297)
	at org.apache.dubbo.config.ReferenceConfig.get(ReferenceConfig.java:231)
	at org.apache.dubbo.config.utils.SimpleReferenceCache.get(SimpleReferenceCache.java:131)
	at org.apache.dubbo.config.deploy.DefaultModuleDeployer.lambda$referServices$6(DefaultModuleDeployer.java:396)
	at java.base/java.util.concurrent.ConcurrentHashMap$ValuesView.forEach(ConcurrentHashMap.java:4780)
	at org.apache.dubbo.config.deploy.DefaultModuleDeployer.referServices(DefaultModuleDeployer.java:376)
	at org.apache.dubbo.config.deploy.DefaultModuleDeployer.startSync(DefaultModuleDeployer.java:167)
	at org.apache.dubbo.config.deploy.DefaultModuleDeployer.start(DefaultModuleDeployer.java:139)
	at org.apache.dubbo.config.spring.context.DubboDeployApplicationListener.onContextRefreshedEvent(DubboDeployApplicationListener.java:113)
	at org.apache.dubbo.config.spring.context.DubboDeployApplicationListener.onApplicationEvent(DubboDeployApplicationListener.java:102)
	at org.apache.dubbo.config.spring.context.DubboDeployApplicationListener.onApplicationEvent(DubboDeployApplicationListener.java:47)
	at org.springframework.context.event.SimpleApplicationEventMulticaster.doInvokeListener(SimpleApplicationEventMulticaster.java:176)
	at org.springframework.context.event.SimpleApplicationEventMulticaster.invokeListener(SimpleApplicationEventMulticaster.java:169)
	at org.springframework.context.event.SimpleApplicationEventMulticaster.multicastEvent(SimpleApplicationEventMulticaster.java:143)
	at org.springframework.context.support.AbstractApplicationContext.publishEvent(AbstractApplicationContext.java:413)
	at org.springframework.context.support.AbstractApplicationContext.publishEvent(AbstractApplicationContext.java:370)
	at org.springframework.context.support.AbstractApplicationContext.finishRefresh(AbstractApplicationContext.java:937)
	at org.springframework.context.support.AbstractApplicationContext.refresh(AbstractApplicationContext.java:587)
	at org.springframework.boot.SpringApplication.refresh(SpringApplication.java:732)
	at org.springframework.boot.SpringApplication.refreshContext(SpringApplication.java:434)
	at org.springframework.boot.SpringApplication.run(SpringApplication.java:310)
	at org.liyu.live.gift.provider.GiftProviderApplication.main(GiftProviderApplication.java:20)
[2024-04-30 11:27:10.623 -ERROR] o.apache.dubbo.config.ReferenceConfig    : [DUBBO] No provider available., dubbo version: 3.2.0-beta.3, current host: 10.96.54.43, error code: 2-2. This may be caused by provider not started, go to https://dubbo.apache.org/faq/2/2 to find instructions. 
java.lang.IllegalStateException: Failed to check the status of the service org.liyu.live.bank.interfaces.ILiyuCurrencyAccountRpc. No provider available for the service org.liyu.live.bank.interfaces.ILiyuCurrencyAccountRpc from the url consumer://10.96.54.43/org.liyu.live.bank.interfaces.ILiyuCurrencyAccountRpc?application=liyu-live-gift-provider&background=false&dubbo=2.0.2&executor-management-mode=default&file.cache=true&interface=org.liyu.live.bank.interfaces.ILiyuCurrencyAccountRpc&methods=consumeForSendGift,decr,getBalance,incr&pid=23784&qos.enable=true&register.ip=10.96.54.43&release=3.2.0-beta.3&side=consumer&sticky=false&timestamp=1714447628049&unloadClusterRelated=false to the consumer 10.96.54.43 use dubbo version 3.2.0-beta.3
	at org.apache.dubbo.config.ReferenceConfig.checkInvokerAvailable(ReferenceConfig.java:659)
	at org.apache.dubbo.config.ReferenceConfig.init(ReferenceConfig.java:306)
	at org.apache.dubbo.config.ReferenceConfig.get(ReferenceConfig.java:231)
	at org.apache.dubbo.config.utils.SimpleReferenceCache.get(SimpleReferenceCache.java:131)
	at org.apache.dubbo.config.deploy.DefaultModuleDeployer.lambda$referServices$6(DefaultModuleDeployer.java:396)
	at java.base/java.util.concurrent.ConcurrentHashMap$ValuesView.forEach(ConcurrentHashMap.java:4780)
	at org.apache.dubbo.config.deploy.DefaultModuleDeployer.referServices(DefaultModuleDeployer.java:376)
	at org.apache.dubbo.config.deploy.DefaultModuleDeployer.startSync(DefaultModuleDeployer.java:167)
	at org.apache.dubbo.config.deploy.DefaultModuleDeployer.start(DefaultModuleDeployer.java:139)
	at org.apache.dubbo.config.spring.context.DubboDeployApplicationListener.onContextRefreshedEvent(DubboDeployApplicationListener.java:113)
	at org.apache.dubbo.config.spring.context.DubboDeployApplicationListener.onApplicationEvent(DubboDeployApplicationListener.java:102)
	at org.apache.dubbo.config.spring.context.DubboDeployApplicationListener.onApplicationEvent(DubboDeployApplicationListener.java:47)
	at org.springframework.context.event.SimpleApplicationEventMulticaster.doInvokeListener(SimpleApplicationEventMulticaster.java:176)
	at org.springframework.context.event.SimpleApplicationEventMulticaster.invokeListener(SimpleApplicationEventMulticaster.java:169)
	at org.springframework.context.event.SimpleApplicationEventMulticaster.multicastEvent(SimpleApplicationEventMulticaster.java:143)
	at org.springframework.context.support.AbstractApplicationContext.publishEvent(AbstractApplicationContext.java:413)
	at org.springframework.context.support.AbstractApplicationContext.publishEvent(AbstractApplicationContext.java:370)
	at org.springframework.context.support.AbstractApplicationContext.finishRefresh(AbstractApplicationContext.java:937)
	at org.springframework.context.support.AbstractApplicationContext.refresh(AbstractApplicationContext.java:587)
	at org.springframework.boot.SpringApplication.refresh(SpringApplication.java:732)
	at org.springframework.boot.SpringApplication.refreshContext(SpringApplication.java:434)
	at org.springframework.boot.SpringApplication.run(SpringApplication.java:310)
	at org.liyu.live.gift.provider.GiftProviderApplication.main(GiftProviderApplication.java:20)
[2024-04-30 11:27:10.658 -ERROR] o.apache.dubbo.config.ReferenceConfig    : [DUBBO] No provider available., dubbo version: 3.2.0-beta.3, current host: 10.96.54.43, error code: 2-2. This may be caused by server crashed, go to https://dubbo.apache.org/faq/2/2 to find instructions. 
java.lang.IllegalStateException: Failed to check the status of the service org.liyu.live.bank.interfaces.ILiyuCurrencyAccountRpc. No provider available for the service org.liyu.live.bank.interfaces.ILiyuCurrencyAccountRpc from the url consumer://10.96.54.43/org.liyu.live.bank.interfaces.ILiyuCurrencyAccountRpc?application=liyu-live-gift-provider&background=false&dubbo=2.0.2&executor-management-mode=default&file.cache=true&interface=org.liyu.live.bank.interfaces.ILiyuCurrencyAccountRpc&methods=consumeForSendGift,decr,getBalance,incr&pid=23784&qos.enable=true&register.ip=10.96.54.43&release=3.2.0-beta.3&side=consumer&sticky=false&timestamp=1714447628049&unloadClusterRelated=false to the consumer 10.96.54.43 use dubbo version 3.2.0-beta.3
	at org.apache.dubbo.config.ReferenceConfig.checkInvokerAvailable(ReferenceConfig.java:659)
	at org.apache.dubbo.config.ReferenceConfig.init(ReferenceConfig.java:306)
	at org.apache.dubbo.config.ReferenceConfig.get(ReferenceConfig.java:231)
	at org.apache.dubbo.config.utils.SimpleReferenceCache.get(SimpleReferenceCache.java:131)
	at org.apache.dubbo.config.deploy.DefaultModuleDeployer.lambda$referServices$6(DefaultModuleDeployer.java:396)
	at java.base/java.util.concurrent.ConcurrentHashMap$ValuesView.forEach(ConcurrentHashMap.java:4780)
	at org.apache.dubbo.config.deploy.DefaultModuleDeployer.referServices(DefaultModuleDeployer.java:376)
	at org.apache.dubbo.config.deploy.DefaultModuleDeployer.startSync(DefaultModuleDeployer.java:167)
	at org.apache.dubbo.config.deploy.DefaultModuleDeployer.start(DefaultModuleDeployer.java:139)
	at org.apache.dubbo.config.spring.context.DubboDeployApplicationListener.onContextRefreshedEvent(DubboDeployApplicationListener.java:113)
	at org.apache.dubbo.config.spring.context.DubboDeployApplicationListener.onApplicationEvent(DubboDeployApplicationListener.java:102)
	at org.apache.dubbo.config.spring.context.DubboDeployApplicationListener.onApplicationEvent(DubboDeployApplicationListener.java:47)
	at org.springframework.context.event.SimpleApplicationEventMulticaster.doInvokeListener(SimpleApplicationEventMulticaster.java:176)
	at org.springframework.context.event.SimpleApplicationEventMulticaster.invokeListener(SimpleApplicationEventMulticaster.java:169)
	at org.springframework.context.event.SimpleApplicationEventMulticaster.multicastEvent(SimpleApplicationEventMulticaster.java:143)
	at org.springframework.context.support.AbstractApplicationContext.publishEvent(AbstractApplicationContext.java:413)
	at org.springframework.context.support.AbstractApplicationContext.publishEvent(AbstractApplicationContext.java:370)
	at org.springframework.context.support.AbstractApplicationContext.finishRefresh(AbstractApplicationContext.java:937)
	at org.springframework.context.support.AbstractApplicationContext.refresh(AbstractApplicationContext.java:587)
	at org.springframework.boot.SpringApplication.refresh(SpringApplication.java:732)
	at org.springframework.boot.SpringApplication.refreshContext(SpringApplication.java:434)
	at org.springframework.boot.SpringApplication.run(SpringApplication.java:310)
	at org.liyu.live.gift.provider.GiftProviderApplication.main(GiftProviderApplication.java:20)
[2024-04-30 11:27:10.658 -ERROR] o.a.d.c.deploy.DefaultModuleDeployer     : [DUBBO] Model reference failed: Dubbo Module[1.1.1] , catch error : Failed to check the status of the service org.liyu.live.bank.interfaces.ILiyuCurrencyAccountRpc. No provider available for the service org.liyu.live.bank.interfaces.ILiyuCurrencyAccountRpc from the url consumer://10.96.54.43/org.liyu.live.bank.interfaces.ILiyuCurrencyAccountRpc?application=liyu-live-gift-provider&background=false&dubbo=2.0.2&executor-management-mode=default&file.cache=true&interface=org.liyu.live.bank.interfaces.ILiyuCurrencyAccountRpc&methods=consumeForSendGift,decr,getBalance,incr&pid=23784&qos.enable=true&register.ip=10.96.54.43&release=3.2.0-beta.3&side=consumer&sticky=false&timestamp=1714447628049&unloadClusterRelated=false to the consumer 10.96.54.43 use dubbo version 3.2.0-beta.3, dubbo version: 3.2.0-beta.3, current host: 10.96.54.43, error code: 5-15. This may be caused by , go to https://dubbo.apache.org/faq/5/15 to find instructions. 
java.lang.IllegalStateException: Failed to check the status of the service org.liyu.live.bank.interfaces.ILiyuCurrencyAccountRpc. No provider available for the service org.liyu.live.bank.interfaces.ILiyuCurrencyAccountRpc from the url consumer://10.96.54.43/org.liyu.live.bank.interfaces.ILiyuCurrencyAccountRpc?application=liyu-live-gift-provider&background=false&dubbo=2.0.2&executor-management-mode=default&file.cache=true&interface=org.liyu.live.bank.interfaces.ILiyuCurrencyAccountRpc&methods=consumeForSendGift,decr,getBalance,incr&pid=23784&qos.enable=true&register.ip=10.96.54.43&release=3.2.0-beta.3&side=consumer&sticky=false&timestamp=1714447628049&unloadClusterRelated=false to the consumer 10.96.54.43 use dubbo version 3.2.0-beta.3
	at org.apache.dubbo.config.ReferenceConfig.checkInvokerAvailable(ReferenceConfig.java:659)
	at org.apache.dubbo.config.ReferenceConfig.init(ReferenceConfig.java:306)
	at org.apache.dubbo.config.ReferenceConfig.get(ReferenceConfig.java:231)
	at org.apache.dubbo.config.utils.SimpleReferenceCache.get(SimpleReferenceCache.java:131)
	at org.apache.dubbo.config.deploy.DefaultModuleDeployer.lambda$referServices$6(DefaultModuleDeployer.java:396)
	at java.base/java.util.concurrent.ConcurrentHashMap$ValuesView.forEach(ConcurrentHashMap.java:4780)
	at org.apache.dubbo.config.deploy.DefaultModuleDeployer.referServices(DefaultModuleDeployer.java:376)
	at org.apache.dubbo.config.deploy.DefaultModuleDeployer.startSync(DefaultModuleDeployer.java:167)
	at org.apache.dubbo.config.deploy.DefaultModuleDeployer.start(DefaultModuleDeployer.java:139)
	at org.apache.dubbo.config.spring.context.DubboDeployApplicationListener.onContextRefreshedEvent(DubboDeployApplicationListener.java:113)
	at org.apache.dubbo.config.spring.context.DubboDeployApplicationListener.onApplicationEvent(DubboDeployApplicationListener.java:102)
	at org.apache.dubbo.config.spring.context.DubboDeployApplicationListener.onApplicationEvent(DubboDeployApplicationListener.java:47)
	at org.springframework.context.event.SimpleApplicationEventMulticaster.doInvokeListener(SimpleApplicationEventMulticaster.java:176)
	at org.springframework.context.event.SimpleApplicationEventMulticaster.invokeListener(SimpleApplicationEventMulticaster.java:169)
	at org.springframework.context.event.SimpleApplicationEventMulticaster.multicastEvent(SimpleApplicationEventMulticaster.java:143)
	at org.springframework.context.support.AbstractApplicationContext.publishEvent(AbstractApplicationContext.java:413)
	at org.springframework.context.support.AbstractApplicationContext.publishEvent(AbstractApplicationContext.java:370)
	at org.springframework.context.support.AbstractApplicationContext.finishRefresh(AbstractApplicationContext.java:937)
	at org.springframework.context.support.AbstractApplicationContext.refresh(AbstractApplicationContext.java:587)
	at org.springframework.boot.SpringApplication.refresh(SpringApplication.java:732)
	at org.springframework.boot.SpringApplication.refreshContext(SpringApplication.java:434)
	at org.springframework.boot.SpringApplication.run(SpringApplication.java:310)
	at org.liyu.live.gift.provider.GiftProviderApplication.main(GiftProviderApplication.java:20)
[2024-04-30 11:27:10.721 -ERROR] o.apache.dubbo.config.ReferenceConfig    : [DUBBO] No provider available., dubbo version: 3.2.0-beta.3, current host: 10.96.54.43, error code: 2-2. This may be caused by provider not started, go to https://dubbo.apache.org/faq/2/2 to find instructions. 
java.lang.IllegalStateException: Failed to check the status of the service org.liyu.live.bank.interfaces.ILiyuCurrencyAccountRpc. No provider available for the service org.liyu.live.bank.interfaces.ILiyuCurrencyAccountRpc from the url consumer://10.96.54.43/org.liyu.live.bank.interfaces.ILiyuCurrencyAccountRpc?application=liyu-live-gift-provider&background=false&dubbo=2.0.2&executor-management-mode=default&file.cache=true&interface=org.liyu.live.bank.interfaces.ILiyuCurrencyAccountRpc&methods=consumeForSendGift,decr,getBalance,incr&pid=23784&qos.enable=true&register.ip=10.96.54.43&release=3.2.0-beta.3&side=consumer&sticky=false&timestamp=1714447630659&unloadClusterRelated=false to the consumer 10.96.54.43 use dubbo version 3.2.0-beta.3
	at org.apache.dubbo.config.ReferenceConfig.checkInvokerAvailable(ReferenceConfig.java:659)
	at org.apache.dubbo.config.ReferenceConfig.init(ReferenceConfig.java:306)
	at org.apache.dubbo.config.ReferenceConfig.get(ReferenceConfig.java:231)
	at org.apache.dubbo.config.utils.SimpleReferenceCache.destroyReference(SimpleReferenceCache.java:264)
	at org.apache.dubbo.config.utils.SimpleReferenceCache.destroy(SimpleReferenceCache.java:217)
	at org.apache.dubbo.config.utils.SimpleReferenceCache.destroy(SimpleReferenceCache.java:241)
	at org.apache.dubbo.config.deploy.DefaultModuleDeployer.lambda$referServices$6(DefaultModuleDeployer.java:401)
	at java.base/java.util.concurrent.ConcurrentHashMap$ValuesView.forEach(ConcurrentHashMap.java:4780)
	at org.apache.dubbo.config.deploy.DefaultModuleDeployer.referServices(DefaultModuleDeployer.java:376)
	at org.apache.dubbo.config.deploy.DefaultModuleDeployer.startSync(DefaultModuleDeployer.java:167)
	at org.apache.dubbo.config.deploy.DefaultModuleDeployer.start(DefaultModuleDeployer.java:139)
	at org.apache.dubbo.config.spring.context.DubboDeployApplicationListener.onContextRefreshedEvent(DubboDeployApplicationListener.java:113)
	at org.apache.dubbo.config.spring.context.DubboDeployApplicationListener.onApplicationEvent(DubboDeployApplicationListener.java:102)
	at org.apache.dubbo.config.spring.context.DubboDeployApplicationListener.onApplicationEvent(DubboDeployApplicationListener.java:47)
	at org.springframework.context.event.SimpleApplicationEventMulticaster.doInvokeListener(SimpleApplicationEventMulticaster.java:176)
	at org.springframework.context.event.SimpleApplicationEventMulticaster.invokeListener(SimpleApplicationEventMulticaster.java:169)
	at org.springframework.context.event.SimpleApplicationEventMulticaster.multicastEvent(SimpleApplicationEventMulticaster.java:143)
	at org.springframework.context.support.AbstractApplicationContext.publishEvent(AbstractApplicationContext.java:413)
	at org.springframework.context.support.AbstractApplicationContext.publishEvent(AbstractApplicationContext.java:370)
	at org.springframework.context.support.AbstractApplicationContext.finishRefresh(AbstractApplicationContext.java:937)
	at org.springframework.context.support.AbstractApplicationContext.refresh(AbstractApplicationContext.java:587)
	at org.springframework.boot.SpringApplication.refresh(SpringApplication.java:732)
	at org.springframework.boot.SpringApplication.refreshContext(SpringApplication.java:434)
	at org.springframework.boot.SpringApplication.run(SpringApplication.java:310)
	at org.liyu.live.gift.provider.GiftProviderApplication.main(GiftProviderApplication.java:20)
[2024-04-30 11:27:10.740 -ERROR] o.apache.dubbo.config.ReferenceConfig    : [DUBBO] No provider available., dubbo version: 3.2.0-beta.3, current host: 10.96.54.43, error code: 2-2. This may be caused by server crashed, go to https://dubbo.apache.org/faq/2/2 to find instructions. 
java.lang.IllegalStateException: Failed to check the status of the service org.liyu.live.bank.interfaces.ILiyuCurrencyAccountRpc. No provider available for the service org.liyu.live.bank.interfaces.ILiyuCurrencyAccountRpc from the url consumer://10.96.54.43/org.liyu.live.bank.interfaces.ILiyuCurrencyAccountRpc?application=liyu-live-gift-provider&background=false&dubbo=2.0.2&executor-management-mode=default&file.cache=true&interface=org.liyu.live.bank.interfaces.ILiyuCurrencyAccountRpc&methods=consumeForSendGift,decr,getBalance,incr&pid=23784&qos.enable=true&register.ip=10.96.54.43&release=3.2.0-beta.3&side=consumer&sticky=false&timestamp=1714447630659&unloadClusterRelated=false to the consumer 10.96.54.43 use dubbo version 3.2.0-beta.3
	at org.apache.dubbo.config.ReferenceConfig.checkInvokerAvailable(ReferenceConfig.java:659)
	at org.apache.dubbo.config.ReferenceConfig.init(ReferenceConfig.java:306)
	at org.apache.dubbo.config.ReferenceConfig.get(ReferenceConfig.java:231)
	at org.apache.dubbo.config.utils.SimpleReferenceCache.destroyReference(SimpleReferenceCache.java:264)
	at org.apache.dubbo.config.utils.SimpleReferenceCache.destroy(SimpleReferenceCache.java:217)
	at org.apache.dubbo.config.utils.SimpleReferenceCache.destroy(SimpleReferenceCache.java:241)
	at org.apache.dubbo.config.deploy.DefaultModuleDeployer.lambda$referServices$6(DefaultModuleDeployer.java:401)
	at java.base/java.util.concurrent.ConcurrentHashMap$ValuesView.forEach(ConcurrentHashMap.java:4780)
	at org.apache.dubbo.config.deploy.DefaultModuleDeployer.referServices(DefaultModuleDeployer.java:376)
	at org.apache.dubbo.config.deploy.DefaultModuleDeployer.startSync(DefaultModuleDeployer.java:167)
	at org.apache.dubbo.config.deploy.DefaultModuleDeployer.start(DefaultModuleDeployer.java:139)
	at org.apache.dubbo.config.spring.context.DubboDeployApplicationListener.onContextRefreshedEvent(DubboDeployApplicationListener.java:113)
	at org.apache.dubbo.config.spring.context.DubboDeployApplicationListener.onApplicationEvent(DubboDeployApplicationListener.java:102)
	at org.apache.dubbo.config.spring.context.DubboDeployApplicationListener.onApplicationEvent(DubboDeployApplicationListener.java:47)
	at org.springframework.context.event.SimpleApplicationEventMulticaster.doInvokeListener(SimpleApplicationEventMulticaster.java:176)
	at org.springframework.context.event.SimpleApplicationEventMulticaster.invokeListener(SimpleApplicationEventMulticaster.java:169)
	at org.springframework.context.event.SimpleApplicationEventMulticaster.multicastEvent(SimpleApplicationEventMulticaster.java:143)
	at org.springframework.context.support.AbstractApplicationContext.publishEvent(AbstractApplicationContext.java:413)
	at org.springframework.context.support.AbstractApplicationContext.publishEvent(AbstractApplicationContext.java:370)
	at org.springframework.context.support.AbstractApplicationContext.finishRefresh(AbstractApplicationContext.java:937)
	at org.springframework.context.support.AbstractApplicationContext.refresh(AbstractApplicationContext.java:587)
	at org.springframework.boot.SpringApplication.refresh(SpringApplication.java:732)
	at org.springframework.boot.SpringApplication.refreshContext(SpringApplication.java:434)
	at org.springframework.boot.SpringApplication.run(SpringApplication.java:310)
	at org.liyu.live.gift.provider.GiftProviderApplication.main(GiftProviderApplication.java:20)
[2024-04-30 11:27:10.741 -ERROR] o.a.d.c.deploy.DefaultModuleDeployer     : [DUBBO] Model start failed: Dubbo Module[1.1.1] start failed: java.lang.IllegalStateException: Failed to check the status of the service org.liyu.live.bank.interfaces.ILiyuCurrencyAccountRpc. No provider available for the service org.liyu.live.bank.interfaces.ILiyuCurrencyAccountRpc from the url consumer://10.96.54.43/org.liyu.live.bank.interfaces.ILiyuCurrencyAccountRpc?application=liyu-live-gift-provider&background=false&dubbo=2.0.2&executor-management-mode=default&file.cache=true&interface=org.liyu.live.bank.interfaces.ILiyuCurrencyAccountRpc&methods=consumeForSendGift,decr,getBalance,incr&pid=23784&qos.enable=true&register.ip=10.96.54.43&release=3.2.0-beta.3&side=consumer&sticky=false&timestamp=1714447630659&unloadClusterRelated=false to the consumer 10.96.54.43 use dubbo version 3.2.0-beta.3, dubbo version: 3.2.0-beta.3, current host: 10.96.54.43, error code: 5-14. This may be caused by , go to https://dubbo.apache.org/faq/5/14 to find instructions. 
java.lang.IllegalStateException: Failed to check the status of the service org.liyu.live.bank.interfaces.ILiyuCurrencyAccountRpc. No provider available for the service org.liyu.live.bank.interfaces.ILiyuCurrencyAccountRpc from the url consumer://10.96.54.43/org.liyu.live.bank.interfaces.ILiyuCurrencyAccountRpc?application=liyu-live-gift-provider&background=false&dubbo=2.0.2&executor-management-mode=default&file.cache=true&interface=org.liyu.live.bank.interfaces.ILiyuCurrencyAccountRpc&methods=consumeForSendGift,decr,getBalance,incr&pid=23784&qos.enable=true&register.ip=10.96.54.43&release=3.2.0-beta.3&side=consumer&sticky=false&timestamp=1714447630659&unloadClusterRelated=false to the consumer 10.96.54.43 use dubbo version 3.2.0-beta.3
	at org.apache.dubbo.config.ReferenceConfig.checkInvokerAvailable(ReferenceConfig.java:659)
	at org.apache.dubbo.config.ReferenceConfig.init(ReferenceConfig.java:306)
	at org.apache.dubbo.config.ReferenceConfig.get(ReferenceConfig.java:231)
	at org.apache.dubbo.config.utils.SimpleReferenceCache.destroyReference(SimpleReferenceCache.java:264)
	at org.apache.dubbo.config.utils.SimpleReferenceCache.destroy(SimpleReferenceCache.java:217)
	at org.apache.dubbo.config.utils.SimpleReferenceCache.destroy(SimpleReferenceCache.java:241)
	at org.apache.dubbo.config.deploy.DefaultModuleDeployer.lambda$referServices$6(DefaultModuleDeployer.java:401)
	at java.base/java.util.concurrent.ConcurrentHashMap$ValuesView.forEach(ConcurrentHashMap.java:4780)
	at org.apache.dubbo.config.deploy.DefaultModuleDeployer.referServices(DefaultModuleDeployer.java:376)
	at org.apache.dubbo.config.deploy.DefaultModuleDeployer.startSync(DefaultModuleDeployer.java:167)
	at org.apache.dubbo.config.deploy.DefaultModuleDeployer.start(DefaultModuleDeployer.java:139)
	at org.apache.dubbo.config.spring.context.DubboDeployApplicationListener.onContextRefreshedEvent(DubboDeployApplicationListener.java:113)
	at org.apache.dubbo.config.spring.context.DubboDeployApplicationListener.onApplicationEvent(DubboDeployApplicationListener.java:102)
	at org.apache.dubbo.config.spring.context.DubboDeployApplicationListener.onApplicationEvent(DubboDeployApplicationListener.java:47)
	at org.springframework.context.event.SimpleApplicationEventMulticaster.doInvokeListener(SimpleApplicationEventMulticaster.java:176)
	at org.springframework.context.event.SimpleApplicationEventMulticaster.invokeListener(SimpleApplicationEventMulticaster.java:169)
	at org.springframework.context.event.SimpleApplicationEventMulticaster.multicastEvent(SimpleApplicationEventMulticaster.java:143)
	at org.springframework.context.support.AbstractApplicationContext.publishEvent(AbstractApplicationContext.java:413)
	at org.springframework.context.support.AbstractApplicationContext.publishEvent(AbstractApplicationContext.java:370)
	at org.springframework.context.support.AbstractApplicationContext.finishRefresh(AbstractApplicationContext.java:937)
	at org.springframework.context.support.AbstractApplicationContext.refresh(AbstractApplicationContext.java:587)
	at org.springframework.boot.SpringApplication.refresh(SpringApplication.java:732)
	at org.springframework.boot.SpringApplication.refreshContext(SpringApplication.java:434)
	at org.springframework.boot.SpringApplication.run(SpringApplication.java:310)
	at org.liyu.live.gift.provider.GiftProviderApplication.main(GiftProviderApplication.java:20)
[2024-04-30 11:27:11.087 -ERROR] o.a.d.c.d.DefaultApplicationDeployer     : [DUBBO] Dubbo Application[1.1](liyu-live-gift-provider) found failed module: Dubbo Module[1.1.1], dubbo version: 3.2.0-beta.3, current host: 10.96.54.43, error code: 5-14. This may be caused by , go to https://dubbo.apache.org/faq/5/14 to find instructions. 
java.lang.IllegalStateException: Failed to check the status of the service org.liyu.live.bank.interfaces.ILiyuCurrencyAccountRpc. No provider available for the service org.liyu.live.bank.interfaces.ILiyuCurrencyAccountRpc from the url consumer://10.96.54.43/org.liyu.live.bank.interfaces.ILiyuCurrencyAccountRpc?application=liyu-live-gift-provider&background=false&dubbo=2.0.2&executor-management-mode=default&file.cache=true&interface=org.liyu.live.bank.interfaces.ILiyuCurrencyAccountRpc&methods=consumeForSendGift,decr,getBalance,incr&pid=23784&qos.enable=true&register.ip=10.96.54.43&release=3.2.0-beta.3&side=consumer&sticky=false&timestamp=1714447630659&unloadClusterRelated=false to the consumer 10.96.54.43 use dubbo version 3.2.0-beta.3
	at org.apache.dubbo.config.ReferenceConfig.checkInvokerAvailable(ReferenceConfig.java:659)
	at org.apache.dubbo.config.ReferenceConfig.init(ReferenceConfig.java:306)
	at org.apache.dubbo.config.ReferenceConfig.get(ReferenceConfig.java:231)
	at org.apache.dubbo.config.utils.SimpleReferenceCache.destroyReference(SimpleReferenceCache.java:264)
	at org.apache.dubbo.config.utils.SimpleReferenceCache.destroy(SimpleReferenceCache.java:217)
	at org.apache.dubbo.config.utils.SimpleReferenceCache.destroy(SimpleReferenceCache.java:241)
	at org.apache.dubbo.config.deploy.DefaultModuleDeployer.lambda$referServices$6(DefaultModuleDeployer.java:401)
	at java.base/java.util.concurrent.ConcurrentHashMap$ValuesView.forEach(ConcurrentHashMap.java:4780)
	at org.apache.dubbo.config.deploy.DefaultModuleDeployer.referServices(DefaultModuleDeployer.java:376)
	at org.apache.dubbo.config.deploy.DefaultModuleDeployer.startSync(DefaultModuleDeployer.java:167)
	at org.apache.dubbo.config.deploy.DefaultModuleDeployer.start(DefaultModuleDeployer.java:139)
	at org.apache.dubbo.config.spring.context.DubboDeployApplicationListener.onContextRefreshedEvent(DubboDeployApplicationListener.java:113)
	at org.apache.dubbo.config.spring.context.DubboDeployApplicationListener.onApplicationEvent(DubboDeployApplicationListener.java:102)
	at org.apache.dubbo.config.spring.context.DubboDeployApplicationListener.onApplicationEvent(DubboDeployApplicationListener.java:47)
	at org.springframework.context.event.SimpleApplicationEventMulticaster.doInvokeListener(SimpleApplicationEventMulticaster.java:176)
	at org.springframework.context.event.SimpleApplicationEventMulticaster.invokeListener(SimpleApplicationEventMulticaster.java:169)
	at org.springframework.context.event.SimpleApplicationEventMulticaster.multicastEvent(SimpleApplicationEventMulticaster.java:143)
	at org.springframework.context.support.AbstractApplicationContext.publishEvent(AbstractApplicationContext.java:413)
	at org.springframework.context.support.AbstractApplicationContext.publishEvent(AbstractApplicationContext.java:370)
	at org.springframework.context.support.AbstractApplicationContext.finishRefresh(AbstractApplicationContext.java:937)
	at org.springframework.context.support.AbstractApplicationContext.refresh(AbstractApplicationContext.java:587)
	at org.springframework.boot.SpringApplication.refresh(SpringApplication.java:732)
	at org.springframework.boot.SpringApplication.refreshContext(SpringApplication.java:434)
	at org.springframework.boot.SpringApplication.run(SpringApplication.java:310)
	at org.liyu.live.gift.provider.GiftProviderApplication.main(GiftProviderApplication.java:20)
[2024-04-30 11:27:14.067 -ERROR] o.s.boot.SpringApplication               :Application run failed
java.lang.IllegalStateException: Failed to check the status of the service org.liyu.live.bank.interfaces.ILiyuCurrencyAccountRpc. No provider available for the service org.liyu.live.bank.interfaces.ILiyuCurrencyAccountRpc from the url consumer://10.96.54.43/org.liyu.live.bank.interfaces.ILiyuCurrencyAccountRpc?application=liyu-live-gift-provider&background=false&dubbo=2.0.2&executor-management-mode=default&file.cache=true&interface=org.liyu.live.bank.interfaces.ILiyuCurrencyAccountRpc&methods=consumeForSendGift,decr,getBalance,incr&pid=23784&qos.enable=true&register.ip=10.96.54.43&release=3.2.0-beta.3&side=consumer&sticky=false&timestamp=1714447630659&unloadClusterRelated=false to the consumer 10.96.54.43 use dubbo version 3.2.0-beta.3
	at org.apache.dubbo.config.ReferenceConfig.checkInvokerAvailable(ReferenceConfig.java:659)
	at org.apache.dubbo.config.ReferenceConfig.init(ReferenceConfig.java:306)
	at org.apache.dubbo.config.ReferenceConfig.get(ReferenceConfig.java:231)
	at org.apache.dubbo.config.utils.SimpleReferenceCache.destroyReference(SimpleReferenceCache.java:264)
	at org.apache.dubbo.config.utils.SimpleReferenceCache.destroy(SimpleReferenceCache.java:217)
	at org.apache.dubbo.config.utils.SimpleReferenceCache.destroy(SimpleReferenceCache.java:241)
	at org.apache.dubbo.config.deploy.DefaultModuleDeployer.lambda$referServices$6(DefaultModuleDeployer.java:401)
	at java.base/java.util.concurrent.ConcurrentHashMap$ValuesView.forEach(ConcurrentHashMap.java:4780)
	at org.apache.dubbo.config.deploy.DefaultModuleDeployer.referServices(DefaultModuleDeployer.java:376)
	at org.apache.dubbo.config.deploy.DefaultModuleDeployer.startSync(DefaultModuleDeployer.java:167)
	at org.apache.dubbo.config.deploy.DefaultModuleDeployer.start(DefaultModuleDeployer.java:139)
	at org.apache.dubbo.config.spring.context.DubboDeployApplicationListener.onContextRefreshedEvent(DubboDeployApplicationListener.java:113)
	at org.apache.dubbo.config.spring.context.DubboDeployApplicationListener.onApplicationEvent(DubboDeployApplicationListener.java:102)
	at org.apache.dubbo.config.spring.context.DubboDeployApplicationListener.onApplicationEvent(DubboDeployApplicationListener.java:47)
	at org.springframework.context.event.SimpleApplicationEventMulticaster.doInvokeListener(SimpleApplicationEventMulticaster.java:176)
	at org.springframework.context.event.SimpleApplicationEventMulticaster.invokeListener(SimpleApplicationEventMulticaster.java:169)
	at org.springframework.context.event.SimpleApplicationEventMulticaster.multicastEvent(SimpleApplicationEventMulticaster.java:143)
	at org.springframework.context.support.AbstractApplicationContext.publishEvent(AbstractApplicationContext.java:413)
	at org.springframework.context.support.AbstractApplicationContext.publishEvent(AbstractApplicationContext.java:370)
	at org.springframework.context.support.AbstractApplicationContext.finishRefresh(AbstractApplicationContext.java:937)
	at org.springframework.context.support.AbstractApplicationContext.refresh(AbstractApplicationContext.java:587)
	at org.springframework.boot.SpringApplication.refresh(SpringApplication.java:732)
	at org.springframework.boot.SpringApplication.refreshContext(SpringApplication.java:434)
	at org.springframework.boot.SpringApplication.run(SpringApplication.java:310)
	at org.liyu.live.gift.provider.GiftProviderApplication.main(GiftProviderApplication.java:20)
[2024-04-30 11:27:23.157 -ERROR] o.a.d.c.r.GlobalResourcesRepository      : [DUBBO] Creating global shared handler ..., dubbo version: 3.2.0-beta.3, current host: 10.96.54.43
[2024-04-30 11:27:27.357 -ERROR] org.apache.dubbo.qos.server.Server       : [DUBBO] qos-server can not bind localhost:22222, dubbo version: 3.2.0-beta.3, current host: 10.96.54.43, error code: 7-4. This may be caused by , go to https://dubbo.apache.org/faq/7/4 to find instructions. 
java.net.BindException: Address already in use: bind
	at java.base/sun.nio.ch.Net.bind0(Native Method)
	at java.base/sun.nio.ch.Net.bind(Net.java:555)
	at java.base/sun.nio.ch.ServerSocketChannelImpl.netBind(ServerSocketChannelImpl.java:337)
	at java.base/sun.nio.ch.ServerSocketChannelImpl.bind(ServerSocketChannelImpl.java:294)
	at io.netty.channel.socket.nio.NioServerSocketChannel.doBind(NioServerSocketChannel.java:141)
	at io.netty.channel.AbstractChannel$AbstractUnsafe.bind(AbstractChannel.java:562)
	at io.netty.channel.DefaultChannelPipeline$HeadContext.bind(DefaultChannelPipeline.java:1334)
	at io.netty.channel.AbstractChannelHandlerContext.invokeBind(AbstractChannelHandlerContext.java:600)
	at io.netty.channel.AbstractChannelHandlerContext.bind(AbstractChannelHandlerContext.java:579)
	at io.netty.channel.DefaultChannelPipeline.bind(DefaultChannelPipeline.java:973)
	at io.netty.channel.AbstractChannel.bind(AbstractChannel.java:260)
	at io.netty.bootstrap.AbstractBootstrap$2.run(AbstractBootstrap.java:356)
	at io.netty.util.concurrent.AbstractEventExecutor.runTask$$$capture(AbstractEventExecutor.java:174)
	at io.netty.util.concurrent.AbstractEventExecutor.runTask(AbstractEventExecutor.java)
	at io.netty.util.concurrent.AbstractEventExecutor.safeExecute$$$capture(AbstractEventExecutor.java:167)
	at io.netty.util.concurrent.AbstractEventExecutor.safeExecute(AbstractEventExecutor.java)
	at io.netty.util.concurrent.SingleThreadEventExecutor.runAllTasks(SingleThreadEventExecutor.java:470)
	at io.netty.channel.nio.NioEventLoop.run(NioEventLoop.java:569)
	at io.netty.util.concurrent.SingleThreadEventExecutor$4.run(SingleThreadEventExecutor.java:997)
	at io.netty.util.internal.ThreadExecutorMap$2.run(ThreadExecutorMap.java:74)
	at io.netty.util.concurrent.FastThreadLocalRunnable.run(FastThreadLocalRunnable.java:30)
	at java.base/java.lang.Thread.run(Thread.java:842)
[2024-04-30 11:35:59.051 -ERROR] o.a.d.c.r.GlobalResourcesRepository      : [DUBBO] Creating global shared handler ..., dubbo version: 3.2.0-beta.3, current host: 10.96.54.43
[2024-04-30 11:36:03.280 -ERROR] org.apache.dubbo.qos.server.Server       : [DUBBO] qos-server can not bind localhost:22222, dubbo version: 3.2.0-beta.3, current host: 10.96.54.43, error code: 7-4. This may be caused by , go to https://dubbo.apache.org/faq/7/4 to find instructions. 
java.net.BindException: Address already in use: bind
	at java.base/sun.nio.ch.Net.bind0(Native Method)
	at java.base/sun.nio.ch.Net.bind(Net.java:555)
	at java.base/sun.nio.ch.ServerSocketChannelImpl.netBind(ServerSocketChannelImpl.java:337)
	at java.base/sun.nio.ch.ServerSocketChannelImpl.bind(ServerSocketChannelImpl.java:294)
	at io.netty.channel.socket.nio.NioServerSocketChannel.doBind(NioServerSocketChannel.java:141)
	at io.netty.channel.AbstractChannel$AbstractUnsafe.bind(AbstractChannel.java:562)
	at io.netty.channel.DefaultChannelPipeline$HeadContext.bind(DefaultChannelPipeline.java:1334)
	at io.netty.channel.AbstractChannelHandlerContext.invokeBind(AbstractChannelHandlerContext.java:600)
	at io.netty.channel.AbstractChannelHandlerContext.bind(AbstractChannelHandlerContext.java:579)
	at io.netty.channel.DefaultChannelPipeline.bind(DefaultChannelPipeline.java:973)
	at io.netty.channel.AbstractChannel.bind(AbstractChannel.java:260)
	at io.netty.bootstrap.AbstractBootstrap$2.run(AbstractBootstrap.java:356)
	at io.netty.util.concurrent.AbstractEventExecutor.runTask$$$capture(AbstractEventExecutor.java:174)
	at io.netty.util.concurrent.AbstractEventExecutor.runTask(AbstractEventExecutor.java)
	at io.netty.util.concurrent.AbstractEventExecutor.safeExecute$$$capture(AbstractEventExecutor.java:167)
	at io.netty.util.concurrent.AbstractEventExecutor.safeExecute(AbstractEventExecutor.java)
	at io.netty.util.concurrent.SingleThreadEventExecutor.runAllTasks(SingleThreadEventExecutor.java:470)
	at io.netty.channel.nio.NioEventLoop.run(NioEventLoop.java:569)
	at io.netty.util.concurrent.SingleThreadEventExecutor$4.run(SingleThreadEventExecutor.java:997)
	at io.netty.util.internal.ThreadExecutorMap$2.run(ThreadExecutorMap.java:74)
	at io.netty.util.concurrent.FastThreadLocalRunnable.run(FastThreadLocalRunnable.java:30)
	at java.base/java.lang.Thread.run(Thread.java:842)
[2024-04-30 11:44:42.295 -ERROR] o.a.d.c.r.GlobalResourcesRepository      : [DUBBO] Creating global shared handler ..., dubbo version: 3.2.0-beta.3, current host: 10.96.54.43
[2024-04-30 11:44:46.026 -ERROR] org.apache.dubbo.qos.server.Server       : [DUBBO] qos-server can not bind localhost:22222, dubbo version: 3.2.0-beta.3, current host: 10.96.54.43, error code: 7-4. This may be caused by , go to https://dubbo.apache.org/faq/7/4 to find instructions. 
java.net.BindException: Address already in use: bind
	at java.base/sun.nio.ch.Net.bind0(Native Method)
	at java.base/sun.nio.ch.Net.bind(Net.java:555)
	at java.base/sun.nio.ch.ServerSocketChannelImpl.netBind(ServerSocketChannelImpl.java:337)
	at java.base/sun.nio.ch.ServerSocketChannelImpl.bind(ServerSocketChannelImpl.java:294)
	at io.netty.channel.socket.nio.NioServerSocketChannel.doBind(NioServerSocketChannel.java:141)
	at io.netty.channel.AbstractChannel$AbstractUnsafe.bind(AbstractChannel.java:562)
	at io.netty.channel.DefaultChannelPipeline$HeadContext.bind(DefaultChannelPipeline.java:1334)
	at io.netty.channel.AbstractChannelHandlerContext.invokeBind(AbstractChannelHandlerContext.java:600)
	at io.netty.channel.AbstractChannelHandlerContext.bind(AbstractChannelHandlerContext.java:579)
	at io.netty.channel.DefaultChannelPipeline.bind(DefaultChannelPipeline.java:973)
	at io.netty.channel.AbstractChannel.bind(AbstractChannel.java:260)
	at io.netty.bootstrap.AbstractBootstrap$2.run(AbstractBootstrap.java:356)
	at io.netty.util.concurrent.AbstractEventExecutor.runTask$$$capture(AbstractEventExecutor.java:174)
	at io.netty.util.concurrent.AbstractEventExecutor.runTask(AbstractEventExecutor.java)
	at io.netty.util.concurrent.AbstractEventExecutor.safeExecute$$$capture(AbstractEventExecutor.java:167)
	at io.netty.util.concurrent.AbstractEventExecutor.safeExecute(AbstractEventExecutor.java)
	at io.netty.util.concurrent.SingleThreadEventExecutor.runAllTasks(SingleThreadEventExecutor.java:470)
	at io.netty.channel.nio.NioEventLoop.run(NioEventLoop.java:569)
	at io.netty.util.concurrent.SingleThreadEventExecutor$4.run(SingleThreadEventExecutor.java:997)
	at io.netty.util.internal.ThreadExecutorMap$2.run(ThreadExecutorMap.java:74)
	at io.netty.util.concurrent.FastThreadLocalRunnable.run(FastThreadLocalRunnable.java:30)
	at java.base/java.lang.Thread.run(Thread.java:842)
[2024-04-30 11:46:58.369 -ERROR] o.a.d.c.r.GlobalResourcesRepository      : [DUBBO] Creating global shared handler ..., dubbo version: 3.2.0-beta.3, current host: 10.96.54.43
[2024-04-30 11:47:01.883 -ERROR] org.apache.dubbo.qos.server.Server       : [DUBBO] qos-server can not bind localhost:22222, dubbo version: 3.2.0-beta.3, current host: 10.96.54.43, error code: 7-4. This may be caused by , go to https://dubbo.apache.org/faq/7/4 to find instructions. 
java.net.BindException: Address already in use: bind
	at java.base/sun.nio.ch.Net.bind0(Native Method)
	at java.base/sun.nio.ch.Net.bind(Net.java:555)
	at java.base/sun.nio.ch.ServerSocketChannelImpl.netBind(ServerSocketChannelImpl.java:337)
	at java.base/sun.nio.ch.ServerSocketChannelImpl.bind(ServerSocketChannelImpl.java:294)
	at io.netty.channel.socket.nio.NioServerSocketChannel.doBind(NioServerSocketChannel.java:141)
	at io.netty.channel.AbstractChannel$AbstractUnsafe.bind(AbstractChannel.java:562)
	at io.netty.channel.DefaultChannelPipeline$HeadContext.bind(DefaultChannelPipeline.java:1334)
	at io.netty.channel.AbstractChannelHandlerContext.invokeBind(AbstractChannelHandlerContext.java:600)
	at io.netty.channel.AbstractChannelHandlerContext.bind(AbstractChannelHandlerContext.java:579)
	at io.netty.channel.DefaultChannelPipeline.bind(DefaultChannelPipeline.java:973)
	at io.netty.channel.AbstractChannel.bind(AbstractChannel.java:260)
	at io.netty.bootstrap.AbstractBootstrap$2.run(AbstractBootstrap.java:356)
	at io.netty.util.concurrent.AbstractEventExecutor.runTask$$$capture(AbstractEventExecutor.java:174)
	at io.netty.util.concurrent.AbstractEventExecutor.runTask(AbstractEventExecutor.java)
	at io.netty.util.concurrent.AbstractEventExecutor.safeExecute$$$capture(AbstractEventExecutor.java:167)
	at io.netty.util.concurrent.AbstractEventExecutor.safeExecute(AbstractEventExecutor.java)
	at io.netty.util.concurrent.SingleThreadEventExecutor.runAllTasks(SingleThreadEventExecutor.java:470)
	at io.netty.channel.nio.NioEventLoop.run(NioEventLoop.java:569)
	at io.netty.util.concurrent.SingleThreadEventExecutor$4.run(SingleThreadEventExecutor.java:997)
	at io.netty.util.internal.ThreadExecutorMap$2.run(ThreadExecutorMap.java:74)
	at io.netty.util.concurrent.FastThreadLocalRunnable.run(FastThreadLocalRunnable.java:30)
	at java.base/java.lang.Thread.run(Thread.java:842)
